GAS LISTING C:\Users\marky\AppData\Local\Temp\cca6k8fD.s 			page 1


   1              		.file	"osal.c"
   2              		.section	".text","axv"
   3              	.Ltext0:
   4              		.cfi_sections	.debug_frame
   5              		.section	.text.osalSysTimeSetup,"axv",@progbits
   6              		.align 1
   7              		.p2align 4,,15
   8              		.globl osalSysTimeSetup
   9              		.type	osalSysTimeSetup, @function
  10              	osalSysTimeSetup:
  11              	.LFB4:
  12              		.file 1 "./components/spc560bxx_osal_component_rla/lib/src/osal.c"
  13              		.loc 1 106 0
  14              		.cfi_startproc
  15              	.LVL0:
  16              		.loc 1 108 0
  17 0000 70E0E000 		e_lis %r7,.LANCHOR0@ha
  18              		.loc 1 111 0
  19              		.loc 1 108 0
  20 0004 54670000 		e_stw %r3,.LANCHOR0@l(%r7)
  21              		.loc 1 110 0
  22 0008 78000000 		e_b sysTimeSetup
  23              	.LVL1:
  24              		.cfi_endproc
  25              	.LFE4:
  26              		.size	osalSysTimeSetup, .-osalSysTimeSetup
  27              		.section	.text.osalSysTimeReset,"axv",@progbits
  28              		.align 1
  29              		.p2align 4,,15
  30              		.globl osalSysTimeReset
  31              		.type	osalSysTimeReset, @function
  32              	osalSysTimeReset:
  33              	.LFB5:
  34              		.loc 1 119 0
  35              		.cfi_startproc
  36              		.loc 1 122 0
  37              		.loc 1 121 0
  38 0000 78000000 		e_b sysTimeReset
  39              	.LVL2:
  40              		.cfi_endproc
  41              	.LFE5:
  42              		.size	osalSysTimeReset, .-osalSysTimeReset
  43              		.section	.text.osalThreadDelaySeconds,"axv",@progbits
  44              		.align 1
  45              		.p2align 4,,15
  46              		.globl osalThreadDelaySeconds
  47              		.type	osalThreadDelaySeconds, @function
  48              	osalThreadDelaySeconds:
  49              	.LFB12:
  50              		.loc 1 329 0
  51              		.cfi_startproc
  52              	.LVL3:
  53              	.LBB14:
  54              	.LBB15:
  55              		.loc 1 135 0
  56 0000 70E0E000 		e_lis %r7,.LANCHOR0@ha
  57              	.LBE15:
GAS LISTING C:\Users\marky\AppData\Local\Temp\cca6k8fD.s 			page 2


  58              	.LBE14:
  59              		.loc 1 332 0
  60              	.LBB17:
  61              	.LBB16:
  62              		.loc 1 135 0
  63 0004 50E70000 		e_lwz %r7,.LANCHOR0@l(%r7)
  64              	.LBE16:
  65              	.LBE17:
  66              		.loc 1 331 0
  67 0008 0573     		se_mullw %r3,%r7
  68              	.LVL4:
  69 000a 78000000 		e_b vTaskDelay
  70              	.LVL5:
  71              		.cfi_endproc
  72              	.LFE12:
  73              		.size	osalThreadDelaySeconds, .-osalThreadDelaySeconds
  74              		.section	.text.osalThreadDelayMilliseconds,"axv",@progbits
  75              		.align 1
  76              		.p2align 4,,15
  77              		.globl osalThreadDelayMilliseconds
  78              		.type	osalThreadDelayMilliseconds, @function
  79              	osalThreadDelayMilliseconds:
  80              	.LFB13:
  81              		.loc 1 344 0
  82              		.cfi_startproc
  83              	.LVL6:
  84              	.LBB18:
  85              	.LBB19:
  86              		.loc 1 149 0
  87 0000 70E0E000 		e_lis %r7,.LANCHOR0@ha
  88              	.LBE19:
  89              	.LBE18:
  90              		.loc 1 347 0
  91              	.LBB21:
  92              	.LBB20:
  93              		.loc 1 149 0
  94 0004 50E70000 		e_lwz %r7,.LANCHOR0@l(%r7)
  95 0008 0573     		se_mullw %r3,%r7
  96              	.LVL7:
  97 000a 70E2E062 		e_lis %r7,0x1062
  98 000e 186384FF 		e_addi %r3,%r3,-1
  99 0012 70E9C5D3 		e_or2i %r7,19923
 100 0016 7C633816 		mulhwu %r3,%r3,%r7
 101 001a 6863     		se_srwi %r3,6
 102              	.LBE20:
 103              	.LBE21:
 104              		.loc 1 346 0
 105 001c 2003     		se_addi %r3,1
 106 001e 78000000 		e_b vTaskDelay
 107              	.LVL8:
 108              		.cfi_endproc
 109              	.LFE13:
 110              		.size	osalThreadDelayMilliseconds, .-osalThreadDelayMilliseconds
 111              		.section	.text.osalThreadDelayMicroseconds,"axv",@progbits
 112              		.align 1
 113              		.p2align 4,,15
 114              		.globl osalThreadDelayMicroseconds
GAS LISTING C:\Users\marky\AppData\Local\Temp\cca6k8fD.s 			page 3


 115              		.type	osalThreadDelayMicroseconds, @function
 116              	osalThreadDelayMicroseconds:
 117              	.LFB14:
 118              		.loc 1 359 0
 119              		.cfi_startproc
 120              	.LVL9:
 121              	.LBB22:
 122              	.LBB23:
 123              		.loc 1 164 0
 124 0000 70E0E000 		e_lis %r7,.LANCHOR0@ha
 125              	.LBE23:
 126              	.LBE22:
 127              		.loc 1 362 0
 128              	.LBB25:
 129              	.LBB24:
 130              		.loc 1 164 0
 131 0004 50E70000 		e_lwz %r7,.LANCHOR0@l(%r7)
 132 0008 0573     		se_mullw %r3,%r7
 133              	.LVL10:
 134 000a 70E8E31B 		e_lis %r7,0x431b
 135 000e 186384FF 		e_addi %r3,%r3,-1
 136 0012 70FBC683 		e_or2i %r7,56963
 137 0016 7C633816 		mulhwu %r3,%r3,%r7
 138 001a 6923     		se_srwi %r3,18
 139              	.LBE24:
 140              	.LBE25:
 141              		.loc 1 361 0
 142 001c 2003     		se_addi %r3,1
 143 001e 78000000 		e_b vTaskDelay
 144              	.LVL11:
 145              		.cfi_endproc
 146              	.LFE14:
 147              		.size	osalThreadDelayMicroseconds, .-osalThreadDelayMicroseconds
 148              		.section	.text.osalThreadGetSeconds,"axv",@progbits
 149              		.align 1
 150              		.p2align 4,,15
 151              		.globl osalThreadGetSeconds
 152              		.type	osalThreadGetSeconds, @function
 153              	osalThreadGetSeconds:
 154              	.LFB15:
 155              		.loc 1 371 0
 156              		.cfi_startproc
 157 0000 182106F8 		e_stwu %r1,-8(%r1)
 158              	.LCFI0:
 159              		.cfi_def_cfa_offset 8
 160 0004 0080     		se_mflr %r0
 161 0006 D301     		se_stw %r0,12(%r1)
 162              		.cfi_offset 65, 4
 163              		.loc 1 373 0
 164 0008 78000001 		e_bl xTaskGetTickCount
 165              	.LVL12:
 166              		.loc 1 374 0
 167 000c C301     		se_lwz %r0,12(%r1)
 168 000e 0090     		se_mtlr %r0
 169              		.cfi_restore 65
 170              	.LBB26:
 171              	.LBB27:
GAS LISTING C:\Users\marky\AppData\Local\Temp\cca6k8fD.s 			page 4


 172              		.loc 1 179 0
 173 0010 70E0E000 		e_lis %r7,.LANCHOR0@ha
 174              	.LBE27:
 175              	.LBE26:
 176              		.loc 1 374 0
 177              	.LBB29:
 178              	.LBB28:
 179              		.loc 1 179 0
 180 0014 50E70000 		e_lwz %r7,.LANCHOR0@l(%r7)
 181              	.LBE28:
 182              	.LBE29:
 183              		.loc 1 374 0
 184 0018 2071     		se_addi %r1,8
 185              	.LCFI1:
 186              		.cfi_def_cfa_offset 0
 187 001a 7C633B96 		divwu %r3,%r3,%r7
 188              	.LVL13:
 189 001e 0004     		se_blr
 190              		.cfi_endproc
 191              	.LFE15:
 192              		.size	osalThreadGetSeconds, .-osalThreadGetSeconds
 193              		.section	.text.osalThreadGetMilliseconds,"axv",@progbits
 194              		.align 1
 195              		.p2align 4,,15
 196              		.globl osalThreadGetMilliseconds
 197              		.type	osalThreadGetMilliseconds, @function
 198              	osalThreadGetMilliseconds:
 199              	.LFB16:
 200              		.loc 1 383 0
 201              		.cfi_startproc
 202 0000 182106F8 		e_stwu %r1,-8(%r1)
 203              	.LCFI2:
 204              		.cfi_def_cfa_offset 8
 205 0004 0080     		se_mflr %r0
 206 0006 D301     		se_stw %r0,12(%r1)
 207              		.cfi_offset 65, 4
 208              		.loc 1 385 0
 209 0008 78000001 		e_bl xTaskGetTickCount
 210              	.LVL14:
 211              		.loc 1 386 0
 212 000c C301     		se_lwz %r0,12(%r1)
 213 000e 0090     		se_mtlr %r0
 214              		.cfi_restore 65
 215              	.LBB30:
 216              	.LBB31:
 217              		.loc 1 193 0
 218 0010 7003A3E8 		e_mull2i %r3,1000
 219              	.LVL15:
 220 0014 70E0E000 		e_lis %r7,.LANCHOR0@ha
 221              	.LBE31:
 222              	.LBE30:
 223              		.loc 1 386 0
 224              	.LBB33:
 225              	.LBB32:
 226              		.loc 1 193 0
 227 0018 50E70000 		e_lwz %r7,.LANCHOR0@l(%r7)
 228              	.LBE32:
GAS LISTING C:\Users\marky\AppData\Local\Temp\cca6k8fD.s 			page 5


 229              	.LBE33:
 230              		.loc 1 386 0
 231 001c 2071     		se_addi %r1,8
 232              	.LCFI3:
 233              		.cfi_def_cfa_offset 0
 234 001e 7C633B96 		divwu %r3,%r3,%r7
 235 0022 0004     		se_blr
 236              		.cfi_endproc
 237              	.LFE16:
 238              		.size	osalThreadGetMilliseconds, .-osalThreadGetMilliseconds
 239              		.section	.text.osalThreadGetMicroseconds,"axv",@progbits
 240              		.align 1
 241              		.p2align 4,,15
 242              		.globl osalThreadGetMicroseconds
 243              		.type	osalThreadGetMicroseconds, @function
 244              	osalThreadGetMicroseconds:
 245              	.LFB17:
 246              		.loc 1 395 0
 247              		.cfi_startproc
 248 0000 182106F8 		e_stwu %r1,-8(%r1)
 249              	.LCFI4:
 250              		.cfi_def_cfa_offset 8
 251 0004 0080     		se_mflr %r0
 252 0006 D301     		se_stw %r0,12(%r1)
 253              		.cfi_offset 65, 4
 254              		.loc 1 397 0
 255 0008 78000001 		e_bl xTaskGetTickCount
 256              	.LVL16:
 257              		.loc 1 398 0
 258 000c C301     		se_lwz %r0,12(%r1)
 259 000e 0090     		se_mtlr %r0
 260              		.cfi_restore 65
 261              	.LBB34:
 262              	.LBB35:
 263              		.loc 1 207 0
 264 0010 70E0E000 		e_lis %r7,.LANCHOR0@ha
 265              	.LBE35:
 266              	.LBE34:
 267              		.loc 1 398 0
 268              	.LBB38:
 269              	.LBB36:
 270              		.loc 1 207 0
 271 0014 50C70000 		e_lwz %r6,.LANCHOR0@l(%r7)
 272              	.LBE36:
 273              	.LBE38:
 274              		.loc 1 398 0
 275 0018 2071     		se_addi %r1,8
 276              	.LCFI5:
 277              		.cfi_def_cfa_offset 0
 278              	.LBB39:
 279              	.LBB37:
 280              		.loc 1 207 0
 281 001a 70E0E00F 		e_lis %r7,0xf
 282 001e 70E8C240 		e_or2i %r7,16960
 283 0022 0573     		se_mullw %r3,%r7
 284              	.LVL17:
 285              	.LBE37:
GAS LISTING C:\Users\marky\AppData\Local\Temp\cca6k8fD.s 			page 6


 286              	.LBE39:
 287              		.loc 1 398 0
 288 0024 7C633396 		divwu %r3,%r3,%r6
 289 0028 0004     		se_blr
 290              		.cfi_endproc
 291              	.LFE17:
 292              		.size	osalThreadGetMicroseconds, .-osalThreadGetMicroseconds
 293              		.section	.text.osalInit,"axv",@progbits
 294              		.align 1
 295              		.p2align 4,,15
 296              		.globl osalInit
 297              		.type	osalInit, @function
 298              	osalInit:
 299              	.LFB18:
 300              		.loc 1 411 0
 301              		.cfi_startproc
 302 0000 0004     		se_blr
 303              		.cfi_endproc
 304              	.LFE18:
 305              		.size	osalInit, .-osalInit
 306              		.section	.text.osalEnterCritical,"axv",@progbits
 307              		.align 1
 308              		.p2align 4,,15
 309              		.globl osalEnterCritical
 310              		.type	osalEnterCritical, @function
 311              	osalEnterCritical:
 312              	.LFB19:
 313              		.loc 1 424 0
 314              		.cfi_startproc
 315              		.loc 1 427 0
 316              		.loc 1 426 0
 317 0000 78000000 		e_b vTaskEnterCritical
 318              	.LVL18:
 319              		.cfi_endproc
 320              	.LFE19:
 321              		.size	osalEnterCritical, .-osalEnterCritical
 322              		.section	.text.osalExitCritical,"axv",@progbits
 323              		.align 1
 324              		.p2align 4,,15
 325              		.globl osalExitCritical
 326              		.type	osalExitCritical, @function
 327              	osalExitCritical:
 328              	.LFB20:
 329              		.loc 1 434 0
 330              		.cfi_startproc
 331              		.loc 1 437 0
 332              		.loc 1 436 0
 333 0000 78000000 		e_b vTaskExitCritical
 334              	.LVL19:
 335              		.cfi_endproc
 336              	.LFE20:
 337              		.size	osalExitCritical, .-osalExitCritical
 338              		.section	.text.osalEnterCriticalFromISR,"axv",@progbits
 339              		.align 1
 340              		.p2align 4,,15
 341              		.globl osalEnterCriticalFromISR
 342              		.type	osalEnterCriticalFromISR, @function
GAS LISTING C:\Users\marky\AppData\Local\Temp\cca6k8fD.s 			page 7


 343              	osalEnterCriticalFromISR:
 344              	.LFB21:
 345              		.loc 1 444 0
 346              		.cfi_startproc
 347 0000 0004     		se_blr
 348              		.cfi_endproc
 349              	.LFE21:
 350              		.size	osalEnterCriticalFromISR, .-osalEnterCriticalFromISR
 351              		.section	.text.osalExitCriticalFromISR,"axv",@progbits
 352              		.align 1
 353              		.p2align 4,,15
 354              		.globl osalExitCriticalFromISR
 355              		.type	osalExitCriticalFromISR, @function
 356              	osalExitCriticalFromISR:
 357              	.LFB22:
 358              		.loc 1 456 0
 359              		.cfi_startproc
 360 0000 0004     		se_blr
 361              		.cfi_endproc
 362              	.LFE22:
 363              		.size	osalExitCriticalFromISR, .-osalExitCriticalFromISR
 364              		.section	.bss.osal_ticks_per_sec,"aw",@nobits
 365              		.align 2
 366              		.set	.LANCHOR0,. + 0
 367              		.type	osal_ticks_per_sec, @object
 368              		.size	osal_ticks_per_sec, 4
 369              	osal_ticks_per_sec:
 370 0000 00000000 		.zero	4
 371              		.section	".text","axv"
 372              	.Letext0:
 373              		.file 2 "c:\\spc5studio\\eclipse\\plugins\\com.st.tools.spc5.tools.gnu.gcc.ppcvle.win32_4.9.4.2018
 374              		.file 3 "c:\\spc5studio\\eclipse\\plugins\\com.st.tools.spc5.tools.gnu.gcc.ppcvle.win32_4.9.4.2018
 375              		.file 4 "./components/spc5_freertos_component_rla/lib/portable/portmacro.h"
 376              		.file 5 "./components/spc560bxx_osal_component_rla/lib/include/osal.h"
 377              		.file 6 "./components/spc560bxx_osal_component_rla/lib/include/systimer.h"
 378              		.file 7 "./components/spc5_freertos_component_rla/lib/include/task.h"
 379              		.section	.debug_info,"",@progbits
 380              	.Ldebug_info0:
 381 0000 00000479 		.4byte	0x479
 382 0004 0002     		.2byte	0x2
 383 0006 00000000 		.4byte	.Ldebug_abbrev0
 384 000a 04       		.byte	0x4
 385 000b 01       		.uleb128 0x1
 386 000c 00000000 		.4byte	.LASF43
 387 0010 01       		.byte	0x1
 388 0011 00000000 		.4byte	.LASF44
 389 0015 00000000 		.4byte	.LASF45
 390 0019 00000000 		.4byte	.Ldebug_ranges0+0x98
 391 001d 00000000 		.4byte	0
 392 0021 00000000 		.4byte	0
 393 0025 00000000 		.4byte	.Ldebug_line0
 394 0029 02       		.uleb128 0x2
 395 002a 01       		.byte	0x1
 396 002b 06       		.byte	0x6
 397 002c 00000000 		.4byte	.LASF0
 398 0030 02       		.uleb128 0x2
 399 0031 01       		.byte	0x1
GAS LISTING C:\Users\marky\AppData\Local\Temp\cca6k8fD.s 			page 8


 400 0032 08       		.byte	0x8
 401 0033 00000000 		.4byte	.LASF1
 402 0037 02       		.uleb128 0x2
 403 0038 02       		.byte	0x2
 404 0039 05       		.byte	0x5
 405 003a 00000000 		.4byte	.LASF2
 406 003e 02       		.uleb128 0x2
 407 003f 02       		.byte	0x2
 408 0040 07       		.byte	0x7
 409 0041 00000000 		.4byte	.LASF3
 410 0045 02       		.uleb128 0x2
 411 0046 04       		.byte	0x4
 412 0047 05       		.byte	0x5
 413 0048 00000000 		.4byte	.LASF4
 414 004c 03       		.uleb128 0x3
 415 004d 00000000 		.4byte	.LASF9
 416 0051 02       		.byte	0x2
 417 0052 41       		.byte	0x41
 418 0053 00000057 		.4byte	0x57
 419 0057 02       		.uleb128 0x2
 420 0058 04       		.byte	0x4
 421 0059 07       		.byte	0x7
 422 005a 00000000 		.4byte	.LASF5
 423 005e 02       		.uleb128 0x2
 424 005f 08       		.byte	0x8
 425 0060 05       		.byte	0x5
 426 0061 00000000 		.4byte	.LASF6
 427 0065 02       		.uleb128 0x2
 428 0066 08       		.byte	0x8
 429 0067 07       		.byte	0x7
 430 0068 00000000 		.4byte	.LASF7
 431 006c 04       		.uleb128 0x4
 432 006d 04       		.byte	0x4
 433 006e 05       		.byte	0x5
 434 006f 696E7400 		.string	"int"
 435 0073 02       		.uleb128 0x2
 436 0074 04       		.byte	0x4
 437 0075 07       		.byte	0x7
 438 0076 00000000 		.4byte	.LASF8
 439 007a 03       		.uleb128 0x3
 440 007b 00000000 		.4byte	.LASF10
 441 007f 03       		.byte	0x3
 442 0080 2D       		.byte	0x2d
 443 0081 0000004C 		.4byte	0x4c
 444 0085 02       		.uleb128 0x2
 445 0086 04       		.byte	0x4
 446 0087 07       		.byte	0x7
 447 0088 00000000 		.4byte	.LASF11
 448 008c 03       		.uleb128 0x3
 449 008d 00000000 		.4byte	.LASF12
 450 0091 04       		.byte	0x4
 451 0092 69       		.byte	0x69
 452 0093 00000057 		.4byte	0x57
 453 0097 02       		.uleb128 0x2
 454 0098 01       		.byte	0x1
 455 0099 08       		.byte	0x8
 456 009a 00000000 		.4byte	.LASF13
GAS LISTING C:\Users\marky\AppData\Local\Temp\cca6k8fD.s 			page 9


 457 009e 03       		.uleb128 0x3
 458 009f 00000000 		.4byte	.LASF14
 459 00a3 05       		.byte	0x5
 460 00a4 4C       		.byte	0x4c
 461 00a5 0000007A 		.4byte	0x7a
 462 00a9 05       		.uleb128 0x5
 463 00aa 00000000 		.4byte	.LASF15
 464 00ae 01       		.byte	0x1
 465 00af 86       		.byte	0x86
 466 00b0 01       		.byte	0x1
 467 00b1 0000009E 		.4byte	0x9e
 468 00b5 03       		.byte	0x3
 469 00b6 000000C6 		.4byte	0xc6
 470 00ba 06       		.uleb128 0x6
 471 00bb 73656300 		.string	"sec"
 472 00bf 01       		.byte	0x1
 473 00c0 86       		.byte	0x86
 474 00c1 0000007A 		.4byte	0x7a
 475 00c5 00       		.byte	0
 476 00c6 05       		.uleb128 0x5
 477 00c7 00000000 		.4byte	.LASF16
 478 00cb 01       		.byte	0x1
 479 00cc 94       		.byte	0x94
 480 00cd 01       		.byte	0x1
 481 00ce 0000009E 		.4byte	0x9e
 482 00d2 03       		.byte	0x3
 483 00d3 000000E3 		.4byte	0xe3
 484 00d7 07       		.uleb128 0x7
 485 00d8 00000000 		.4byte	.LASF17
 486 00dc 01       		.byte	0x1
 487 00dd 94       		.byte	0x94
 488 00de 0000007A 		.4byte	0x7a
 489 00e2 00       		.byte	0
 490 00e3 05       		.uleb128 0x5
 491 00e4 00000000 		.4byte	.LASF18
 492 00e8 01       		.byte	0x1
 493 00e9 A3       		.byte	0xa3
 494 00ea 01       		.byte	0x1
 495 00eb 0000009E 		.4byte	0x9e
 496 00ef 03       		.byte	0x3
 497 00f0 00000100 		.4byte	0x100
 498 00f4 07       		.uleb128 0x7
 499 00f5 00000000 		.4byte	.LASF19
 500 00f9 01       		.byte	0x1
 501 00fa A3       		.byte	0xa3
 502 00fb 0000007A 		.4byte	0x7a
 503 00ff 00       		.byte	0
 504 0100 05       		.uleb128 0x5
 505 0101 00000000 		.4byte	.LASF20
 506 0105 01       		.byte	0x1
 507 0106 B2       		.byte	0xb2
 508 0107 01       		.byte	0x1
 509 0108 0000007A 		.4byte	0x7a
 510 010c 03       		.byte	0x3
 511 010d 0000011D 		.4byte	0x11d
 512 0111 07       		.uleb128 0x7
 513 0112 00000000 		.4byte	.LASF21
GAS LISTING C:\Users\marky\AppData\Local\Temp\cca6k8fD.s 			page 10


 514 0116 01       		.byte	0x1
 515 0117 B2       		.byte	0xb2
 516 0118 0000009E 		.4byte	0x9e
 517 011c 00       		.byte	0
 518 011d 05       		.uleb128 0x5
 519 011e 00000000 		.4byte	.LASF22
 520 0122 01       		.byte	0x1
 521 0123 C0       		.byte	0xc0
 522 0124 01       		.byte	0x1
 523 0125 0000007A 		.4byte	0x7a
 524 0129 03       		.byte	0x3
 525 012a 0000013A 		.4byte	0x13a
 526 012e 07       		.uleb128 0x7
 527 012f 00000000 		.4byte	.LASF21
 528 0133 01       		.byte	0x1
 529 0134 C0       		.byte	0xc0
 530 0135 0000009E 		.4byte	0x9e
 531 0139 00       		.byte	0
 532 013a 05       		.uleb128 0x5
 533 013b 00000000 		.4byte	.LASF23
 534 013f 01       		.byte	0x1
 535 0140 CE       		.byte	0xce
 536 0141 01       		.byte	0x1
 537 0142 0000007A 		.4byte	0x7a
 538 0146 03       		.byte	0x3
 539 0147 00000157 		.4byte	0x157
 540 014b 07       		.uleb128 0x7
 541 014c 00000000 		.4byte	.LASF21
 542 0150 01       		.byte	0x1
 543 0151 CE       		.byte	0xce
 544 0152 0000009E 		.4byte	0x9e
 545 0156 00       		.byte	0
 546 0157 08       		.uleb128 0x8
 547 0158 01       		.byte	0x1
 548 0159 00000000 		.4byte	.LASF24
 549 015d 01       		.byte	0x1
 550 015e 69       		.byte	0x69
 551 015f 01       		.byte	0x1
 552 0160 00000000 		.4byte	.LFB4
 553 0164 00000000 		.4byte	.LFE4
 554 0168 02       		.byte	0x2
 555 0169 71       		.byte	0x71
 556 016a 00       		.sleb128 0
 557 016b 01       		.byte	0x1
 558 016c 00000192 		.4byte	0x192
 559 0170 09       		.uleb128 0x9
 560 0171 00000000 		.4byte	.LASF27
 561 0175 01       		.byte	0x1
 562 0176 69       		.byte	0x69
 563 0177 0000007A 		.4byte	0x7a
 564 017b 00000000 		.4byte	.LLST0
 565 017f 0A       		.uleb128 0xa
 566 0180 00000000 		.4byte	.LVL1
 567 0184 01       		.byte	0x1
 568 0185 00000421 		.4byte	0x421
 569 0189 0B       		.uleb128 0xb
 570 018a 01       		.byte	0x1
GAS LISTING C:\Users\marky\AppData\Local\Temp\cca6k8fD.s 			page 11


 571 018b 53       		.byte	0x53
 572 018c 03       		.byte	0x3
 573 018d F3       		.byte	0xf3
 574 018e 01       		.uleb128 0x1
 575 018f 53       		.byte	0x53
 576 0190 00       		.byte	0
 577 0191 00       		.byte	0
 578 0192 08       		.uleb128 0x8
 579 0193 01       		.byte	0x1
 580 0194 00000000 		.4byte	.LASF25
 581 0198 01       		.byte	0x1
 582 0199 76       		.byte	0x76
 583 019a 01       		.byte	0x1
 584 019b 00000000 		.4byte	.LFB5
 585 019f 00000000 		.4byte	.LFE5
 586 01a3 02       		.byte	0x2
 587 01a4 71       		.byte	0x71
 588 01a5 00       		.sleb128 0
 589 01a6 01       		.byte	0x1
 590 01a7 000001B6 		.4byte	0x1b6
 591 01ab 0C       		.uleb128 0xc
 592 01ac 00000000 		.4byte	.LVL2
 593 01b0 01       		.byte	0x1
 594 01b1 00000435 		.4byte	0x435
 595 01b5 00       		.byte	0
 596 01b6 0D       		.uleb128 0xd
 597 01b7 01       		.byte	0x1
 598 01b8 00000000 		.4byte	.LASF26
 599 01bc 01       		.byte	0x1
 600 01bd 0149     		.2byte	0x149
 601 01bf 01       		.byte	0x1
 602 01c0 00000000 		.4byte	.LFB12
 603 01c4 00000000 		.4byte	.LFE12
 604 01c8 02       		.byte	0x2
 605 01c9 71       		.byte	0x71
 606 01ca 00       		.sleb128 0
 607 01cb 01       		.byte	0x1
 608 01cc 00000209 		.4byte	0x209
 609 01d0 0E       		.uleb128 0xe
 610 01d1 73656300 		.string	"sec"
 611 01d5 01       		.byte	0x1
 612 01d6 0149     		.2byte	0x149
 613 01d8 0000007A 		.4byte	0x7a
 614 01dc 00000000 		.4byte	.LLST1
 615 01e0 0F       		.uleb128 0xf
 616 01e1 000000A9 		.4byte	0xa9
 617 01e5 00000000 		.4byte	.LBB14
 618 01e9 00000000 		.4byte	.Ldebug_ranges0+0
 619 01ed 01       		.byte	0x1
 620 01ee 014B     		.2byte	0x14b
 621 01f0 000001FE 		.4byte	0x1fe
 622 01f4 10       		.uleb128 0x10
 623 01f5 000000BA 		.4byte	0xba
 624 01f9 00000000 		.4byte	.LLST1
 625 01fd 00       		.byte	0
 626 01fe 0C       		.uleb128 0xc
 627 01ff 00000000 		.4byte	.LVL5
GAS LISTING C:\Users\marky\AppData\Local\Temp\cca6k8fD.s 			page 12


 628 0203 01       		.byte	0x1
 629 0204 0000043F 		.4byte	0x43f
 630 0208 00       		.byte	0
 631 0209 0D       		.uleb128 0xd
 632 020a 01       		.byte	0x1
 633 020b 00000000 		.4byte	.LASF28
 634 020f 01       		.byte	0x1
 635 0210 0158     		.2byte	0x158
 636 0212 01       		.byte	0x1
 637 0213 00000000 		.4byte	.LFB13
 638 0217 00000000 		.4byte	.LFE13
 639 021b 02       		.byte	0x2
 640 021c 71       		.byte	0x71
 641 021d 00       		.sleb128 0
 642 021e 01       		.byte	0x1
 643 021f 0000025C 		.4byte	0x25c
 644 0223 11       		.uleb128 0x11
 645 0224 00000000 		.4byte	.LASF17
 646 0228 01       		.byte	0x1
 647 0229 0158     		.2byte	0x158
 648 022b 0000007A 		.4byte	0x7a
 649 022f 00000000 		.4byte	.LLST3
 650 0233 0F       		.uleb128 0xf
 651 0234 000000C6 		.4byte	0xc6
 652 0238 00000000 		.4byte	.LBB18
 653 023c 00000000 		.4byte	.Ldebug_ranges0+0x18
 654 0240 01       		.byte	0x1
 655 0241 015A     		.2byte	0x15a
 656 0243 00000251 		.4byte	0x251
 657 0247 10       		.uleb128 0x10
 658 0248 000000D7 		.4byte	0xd7
 659 024c 00000000 		.4byte	.LLST3
 660 0250 00       		.byte	0
 661 0251 0C       		.uleb128 0xc
 662 0252 00000000 		.4byte	.LVL8
 663 0256 01       		.byte	0x1
 664 0257 0000043F 		.4byte	0x43f
 665 025b 00       		.byte	0
 666 025c 0D       		.uleb128 0xd
 667 025d 01       		.byte	0x1
 668 025e 00000000 		.4byte	.LASF29
 669 0262 01       		.byte	0x1
 670 0263 0167     		.2byte	0x167
 671 0265 01       		.byte	0x1
 672 0266 00000000 		.4byte	.LFB14
 673 026a 00000000 		.4byte	.LFE14
 674 026e 02       		.byte	0x2
 675 026f 71       		.byte	0x71
 676 0270 00       		.sleb128 0
 677 0271 01       		.byte	0x1
 678 0272 000002AF 		.4byte	0x2af
 679 0276 11       		.uleb128 0x11
 680 0277 00000000 		.4byte	.LASF19
 681 027b 01       		.byte	0x1
 682 027c 0167     		.2byte	0x167
 683 027e 0000007A 		.4byte	0x7a
 684 0282 00000000 		.4byte	.LLST5
GAS LISTING C:\Users\marky\AppData\Local\Temp\cca6k8fD.s 			page 13


 685 0286 0F       		.uleb128 0xf
 686 0287 000000E3 		.4byte	0xe3
 687 028b 00000000 		.4byte	.LBB22
 688 028f 00000000 		.4byte	.Ldebug_ranges0+0x30
 689 0293 01       		.byte	0x1
 690 0294 0169     		.2byte	0x169
 691 0296 000002A4 		.4byte	0x2a4
 692 029a 10       		.uleb128 0x10
 693 029b 000000F4 		.4byte	0xf4
 694 029f 00000000 		.4byte	.LLST5
 695 02a3 00       		.byte	0
 696 02a4 0C       		.uleb128 0xc
 697 02a5 00000000 		.4byte	.LVL11
 698 02a9 01       		.byte	0x1
 699 02aa 0000043F 		.4byte	0x43f
 700 02ae 00       		.byte	0
 701 02af 12       		.uleb128 0x12
 702 02b0 01       		.byte	0x1
 703 02b1 00000000 		.4byte	.LASF30
 704 02b5 01       		.byte	0x1
 705 02b6 0173     		.2byte	0x173
 706 02b8 01       		.byte	0x1
 707 02b9 0000007A 		.4byte	0x7a
 708 02bd 00000000 		.4byte	.LFB15
 709 02c1 00000000 		.4byte	.LFE15
 710 02c5 00000000 		.4byte	.LLST7
 711 02c9 01       		.byte	0x1
 712 02ca 000002F6 		.4byte	0x2f6
 713 02ce 0F       		.uleb128 0xf
 714 02cf 00000100 		.4byte	0x100
 715 02d3 00000000 		.4byte	.LBB26
 716 02d7 00000000 		.4byte	.Ldebug_ranges0+0x48
 717 02db 01       		.byte	0x1
 718 02dc 0175     		.2byte	0x175
 719 02de 000002EC 		.4byte	0x2ec
 720 02e2 10       		.uleb128 0x10
 721 02e3 00000111 		.4byte	0x111
 722 02e7 00000000 		.4byte	.LLST8
 723 02eb 00       		.byte	0
 724 02ec 13       		.uleb128 0x13
 725 02ed 00000000 		.4byte	.LVL12
 726 02f1 00000459 		.4byte	0x459
 727 02f5 00       		.byte	0
 728 02f6 12       		.uleb128 0x12
 729 02f7 01       		.byte	0x1
 730 02f8 00000000 		.4byte	.LASF31
 731 02fc 01       		.byte	0x1
 732 02fd 017F     		.2byte	0x17f
 733 02ff 01       		.byte	0x1
 734 0300 0000007A 		.4byte	0x7a
 735 0304 00000000 		.4byte	.LFB16
 736 0308 00000000 		.4byte	.LFE16
 737 030c 00000000 		.4byte	.LLST9
 738 0310 01       		.byte	0x1
 739 0311 0000033D 		.4byte	0x33d
 740 0315 0F       		.uleb128 0xf
 741 0316 0000011D 		.4byte	0x11d
GAS LISTING C:\Users\marky\AppData\Local\Temp\cca6k8fD.s 			page 14


 742 031a 00000000 		.4byte	.LBB30
 743 031e 00000000 		.4byte	.Ldebug_ranges0+0x60
 744 0322 01       		.byte	0x1
 745 0323 0181     		.2byte	0x181
 746 0325 00000333 		.4byte	0x333
 747 0329 10       		.uleb128 0x10
 748 032a 0000012E 		.4byte	0x12e
 749 032e 00000000 		.4byte	.LLST10
 750 0332 00       		.byte	0
 751 0333 13       		.uleb128 0x13
 752 0334 00000000 		.4byte	.LVL14
 753 0338 00000459 		.4byte	0x459
 754 033c 00       		.byte	0
 755 033d 12       		.uleb128 0x12
 756 033e 01       		.byte	0x1
 757 033f 00000000 		.4byte	.LASF32
 758 0343 01       		.byte	0x1
 759 0344 018B     		.2byte	0x18b
 760 0346 01       		.byte	0x1
 761 0347 0000007A 		.4byte	0x7a
 762 034b 00000000 		.4byte	.LFB17
 763 034f 00000000 		.4byte	.LFE17
 764 0353 00000000 		.4byte	.LLST11
 765 0357 01       		.byte	0x1
 766 0358 00000384 		.4byte	0x384
 767 035c 0F       		.uleb128 0xf
 768 035d 0000013A 		.4byte	0x13a
 769 0361 00000000 		.4byte	.LBB34
 770 0365 00000000 		.4byte	.Ldebug_ranges0+0x78
 771 0369 01       		.byte	0x1
 772 036a 018D     		.2byte	0x18d
 773 036c 0000037A 		.4byte	0x37a
 774 0370 10       		.uleb128 0x10
 775 0371 0000014B 		.4byte	0x14b
 776 0375 00000000 		.4byte	.LLST12
 777 0379 00       		.byte	0
 778 037a 13       		.uleb128 0x13
 779 037b 00000000 		.4byte	.LVL16
 780 037f 00000459 		.4byte	0x459
 781 0383 00       		.byte	0
 782 0384 14       		.uleb128 0x14
 783 0385 01       		.byte	0x1
 784 0386 00000000 		.4byte	.LASF35
 785 038a 01       		.byte	0x1
 786 038b 019B     		.2byte	0x19b
 787 038d 01       		.byte	0x1
 788 038e 00000000 		.4byte	.LFB18
 789 0392 00000000 		.4byte	.LFE18
 790 0396 02       		.byte	0x2
 791 0397 71       		.byte	0x71
 792 0398 00       		.sleb128 0
 793 0399 01       		.byte	0x1
 794 039a 0D       		.uleb128 0xd
 795 039b 01       		.byte	0x1
 796 039c 00000000 		.4byte	.LASF33
 797 03a0 01       		.byte	0x1
 798 03a1 01A8     		.2byte	0x1a8
GAS LISTING C:\Users\marky\AppData\Local\Temp\cca6k8fD.s 			page 15


 799 03a3 01       		.byte	0x1
 800 03a4 00000000 		.4byte	.LFB19
 801 03a8 00000000 		.4byte	.LFE19
 802 03ac 02       		.byte	0x2
 803 03ad 71       		.byte	0x71
 804 03ae 00       		.sleb128 0
 805 03af 01       		.byte	0x1
 806 03b0 000003BF 		.4byte	0x3bf
 807 03b4 0C       		.uleb128 0xc
 808 03b5 00000000 		.4byte	.LVL18
 809 03b9 01       		.byte	0x1
 810 03ba 00000468 		.4byte	0x468
 811 03be 00       		.byte	0
 812 03bf 0D       		.uleb128 0xd
 813 03c0 01       		.byte	0x1
 814 03c1 00000000 		.4byte	.LASF34
 815 03c5 01       		.byte	0x1
 816 03c6 01B2     		.2byte	0x1b2
 817 03c8 01       		.byte	0x1
 818 03c9 00000000 		.4byte	.LFB20
 819 03cd 00000000 		.4byte	.LFE20
 820 03d1 02       		.byte	0x2
 821 03d2 71       		.byte	0x71
 822 03d3 00       		.sleb128 0
 823 03d4 01       		.byte	0x1
 824 03d5 000003E4 		.4byte	0x3e4
 825 03d9 0C       		.uleb128 0xc
 826 03da 00000000 		.4byte	.LVL19
 827 03de 01       		.byte	0x1
 828 03df 00000472 		.4byte	0x472
 829 03e3 00       		.byte	0
 830 03e4 14       		.uleb128 0x14
 831 03e5 01       		.byte	0x1
 832 03e6 00000000 		.4byte	.LASF36
 833 03ea 01       		.byte	0x1
 834 03eb 01BC     		.2byte	0x1bc
 835 03ed 01       		.byte	0x1
 836 03ee 00000000 		.4byte	.LFB21
 837 03f2 00000000 		.4byte	.LFE21
 838 03f6 02       		.byte	0x2
 839 03f7 71       		.byte	0x71
 840 03f8 00       		.sleb128 0
 841 03f9 01       		.byte	0x1
 842 03fa 14       		.uleb128 0x14
 843 03fb 01       		.byte	0x1
 844 03fc 00000000 		.4byte	.LASF37
 845 0400 01       		.byte	0x1
 846 0401 01C8     		.2byte	0x1c8
 847 0403 01       		.byte	0x1
 848 0404 00000000 		.4byte	.LFB22
 849 0408 00000000 		.4byte	.LFE22
 850 040c 02       		.byte	0x2
 851 040d 71       		.byte	0x71
 852 040e 00       		.sleb128 0
 853 040f 01       		.byte	0x1
 854 0410 15       		.uleb128 0x15
 855 0411 00000000 		.4byte	.LASF46
GAS LISTING C:\Users\marky\AppData\Local\Temp\cca6k8fD.s 			page 16


 856 0415 01       		.byte	0x1
 857 0416 4E       		.byte	0x4e
 858 0417 0000007A 		.4byte	0x7a
 859 041b 05       		.byte	0x5
 860 041c 03       		.byte	0x3
 861 041d 00000000 		.4byte	osal_ticks_per_sec
 862 0421 16       		.uleb128 0x16
 863 0422 01       		.byte	0x1
 864 0423 00000000 		.4byte	.LASF38
 865 0427 06       		.byte	0x6
 866 0428 4B       		.byte	0x4b
 867 0429 01       		.byte	0x1
 868 042a 01       		.byte	0x1
 869 042b 00000435 		.4byte	0x435
 870 042f 17       		.uleb128 0x17
 871 0430 0000007A 		.4byte	0x7a
 872 0434 00       		.byte	0
 873 0435 18       		.uleb128 0x18
 874 0436 01       		.byte	0x1
 875 0437 00000000 		.4byte	.LASF40
 876 043b 06       		.byte	0x6
 877 043c 4C       		.byte	0x4c
 878 043d 01       		.byte	0x1
 879 043e 01       		.byte	0x1
 880 043f 19       		.uleb128 0x19
 881 0440 01       		.byte	0x1
 882 0441 00000000 		.4byte	.LASF39
 883 0445 07       		.byte	0x7
 884 0446 0309     		.2byte	0x309
 885 0448 01       		.byte	0x1
 886 0449 01       		.byte	0x1
 887 044a 00000454 		.4byte	0x454
 888 044e 17       		.uleb128 0x17
 889 044f 00000454 		.4byte	0x454
 890 0453 00       		.byte	0
 891 0454 1A       		.uleb128 0x1a
 892 0455 0000008C 		.4byte	0x8c
 893 0459 1B       		.uleb128 0x1b
 894 045a 01       		.byte	0x1
 895 045b 00000000 		.4byte	.LASF47
 896 045f 07       		.byte	0x7
 897 0460 0560     		.2byte	0x560
 898 0462 01       		.byte	0x1
 899 0463 0000008C 		.4byte	0x8c
 900 0467 01       		.byte	0x1
 901 0468 18       		.uleb128 0x18
 902 0469 01       		.byte	0x1
 903 046a 00000000 		.4byte	.LASF41
 904 046e 04       		.byte	0x4
 905 046f 79       		.byte	0x79
 906 0470 01       		.byte	0x1
 907 0471 01       		.byte	0x1
 908 0472 18       		.uleb128 0x18
 909 0473 01       		.byte	0x1
 910 0474 00000000 		.4byte	.LASF42
 911 0478 04       		.byte	0x4
 912 0479 7A       		.byte	0x7a
GAS LISTING C:\Users\marky\AppData\Local\Temp\cca6k8fD.s 			page 17


 913 047a 01       		.byte	0x1
 914 047b 01       		.byte	0x1
 915 047c 00       		.byte	0
 916              		.section	.debug_abbrev,"",@progbits
 917              	.Ldebug_abbrev0:
 918 0000 01       		.uleb128 0x1
 919 0001 11       		.uleb128 0x11
 920 0002 01       		.byte	0x1
 921 0003 25       		.uleb128 0x25
 922 0004 0E       		.uleb128 0xe
 923 0005 13       		.uleb128 0x13
 924 0006 0B       		.uleb128 0xb
 925 0007 03       		.uleb128 0x3
 926 0008 0E       		.uleb128 0xe
 927 0009 1B       		.uleb128 0x1b
 928 000a 0E       		.uleb128 0xe
 929 000b 55       		.uleb128 0x55
 930 000c 06       		.uleb128 0x6
 931 000d 11       		.uleb128 0x11
 932 000e 01       		.uleb128 0x1
 933 000f 52       		.uleb128 0x52
 934 0010 01       		.uleb128 0x1
 935 0011 10       		.uleb128 0x10
 936 0012 06       		.uleb128 0x6
 937 0013 00       		.byte	0
 938 0014 00       		.byte	0
 939 0015 02       		.uleb128 0x2
 940 0016 24       		.uleb128 0x24
 941 0017 00       		.byte	0
 942 0018 0B       		.uleb128 0xb
 943 0019 0B       		.uleb128 0xb
 944 001a 3E       		.uleb128 0x3e
 945 001b 0B       		.uleb128 0xb
 946 001c 03       		.uleb128 0x3
 947 001d 0E       		.uleb128 0xe
 948 001e 00       		.byte	0
 949 001f 00       		.byte	0
 950 0020 03       		.uleb128 0x3
 951 0021 16       		.uleb128 0x16
 952 0022 00       		.byte	0
 953 0023 03       		.uleb128 0x3
 954 0024 0E       		.uleb128 0xe
 955 0025 3A       		.uleb128 0x3a
 956 0026 0B       		.uleb128 0xb
 957 0027 3B       		.uleb128 0x3b
 958 0028 0B       		.uleb128 0xb
 959 0029 49       		.uleb128 0x49
 960 002a 13       		.uleb128 0x13
 961 002b 00       		.byte	0
 962 002c 00       		.byte	0
 963 002d 04       		.uleb128 0x4
 964 002e 24       		.uleb128 0x24
 965 002f 00       		.byte	0
 966 0030 0B       		.uleb128 0xb
 967 0031 0B       		.uleb128 0xb
 968 0032 3E       		.uleb128 0x3e
 969 0033 0B       		.uleb128 0xb
GAS LISTING C:\Users\marky\AppData\Local\Temp\cca6k8fD.s 			page 18


 970 0034 03       		.uleb128 0x3
 971 0035 08       		.uleb128 0x8
 972 0036 00       		.byte	0
 973 0037 00       		.byte	0
 974 0038 05       		.uleb128 0x5
 975 0039 2E       		.uleb128 0x2e
 976 003a 01       		.byte	0x1
 977 003b 03       		.uleb128 0x3
 978 003c 0E       		.uleb128 0xe
 979 003d 3A       		.uleb128 0x3a
 980 003e 0B       		.uleb128 0xb
 981 003f 3B       		.uleb128 0x3b
 982 0040 0B       		.uleb128 0xb
 983 0041 27       		.uleb128 0x27
 984 0042 0C       		.uleb128 0xc
 985 0043 49       		.uleb128 0x49
 986 0044 13       		.uleb128 0x13
 987 0045 20       		.uleb128 0x20
 988 0046 0B       		.uleb128 0xb
 989 0047 01       		.uleb128 0x1
 990 0048 13       		.uleb128 0x13
 991 0049 00       		.byte	0
 992 004a 00       		.byte	0
 993 004b 06       		.uleb128 0x6
 994 004c 05       		.uleb128 0x5
 995 004d 00       		.byte	0
 996 004e 03       		.uleb128 0x3
 997 004f 08       		.uleb128 0x8
 998 0050 3A       		.uleb128 0x3a
 999 0051 0B       		.uleb128 0xb
 1000 0052 3B       		.uleb128 0x3b
 1001 0053 0B       		.uleb128 0xb
 1002 0054 49       		.uleb128 0x49
 1003 0055 13       		.uleb128 0x13
 1004 0056 00       		.byte	0
 1005 0057 00       		.byte	0
 1006 0058 07       		.uleb128 0x7
 1007 0059 05       		.uleb128 0x5
 1008 005a 00       		.byte	0
 1009 005b 03       		.uleb128 0x3
 1010 005c 0E       		.uleb128 0xe
 1011 005d 3A       		.uleb128 0x3a
 1012 005e 0B       		.uleb128 0xb
 1013 005f 3B       		.uleb128 0x3b
 1014 0060 0B       		.uleb128 0xb
 1015 0061 49       		.uleb128 0x49
 1016 0062 13       		.uleb128 0x13
 1017 0063 00       		.byte	0
 1018 0064 00       		.byte	0
 1019 0065 08       		.uleb128 0x8
 1020 0066 2E       		.uleb128 0x2e
 1021 0067 01       		.byte	0x1
 1022 0068 3F       		.uleb128 0x3f
 1023 0069 0C       		.uleb128 0xc
 1024 006a 03       		.uleb128 0x3
 1025 006b 0E       		.uleb128 0xe
 1026 006c 3A       		.uleb128 0x3a
GAS LISTING C:\Users\marky\AppData\Local\Temp\cca6k8fD.s 			page 19


 1027 006d 0B       		.uleb128 0xb
 1028 006e 3B       		.uleb128 0x3b
 1029 006f 0B       		.uleb128 0xb
 1030 0070 27       		.uleb128 0x27
 1031 0071 0C       		.uleb128 0xc
 1032 0072 11       		.uleb128 0x11
 1033 0073 01       		.uleb128 0x1
 1034 0074 12       		.uleb128 0x12
 1035 0075 01       		.uleb128 0x1
 1036 0076 40       		.uleb128 0x40
 1037 0077 0A       		.uleb128 0xa
 1038 0078 9742     		.uleb128 0x2117
 1039 007a 0C       		.uleb128 0xc
 1040 007b 01       		.uleb128 0x1
 1041 007c 13       		.uleb128 0x13
 1042 007d 00       		.byte	0
 1043 007e 00       		.byte	0
 1044 007f 09       		.uleb128 0x9
 1045 0080 05       		.uleb128 0x5
 1046 0081 00       		.byte	0
 1047 0082 03       		.uleb128 0x3
 1048 0083 0E       		.uleb128 0xe
 1049 0084 3A       		.uleb128 0x3a
 1050 0085 0B       		.uleb128 0xb
 1051 0086 3B       		.uleb128 0x3b
 1052 0087 0B       		.uleb128 0xb
 1053 0088 49       		.uleb128 0x49
 1054 0089 13       		.uleb128 0x13
 1055 008a 02       		.uleb128 0x2
 1056 008b 06       		.uleb128 0x6
 1057 008c 00       		.byte	0
 1058 008d 00       		.byte	0
 1059 008e 0A       		.uleb128 0xa
 1060 008f 898201   		.uleb128 0x4109
 1061 0092 01       		.byte	0x1
 1062 0093 11       		.uleb128 0x11
 1063 0094 01       		.uleb128 0x1
 1064 0095 9542     		.uleb128 0x2115
 1065 0097 0C       		.uleb128 0xc
 1066 0098 31       		.uleb128 0x31
 1067 0099 13       		.uleb128 0x13
 1068 009a 00       		.byte	0
 1069 009b 00       		.byte	0
 1070 009c 0B       		.uleb128 0xb
 1071 009d 8A8201   		.uleb128 0x410a
 1072 00a0 00       		.byte	0
 1073 00a1 02       		.uleb128 0x2
 1074 00a2 0A       		.uleb128 0xa
 1075 00a3 9142     		.uleb128 0x2111
 1076 00a5 0A       		.uleb128 0xa
 1077 00a6 00       		.byte	0
 1078 00a7 00       		.byte	0
 1079 00a8 0C       		.uleb128 0xc
 1080 00a9 898201   		.uleb128 0x4109
 1081 00ac 00       		.byte	0
 1082 00ad 11       		.uleb128 0x11
 1083 00ae 01       		.uleb128 0x1
GAS LISTING C:\Users\marky\AppData\Local\Temp\cca6k8fD.s 			page 20


 1084 00af 9542     		.uleb128 0x2115
 1085 00b1 0C       		.uleb128 0xc
 1086 00b2 31       		.uleb128 0x31
 1087 00b3 13       		.uleb128 0x13
 1088 00b4 00       		.byte	0
 1089 00b5 00       		.byte	0
 1090 00b6 0D       		.uleb128 0xd
 1091 00b7 2E       		.uleb128 0x2e
 1092 00b8 01       		.byte	0x1
 1093 00b9 3F       		.uleb128 0x3f
 1094 00ba 0C       		.uleb128 0xc
 1095 00bb 03       		.uleb128 0x3
 1096 00bc 0E       		.uleb128 0xe
 1097 00bd 3A       		.uleb128 0x3a
 1098 00be 0B       		.uleb128 0xb
 1099 00bf 3B       		.uleb128 0x3b
 1100 00c0 05       		.uleb128 0x5
 1101 00c1 27       		.uleb128 0x27
 1102 00c2 0C       		.uleb128 0xc
 1103 00c3 11       		.uleb128 0x11
 1104 00c4 01       		.uleb128 0x1
 1105 00c5 12       		.uleb128 0x12
 1106 00c6 01       		.uleb128 0x1
 1107 00c7 40       		.uleb128 0x40
 1108 00c8 0A       		.uleb128 0xa
 1109 00c9 9742     		.uleb128 0x2117
 1110 00cb 0C       		.uleb128 0xc
 1111 00cc 01       		.uleb128 0x1
 1112 00cd 13       		.uleb128 0x13
 1113 00ce 00       		.byte	0
 1114 00cf 00       		.byte	0
 1115 00d0 0E       		.uleb128 0xe
 1116 00d1 05       		.uleb128 0x5
 1117 00d2 00       		.byte	0
 1118 00d3 03       		.uleb128 0x3
 1119 00d4 08       		.uleb128 0x8
 1120 00d5 3A       		.uleb128 0x3a
 1121 00d6 0B       		.uleb128 0xb
 1122 00d7 3B       		.uleb128 0x3b
 1123 00d8 05       		.uleb128 0x5
 1124 00d9 49       		.uleb128 0x49
 1125 00da 13       		.uleb128 0x13
 1126 00db 02       		.uleb128 0x2
 1127 00dc 06       		.uleb128 0x6
 1128 00dd 00       		.byte	0
 1129 00de 00       		.byte	0
 1130 00df 0F       		.uleb128 0xf
 1131 00e0 1D       		.uleb128 0x1d
 1132 00e1 01       		.byte	0x1
 1133 00e2 31       		.uleb128 0x31
 1134 00e3 13       		.uleb128 0x13
 1135 00e4 52       		.uleb128 0x52
 1136 00e5 01       		.uleb128 0x1
 1137 00e6 55       		.uleb128 0x55
 1138 00e7 06       		.uleb128 0x6
 1139 00e8 58       		.uleb128 0x58
 1140 00e9 0B       		.uleb128 0xb
GAS LISTING C:\Users\marky\AppData\Local\Temp\cca6k8fD.s 			page 21


 1141 00ea 59       		.uleb128 0x59
 1142 00eb 05       		.uleb128 0x5
 1143 00ec 01       		.uleb128 0x1
 1144 00ed 13       		.uleb128 0x13
 1145 00ee 00       		.byte	0
 1146 00ef 00       		.byte	0
 1147 00f0 10       		.uleb128 0x10
 1148 00f1 05       		.uleb128 0x5
 1149 00f2 00       		.byte	0
 1150 00f3 31       		.uleb128 0x31
 1151 00f4 13       		.uleb128 0x13
 1152 00f5 02       		.uleb128 0x2
 1153 00f6 06       		.uleb128 0x6
 1154 00f7 00       		.byte	0
 1155 00f8 00       		.byte	0
 1156 00f9 11       		.uleb128 0x11
 1157 00fa 05       		.uleb128 0x5
 1158 00fb 00       		.byte	0
 1159 00fc 03       		.uleb128 0x3
 1160 00fd 0E       		.uleb128 0xe
 1161 00fe 3A       		.uleb128 0x3a
 1162 00ff 0B       		.uleb128 0xb
 1163 0100 3B       		.uleb128 0x3b
 1164 0101 05       		.uleb128 0x5
 1165 0102 49       		.uleb128 0x49
 1166 0103 13       		.uleb128 0x13
 1167 0104 02       		.uleb128 0x2
 1168 0105 06       		.uleb128 0x6
 1169 0106 00       		.byte	0
 1170 0107 00       		.byte	0
 1171 0108 12       		.uleb128 0x12
 1172 0109 2E       		.uleb128 0x2e
 1173 010a 01       		.byte	0x1
 1174 010b 3F       		.uleb128 0x3f
 1175 010c 0C       		.uleb128 0xc
 1176 010d 03       		.uleb128 0x3
 1177 010e 0E       		.uleb128 0xe
 1178 010f 3A       		.uleb128 0x3a
 1179 0110 0B       		.uleb128 0xb
 1180 0111 3B       		.uleb128 0x3b
 1181 0112 05       		.uleb128 0x5
 1182 0113 27       		.uleb128 0x27
 1183 0114 0C       		.uleb128 0xc
 1184 0115 49       		.uleb128 0x49
 1185 0116 13       		.uleb128 0x13
 1186 0117 11       		.uleb128 0x11
 1187 0118 01       		.uleb128 0x1
 1188 0119 12       		.uleb128 0x12
 1189 011a 01       		.uleb128 0x1
 1190 011b 40       		.uleb128 0x40
 1191 011c 06       		.uleb128 0x6
 1192 011d 9742     		.uleb128 0x2117
 1193 011f 0C       		.uleb128 0xc
 1194 0120 01       		.uleb128 0x1
 1195 0121 13       		.uleb128 0x13
 1196 0122 00       		.byte	0
 1197 0123 00       		.byte	0
GAS LISTING C:\Users\marky\AppData\Local\Temp\cca6k8fD.s 			page 22


 1198 0124 13       		.uleb128 0x13
 1199 0125 898201   		.uleb128 0x4109
 1200 0128 00       		.byte	0
 1201 0129 11       		.uleb128 0x11
 1202 012a 01       		.uleb128 0x1
 1203 012b 31       		.uleb128 0x31
 1204 012c 13       		.uleb128 0x13
 1205 012d 00       		.byte	0
 1206 012e 00       		.byte	0
 1207 012f 14       		.uleb128 0x14
 1208 0130 2E       		.uleb128 0x2e
 1209 0131 00       		.byte	0
 1210 0132 3F       		.uleb128 0x3f
 1211 0133 0C       		.uleb128 0xc
 1212 0134 03       		.uleb128 0x3
 1213 0135 0E       		.uleb128 0xe
 1214 0136 3A       		.uleb128 0x3a
 1215 0137 0B       		.uleb128 0xb
 1216 0138 3B       		.uleb128 0x3b
 1217 0139 05       		.uleb128 0x5
 1218 013a 27       		.uleb128 0x27
 1219 013b 0C       		.uleb128 0xc
 1220 013c 11       		.uleb128 0x11
 1221 013d 01       		.uleb128 0x1
 1222 013e 12       		.uleb128 0x12
 1223 013f 01       		.uleb128 0x1
 1224 0140 40       		.uleb128 0x40
 1225 0141 0A       		.uleb128 0xa
 1226 0142 9742     		.uleb128 0x2117
 1227 0144 0C       		.uleb128 0xc
 1228 0145 00       		.byte	0
 1229 0146 00       		.byte	0
 1230 0147 15       		.uleb128 0x15
 1231 0148 34       		.uleb128 0x34
 1232 0149 00       		.byte	0
 1233 014a 03       		.uleb128 0x3
 1234 014b 0E       		.uleb128 0xe
 1235 014c 3A       		.uleb128 0x3a
 1236 014d 0B       		.uleb128 0xb
 1237 014e 3B       		.uleb128 0x3b
 1238 014f 0B       		.uleb128 0xb
 1239 0150 49       		.uleb128 0x49
 1240 0151 13       		.uleb128 0x13
 1241 0152 02       		.uleb128 0x2
 1242 0153 0A       		.uleb128 0xa
 1243 0154 00       		.byte	0
 1244 0155 00       		.byte	0
 1245 0156 16       		.uleb128 0x16
 1246 0157 2E       		.uleb128 0x2e
 1247 0158 01       		.byte	0x1
 1248 0159 3F       		.uleb128 0x3f
 1249 015a 0C       		.uleb128 0xc
 1250 015b 03       		.uleb128 0x3
 1251 015c 0E       		.uleb128 0xe
 1252 015d 3A       		.uleb128 0x3a
 1253 015e 0B       		.uleb128 0xb
 1254 015f 3B       		.uleb128 0x3b
GAS LISTING C:\Users\marky\AppData\Local\Temp\cca6k8fD.s 			page 23


 1255 0160 0B       		.uleb128 0xb
 1256 0161 27       		.uleb128 0x27
 1257 0162 0C       		.uleb128 0xc
 1258 0163 3C       		.uleb128 0x3c
 1259 0164 0C       		.uleb128 0xc
 1260 0165 01       		.uleb128 0x1
 1261 0166 13       		.uleb128 0x13
 1262 0167 00       		.byte	0
 1263 0168 00       		.byte	0
 1264 0169 17       		.uleb128 0x17
 1265 016a 05       		.uleb128 0x5
 1266 016b 00       		.byte	0
 1267 016c 49       		.uleb128 0x49
 1268 016d 13       		.uleb128 0x13
 1269 016e 00       		.byte	0
 1270 016f 00       		.byte	0
 1271 0170 18       		.uleb128 0x18
 1272 0171 2E       		.uleb128 0x2e
 1273 0172 00       		.byte	0
 1274 0173 3F       		.uleb128 0x3f
 1275 0174 0C       		.uleb128 0xc
 1276 0175 03       		.uleb128 0x3
 1277 0176 0E       		.uleb128 0xe
 1278 0177 3A       		.uleb128 0x3a
 1279 0178 0B       		.uleb128 0xb
 1280 0179 3B       		.uleb128 0x3b
 1281 017a 0B       		.uleb128 0xb
 1282 017b 27       		.uleb128 0x27
 1283 017c 0C       		.uleb128 0xc
 1284 017d 3C       		.uleb128 0x3c
 1285 017e 0C       		.uleb128 0xc
 1286 017f 00       		.byte	0
 1287 0180 00       		.byte	0
 1288 0181 19       		.uleb128 0x19
 1289 0182 2E       		.uleb128 0x2e
 1290 0183 01       		.byte	0x1
 1291 0184 3F       		.uleb128 0x3f
 1292 0185 0C       		.uleb128 0xc
 1293 0186 03       		.uleb128 0x3
 1294 0187 0E       		.uleb128 0xe
 1295 0188 3A       		.uleb128 0x3a
 1296 0189 0B       		.uleb128 0xb
 1297 018a 3B       		.uleb128 0x3b
 1298 018b 05       		.uleb128 0x5
 1299 018c 27       		.uleb128 0x27
 1300 018d 0C       		.uleb128 0xc
 1301 018e 3C       		.uleb128 0x3c
 1302 018f 0C       		.uleb128 0xc
 1303 0190 01       		.uleb128 0x1
 1304 0191 13       		.uleb128 0x13
 1305 0192 00       		.byte	0
 1306 0193 00       		.byte	0
 1307 0194 1A       		.uleb128 0x1a
 1308 0195 26       		.uleb128 0x26
 1309 0196 00       		.byte	0
 1310 0197 49       		.uleb128 0x49
 1311 0198 13       		.uleb128 0x13
GAS LISTING C:\Users\marky\AppData\Local\Temp\cca6k8fD.s 			page 24


 1312 0199 00       		.byte	0
 1313 019a 00       		.byte	0
 1314 019b 1B       		.uleb128 0x1b
 1315 019c 2E       		.uleb128 0x2e
 1316 019d 00       		.byte	0
 1317 019e 3F       		.uleb128 0x3f
 1318 019f 0C       		.uleb128 0xc
 1319 01a0 03       		.uleb128 0x3
 1320 01a1 0E       		.uleb128 0xe
 1321 01a2 3A       		.uleb128 0x3a
 1322 01a3 0B       		.uleb128 0xb
 1323 01a4 3B       		.uleb128 0x3b
 1324 01a5 05       		.uleb128 0x5
 1325 01a6 27       		.uleb128 0x27
 1326 01a7 0C       		.uleb128 0xc
 1327 01a8 49       		.uleb128 0x49
 1328 01a9 13       		.uleb128 0x13
 1329 01aa 3C       		.uleb128 0x3c
 1330 01ab 0C       		.uleb128 0xc
 1331 01ac 00       		.byte	0
 1332 01ad 00       		.byte	0
 1333 01ae 00       		.byte	0
 1334              		.section	.debug_loc,"",@progbits
 1335              	.Ldebug_loc0:
 1336              	.LLST0:
 1337 0000 00000000 		.4byte	.LVL0
 1338 0004 00000000 		.4byte	.LVL1-1
 1339 0008 0001     		.2byte	0x1
 1340 000a 53       		.byte	0x53
 1341 000b 00000000 		.4byte	.LVL1-1
 1342 000f 00000000 		.4byte	.LFE4
 1343 0013 0004     		.2byte	0x4
 1344 0015 F3       		.byte	0xf3
 1345 0016 01       		.uleb128 0x1
 1346 0017 53       		.byte	0x53
 1347 0018 9F       		.byte	0x9f
 1348 0019 00000000 		.4byte	0
 1349 001d 00000000 		.4byte	0
 1350              	.LLST1:
 1351 0021 00000000 		.4byte	.LVL3
 1352 0025 00000000 		.4byte	.LVL4
 1353 0029 0001     		.2byte	0x1
 1354 002b 53       		.byte	0x53
 1355 002c 00000000 		.4byte	.LVL4
 1356 0030 00000000 		.4byte	.LFE12
 1357 0034 0004     		.2byte	0x4
 1358 0036 F3       		.byte	0xf3
 1359 0037 01       		.uleb128 0x1
 1360 0038 53       		.byte	0x53
 1361 0039 9F       		.byte	0x9f
 1362 003a 00000000 		.4byte	0
 1363 003e 00000000 		.4byte	0
 1364              	.LLST3:
 1365 0042 00000000 		.4byte	.LVL6
 1366 0046 00000000 		.4byte	.LVL7
 1367 004a 0001     		.2byte	0x1
 1368 004c 53       		.byte	0x53
GAS LISTING C:\Users\marky\AppData\Local\Temp\cca6k8fD.s 			page 25


 1369 004d 00000000 		.4byte	.LVL7
 1370 0051 00000000 		.4byte	.LFE13
 1371 0055 0004     		.2byte	0x4
 1372 0057 F3       		.byte	0xf3
 1373 0058 01       		.uleb128 0x1
 1374 0059 53       		.byte	0x53
 1375 005a 9F       		.byte	0x9f
 1376 005b 00000000 		.4byte	0
 1377 005f 00000000 		.4byte	0
 1378              	.LLST5:
 1379 0063 00000000 		.4byte	.LVL9
 1380 0067 00000000 		.4byte	.LVL10
 1381 006b 0001     		.2byte	0x1
 1382 006d 53       		.byte	0x53
 1383 006e 00000000 		.4byte	.LVL10
 1384 0072 00000000 		.4byte	.LFE14
 1385 0076 0004     		.2byte	0x4
 1386 0078 F3       		.byte	0xf3
 1387 0079 01       		.uleb128 0x1
 1388 007a 53       		.byte	0x53
 1389 007b 9F       		.byte	0x9f
 1390 007c 00000000 		.4byte	0
 1391 0080 00000000 		.4byte	0
 1392              	.LLST7:
 1393 0084 00000000 		.4byte	.LFB15
 1394 0088 00000000 		.4byte	.LCFI0
 1395 008c 0002     		.2byte	0x2
 1396 008e 71       		.byte	0x71
 1397 008f 00       		.sleb128 0
 1398 0090 00000000 		.4byte	.LCFI0
 1399 0094 00000000 		.4byte	.LCFI1
 1400 0098 0002     		.2byte	0x2
 1401 009a 71       		.byte	0x71
 1402 009b 08       		.sleb128 8
 1403 009c 00000000 		.4byte	.LCFI1
 1404 00a0 00000000 		.4byte	.LFE15
 1405 00a4 0002     		.2byte	0x2
 1406 00a6 71       		.byte	0x71
 1407 00a7 00       		.sleb128 0
 1408 00a8 00000000 		.4byte	0
 1409 00ac 00000000 		.4byte	0
 1410              	.LLST8:
 1411 00b0 00000000 		.4byte	.LVL12
 1412 00b4 00000000 		.4byte	.LVL13
 1413 00b8 0001     		.2byte	0x1
 1414 00ba 53       		.byte	0x53
 1415 00bb 00000000 		.4byte	0
 1416 00bf 00000000 		.4byte	0
 1417              	.LLST9:
 1418 00c3 00000000 		.4byte	.LFB16
 1419 00c7 00000000 		.4byte	.LCFI2
 1420 00cb 0002     		.2byte	0x2
 1421 00cd 71       		.byte	0x71
 1422 00ce 00       		.sleb128 0
 1423 00cf 00000000 		.4byte	.LCFI2
 1424 00d3 00000000 		.4byte	.LCFI3
 1425 00d7 0002     		.2byte	0x2
GAS LISTING C:\Users\marky\AppData\Local\Temp\cca6k8fD.s 			page 26


 1426 00d9 71       		.byte	0x71
 1427 00da 08       		.sleb128 8
 1428 00db 00000000 		.4byte	.LCFI3
 1429 00df 00000000 		.4byte	.LFE16
 1430 00e3 0002     		.2byte	0x2
 1431 00e5 71       		.byte	0x71
 1432 00e6 00       		.sleb128 0
 1433 00e7 00000000 		.4byte	0
 1434 00eb 00000000 		.4byte	0
 1435              	.LLST10:
 1436 00ef 00000000 		.4byte	.LVL14
 1437 00f3 00000000 		.4byte	.LVL15
 1438 00f7 0001     		.2byte	0x1
 1439 00f9 53       		.byte	0x53
 1440 00fa 00000000 		.4byte	0
 1441 00fe 00000000 		.4byte	0
 1442              	.LLST11:
 1443 0102 00000000 		.4byte	.LFB17
 1444 0106 00000000 		.4byte	.LCFI4
 1445 010a 0002     		.2byte	0x2
 1446 010c 71       		.byte	0x71
 1447 010d 00       		.sleb128 0
 1448 010e 00000000 		.4byte	.LCFI4
 1449 0112 00000000 		.4byte	.LCFI5
 1450 0116 0002     		.2byte	0x2
 1451 0118 71       		.byte	0x71
 1452 0119 08       		.sleb128 8
 1453 011a 00000000 		.4byte	.LCFI5
 1454 011e 00000000 		.4byte	.LFE17
 1455 0122 0002     		.2byte	0x2
 1456 0124 71       		.byte	0x71
 1457 0125 00       		.sleb128 0
 1458 0126 00000000 		.4byte	0
 1459 012a 00000000 		.4byte	0
 1460              	.LLST12:
 1461 012e 00000000 		.4byte	.LVL16
 1462 0132 00000000 		.4byte	.LVL17
 1463 0136 0001     		.2byte	0x1
 1464 0138 53       		.byte	0x53
 1465 0139 00000000 		.4byte	0
 1466 013d 00000000 		.4byte	0
 1467              		.section	.debug_aranges,"",@progbits
 1468 0000 0000007C 		.4byte	0x7c
 1469 0004 0002     		.2byte	0x2
 1470 0006 00000000 		.4byte	.Ldebug_info0
 1471 000a 04       		.byte	0x4
 1472 000b 00       		.byte	0
 1473 000c 0000     		.2byte	0
 1474 000e 0000     		.2byte	0
 1475 0010 00000000 		.4byte	.LFB4
 1476 0014 0000000C 		.4byte	.LFE4-.LFB4
 1477 0018 00000000 		.4byte	.LFB5
 1478 001c 00000004 		.4byte	.LFE5-.LFB5
 1479 0020 00000000 		.4byte	.LFB12
 1480 0024 0000000E 		.4byte	.LFE12-.LFB12
 1481 0028 00000000 		.4byte	.LFB13
 1482 002c 00000022 		.4byte	.LFE13-.LFB13
GAS LISTING C:\Users\marky\AppData\Local\Temp\cca6k8fD.s 			page 27


 1483 0030 00000000 		.4byte	.LFB14
 1484 0034 00000022 		.4byte	.LFE14-.LFB14
 1485 0038 00000000 		.4byte	.LFB15
 1486 003c 00000020 		.4byte	.LFE15-.LFB15
 1487 0040 00000000 		.4byte	.LFB16
 1488 0044 00000024 		.4byte	.LFE16-.LFB16
 1489 0048 00000000 		.4byte	.LFB17
 1490 004c 0000002A 		.4byte	.LFE17-.LFB17
 1491 0050 00000000 		.4byte	.LFB18
 1492 0054 00000002 		.4byte	.LFE18-.LFB18
 1493 0058 00000000 		.4byte	.LFB19
 1494 005c 00000004 		.4byte	.LFE19-.LFB19
 1495 0060 00000000 		.4byte	.LFB20
 1496 0064 00000004 		.4byte	.LFE20-.LFB20
 1497 0068 00000000 		.4byte	.LFB21
 1498 006c 00000002 		.4byte	.LFE21-.LFB21
 1499 0070 00000000 		.4byte	.LFB22
 1500 0074 00000002 		.4byte	.LFE22-.LFB22
 1501 0078 00000000 		.4byte	0
 1502 007c 00000000 		.4byte	0
 1503              		.section	.debug_ranges,"",@progbits
 1504              	.Ldebug_ranges0:
 1505 0000 00000000 		.4byte	.LBB14
 1506 0004 00000000 		.4byte	.LBE14
 1507 0008 00000000 		.4byte	.LBB17
 1508 000c 00000000 		.4byte	.LBE17
 1509 0010 00000000 		.4byte	0
 1510 0014 00000000 		.4byte	0
 1511 0018 00000000 		.4byte	.LBB18
 1512 001c 00000000 		.4byte	.LBE18
 1513 0020 00000000 		.4byte	.LBB21
 1514 0024 00000000 		.4byte	.LBE21
 1515 0028 00000000 		.4byte	0
 1516 002c 00000000 		.4byte	0
 1517 0030 00000000 		.4byte	.LBB22
 1518 0034 00000000 		.4byte	.LBE22
 1519 0038 00000000 		.4byte	.LBB25
 1520 003c 00000000 		.4byte	.LBE25
 1521 0040 00000000 		.4byte	0
 1522 0044 00000000 		.4byte	0
 1523 0048 00000000 		.4byte	.LBB26
 1524 004c 00000000 		.4byte	.LBE26
 1525 0050 00000000 		.4byte	.LBB29
 1526 0054 00000000 		.4byte	.LBE29
 1527 0058 00000000 		.4byte	0
 1528 005c 00000000 		.4byte	0
 1529 0060 00000000 		.4byte	.LBB30
 1530 0064 00000000 		.4byte	.LBE30
 1531 0068 00000000 		.4byte	.LBB33
 1532 006c 00000000 		.4byte	.LBE33
 1533 0070 00000000 		.4byte	0
 1534 0074 00000000 		.4byte	0
 1535 0078 00000000 		.4byte	.LBB34
 1536 007c 00000000 		.4byte	.LBE34
 1537 0080 00000000 		.4byte	.LBB38
 1538 0084 00000000 		.4byte	.LBE38
 1539 0088 00000000 		.4byte	.LBB39
GAS LISTING C:\Users\marky\AppData\Local\Temp\cca6k8fD.s 			page 28


 1540 008c 00000000 		.4byte	.LBE39
 1541 0090 00000000 		.4byte	0
 1542 0094 00000000 		.4byte	0
 1543 0098 00000000 		.4byte	.LFB4
 1544 009c 00000000 		.4byte	.LFE4
 1545 00a0 00000000 		.4byte	.LFB5
 1546 00a4 00000000 		.4byte	.LFE5
 1547 00a8 00000000 		.4byte	.LFB12
 1548 00ac 00000000 		.4byte	.LFE12
 1549 00b0 00000000 		.4byte	.LFB13
 1550 00b4 00000000 		.4byte	.LFE13
 1551 00b8 00000000 		.4byte	.LFB14
 1552 00bc 00000000 		.4byte	.LFE14
 1553 00c0 00000000 		.4byte	.LFB15
 1554 00c4 00000000 		.4byte	.LFE15
 1555 00c8 00000000 		.4byte	.LFB16
 1556 00cc 00000000 		.4byte	.LFE16
 1557 00d0 00000000 		.4byte	.LFB17
 1558 00d4 00000000 		.4byte	.LFE17
 1559 00d8 00000000 		.4byte	.LFB18
 1560 00dc 00000000 		.4byte	.LFE18
 1561 00e0 00000000 		.4byte	.LFB19
 1562 00e4 00000000 		.4byte	.LFE19
 1563 00e8 00000000 		.4byte	.LFB20
 1564 00ec 00000000 		.4byte	.LFE20
 1565 00f0 00000000 		.4byte	.LFB21
 1566 00f4 00000000 		.4byte	.LFE21
 1567 00f8 00000000 		.4byte	.LFB22
 1568 00fc 00000000 		.4byte	.LFE22
 1569 0100 00000000 		.4byte	0
 1570 0104 00000000 		.4byte	0
 1571              		.section	.debug_line,"",@progbits
 1572              	.Ldebug_line0:
 1573 0000 00000397 		.section	.debug_str,"MS",@progbits,1
 1573      00020000 
 1573      02490201 
 1573      FB0E0D00 
 1573      01010101 
 1574              	.LASF29:
 1575 0000 6F73616C 		.string	"osalThreadDelayMicroseconds"
 1575      54687265 
 1575      61644465 
 1575      6C61794D 
 1575      6963726F 
 1576              	.LASF16:
 1577 001c 6F73616C 		.string	"osalSysTime_MS2ST"
 1577      53797354 
 1577      696D655F 
 1577      4D533253 
 1577      5400
 1578              	.LASF21:
 1579 002e 7469636B 		.string	"ticks"
 1579      7300
 1580              	.LASF12:
 1581 0034 5469636B 		.string	"TickType_t"
 1581      54797065 
 1581      5F7400
GAS LISTING C:\Users\marky\AppData\Local\Temp\cca6k8fD.s 			page 29


 1582              	.LASF24:
 1583 003f 6F73616C 		.string	"osalSysTimeSetup"
 1583      53797354 
 1583      696D6553 
 1583      65747570 
 1583      00
 1584              	.LASF19:
 1585 0050 75736563 		.string	"usec"
 1585      00
 1586              	.LASF42:
 1587 0055 76546173 		.string	"vTaskExitCritical"
 1587      6B457869 
 1587      74437269 
 1587      74696361 
 1587      6C00
 1588              	.LASF14:
 1589 0067 6F73616C 		.string	"osalsystime_t"
 1589      73797374 
 1589      696D655F 
 1589      7400
 1590              	.LASF34:
 1591 0075 6F73616C 		.string	"osalExitCritical"
 1591      45786974 
 1591      43726974 
 1591      6963616C 
 1591      00
 1592              	.LASF28:
 1593 0086 6F73616C 		.string	"osalThreadDelayMilliseconds"
 1593      54687265 
 1593      61644465 
 1593      6C61794D 
 1593      696C6C69 
 1594              	.LASF3:
 1595 00a2 73686F72 		.string	"short unsigned int"
 1595      7420756E 
 1595      7369676E 
 1595      65642069 
 1595      6E7400
 1596              	.LASF15:
 1597 00b5 6F73616C 		.string	"osalSysTime_S2ST"
 1597      53797354 
 1597      696D655F 
 1597      53325354 
 1597      00
 1598              	.LASF31:
 1599 00c6 6F73616C 		.string	"osalThreadGetMilliseconds"
 1599      54687265 
 1599      61644765 
 1599      744D696C 
 1599      6C697365 
 1600              	.LASF25:
 1601 00e0 6F73616C 		.string	"osalSysTimeReset"
 1601      53797354 
 1601      696D6552 
 1601      65736574 
 1601      00
 1602              	.LASF33:
GAS LISTING C:\Users\marky\AppData\Local\Temp\cca6k8fD.s 			page 30


 1603 00f1 6F73616C 		.string	"osalEnterCritical"
 1603      456E7465 
 1603      72437269 
 1603      74696361 
 1603      6C00
 1604              	.LASF7:
 1605 0103 6C6F6E67 		.string	"long long unsigned int"
 1605      206C6F6E 
 1605      6720756E 
 1605      7369676E 
 1605      65642069 
 1606              	.LASF1:
 1607 011a 756E7369 		.string	"unsigned char"
 1607      676E6564 
 1607      20636861 
 1607      7200
 1608              	.LASF5:
 1609 0128 6C6F6E67 		.string	"long unsigned int"
 1609      20756E73 
 1609      69676E65 
 1609      6420696E 
 1609      7400
 1610              	.LASF36:
 1611 013a 6F73616C 		.string	"osalEnterCriticalFromISR"
 1611      456E7465 
 1611      72437269 
 1611      74696361 
 1611      6C46726F 
 1612              	.LASF30:
 1613 0153 6F73616C 		.string	"osalThreadGetSeconds"
 1613      54687265 
 1613      61644765 
 1613      74536563 
 1613      6F6E6473 
 1614              	.LASF43:
 1615 0168 474E5520 		.ascii	"GNU C 4.9.4 20160726 (Sat May 27 11:09:55 CDT 2017         b"
 1615      4320342E 
 1615      392E3420 
 1615      32303136 
 1615      30373236 
 1616 01a4 75696C64 		.ascii	"uild.sh rev=gd8b6c"
 1616      2E736820 
 1616      7265763D 
 1616      67643862 
 1616      3663
 1617 01b6 32302073 		.string	"20 s=F494 ELe200 -V release_gd8b6c20_build_Fed_ELe200_ML0) -mcall-sysv -mcpu=e200z0 -mvle
 1617      3D463439 
 1617      3420454C 
 1617      65323030 
 1617      202D5620 
 1618              	.LASF20:
 1619 02b7 6F73616C 		.string	"osalSysTime_ST2S"
 1619      53797354 
 1619      696D655F 
 1619      53543253 
 1619      00
 1620              	.LASF9:
GAS LISTING C:\Users\marky\AppData\Local\Temp\cca6k8fD.s 			page 31


 1621 02c8 5F5F7569 		.string	"__uint32_t"
 1621      6E743332 
 1621      5F7400
 1622              	.LASF41:
 1623 02d3 76546173 		.string	"vTaskEnterCritical"
 1623      6B456E74 
 1623      65724372 
 1623      69746963 
 1623      616C00
 1624              	.LASF22:
 1625 02e6 6F73616C 		.string	"osalSysTime_ST2MS"
 1625      53797354 
 1625      696D655F 
 1625      5354324D 
 1625      5300
 1626              	.LASF17:
 1627 02f8 6D736563 		.string	"msec"
 1627      00
 1628              	.LASF8:
 1629 02fd 756E7369 		.string	"unsigned int"
 1629      676E6564 
 1629      20696E74 
 1629      00
 1630              	.LASF13:
 1631 030a 63686172 		.string	"char"
 1631      00
 1632              	.LASF37:
 1633 030f 6F73616C 		.string	"osalExitCriticalFromISR"
 1633      45786974 
 1633      43726974 
 1633      6963616C 
 1633      46726F6D 
 1634              	.LASF35:
 1635 0327 6F73616C 		.string	"osalInit"
 1635      496E6974 
 1635      00
 1636              	.LASF32:
 1637 0330 6F73616C 		.string	"osalThreadGetMicroseconds"
 1637      54687265 
 1637      61644765 
 1637      744D6963 
 1637      726F7365 
 1638              	.LASF11:
 1639 034a 73697A65 		.string	"sizetype"
 1639      74797065 
 1639      00
 1640              	.LASF27:
 1641 0353 7469636B 		.string	"ticks_per_sec"
 1641      735F7065 
 1641      725F7365 
 1641      6300
 1642              	.LASF6:
 1643 0361 6C6F6E67 		.string	"long long int"
 1643      206C6F6E 
 1643      6720696E 
 1643      7400
 1644              	.LASF40:
GAS LISTING C:\Users\marky\AppData\Local\Temp\cca6k8fD.s 			page 32


 1645 036f 73797354 		.string	"sysTimeReset"
 1645      696D6552 
 1645      65736574 
 1645      00
 1646              	.LASF23:
 1647 037c 6F73616C 		.string	"osalSysTime_ST2US"
 1647      53797354 
 1647      696D655F 
 1647      53543255 
 1647      5300
 1648              	.LASF45:
 1649 038e 433A5C53 		.string	"C:\\SPC5Studio\\workspace\\SPC560Bxx_RLA FreeRTOS SERIAL Test Application for Discovery"
 1649      50433553 
 1649      74756469 
 1649      6F5C776F 
 1649      726B7370 
 1650              	.LASF26:
 1651 03e3 6F73616C 		.string	"osalThreadDelaySeconds"
 1651      54687265 
 1651      61644465 
 1651      6C617953 
 1651      65636F6E 
 1652              	.LASF2:
 1653 03fa 73686F72 		.string	"short int"
 1653      7420696E 
 1653      7400
 1654              	.LASF46:
 1655 0404 6F73616C 		.string	"osal_ticks_per_sec"
 1655      5F746963 
 1655      6B735F70 
 1655      65725F73 
 1655      656300
 1656              	.LASF38:
 1657 0417 73797354 		.string	"sysTimeSetup"
 1657      696D6553 
 1657      65747570 
 1657      00
 1658              	.LASF10:
 1659 0424 75696E74 		.string	"uint32_t"
 1659      33325F74 
 1659      00
 1660              	.LASF4:
 1661 042d 6C6F6E67 		.string	"long int"
 1661      20696E74 
 1661      00
 1662              	.LASF39:
 1663 0436 76546173 		.string	"vTaskDelay"
 1663      6B44656C 
 1663      617900
 1664              	.LASF44:
 1665 0441 2E2F636F 		.string	"./components/spc560bxx_osal_component_rla/lib/src/osal.c"
 1665      6D706F6E 
 1665      656E7473 
 1665      2F737063 
 1665      35363062 
 1666              	.LASF0:
 1667 047a 7369676E 		.string	"signed char"
GAS LISTING C:\Users\marky\AppData\Local\Temp\cca6k8fD.s 			page 33


 1667      65642063 
 1667      68617200 
 1668              	.LASF47:
 1669 0486 78546173 		.string	"xTaskGetTickCount"
 1669      6B476574 
 1669      5469636B 
 1669      436F756E 
 1669      7400
 1670              	.LASF18:
 1671 0498 6F73616C 		.string	"osalSysTime_US2ST"
 1671      53797354 
 1671      696D655F 
 1671      55533253 
 1671      5400
 1672              		.ident	"GCC: (GNU) 4.9.4 20160726 (Sat May 27 11:09:55 CDT 2017         build.sh rev=gd8b6c20 s=F4
GAS LISTING C:\Users\marky\AppData\Local\Temp\cca6k8fD.s 			page 34


DEFINED SYMBOLS
                            *ABS*:00000000 osal.c
C:\Users\marky\AppData\Local\Temp\cca6k8fD.s:10     .text.osalSysTimeSetup:00000000 osalSysTimeSetup
C:\Users\marky\AppData\Local\Temp\cca6k8fD.s:32     .text.osalSysTimeReset:00000000 osalSysTimeReset
C:\Users\marky\AppData\Local\Temp\cca6k8fD.s:48     .text.osalThreadDelaySeconds:00000000 osalThreadDelaySeconds
C:\Users\marky\AppData\Local\Temp\cca6k8fD.s:79     .text.osalThreadDelayMilliseconds:00000000 osalThreadDelayMilliseconds
C:\Users\marky\AppData\Local\Temp\cca6k8fD.s:116    .text.osalThreadDelayMicroseconds:00000000 osalThreadDelayMicroseconds
C:\Users\marky\AppData\Local\Temp\cca6k8fD.s:153    .text.osalThreadGetSeconds:00000000 osalThreadGetSeconds
C:\Users\marky\AppData\Local\Temp\cca6k8fD.s:198    .text.osalThreadGetMilliseconds:00000000 osalThreadGetMilliseconds
C:\Users\marky\AppData\Local\Temp\cca6k8fD.s:244    .text.osalThreadGetMicroseconds:00000000 osalThreadGetMicroseconds
C:\Users\marky\AppData\Local\Temp\cca6k8fD.s:298    .text.osalInit:00000000 osalInit
C:\Users\marky\AppData\Local\Temp\cca6k8fD.s:311    .text.osalEnterCritical:00000000 osalEnterCritical
C:\Users\marky\AppData\Local\Temp\cca6k8fD.s:327    .text.osalExitCritical:00000000 osalExitCritical
C:\Users\marky\AppData\Local\Temp\cca6k8fD.s:343    .text.osalEnterCriticalFromISR:00000000 osalEnterCriticalFromISR
C:\Users\marky\AppData\Local\Temp\cca6k8fD.s:356    .text.osalExitCriticalFromISR:00000000 osalExitCriticalFromISR
C:\Users\marky\AppData\Local\Temp\cca6k8fD.s:369    .bss.osal_ticks_per_sec:00000000 osal_ticks_per_sec

UNDEFINED SYMBOLS
sysTimeSetup
sysTimeReset
vTaskDelay
xTaskGetTickCount
vTaskEnterCritical
vTaskExitCritical
