GAS LISTING C:\Users\marky\AppData\Local\Temp\ccXhrcwJ.s 			page 1


   1              		.file	"port.c"
   2              		.section	".text","axv"
   3              	.Ltext0:
   4              		.cfi_sections	.debug_frame
   5              		.section	.text.pxPortInitialiseStack,"axv",@progbits
   6              		.align 1
   7              		.p2align 4,,15
   8              		.globl pxPortInitialiseStack
   9              		.type	pxPortInitialiseStack, @function
  10              	pxPortInitialiseStack:
  11              	.LFB4:
  12              		.file 1 "./components/spc5_freertos_component_rla/lib/portable/port.c"
  13              		.loc 1 110 0
  14              		.cfi_startproc
  15              	.LVL0:
  16              		.loc 1 123 0
  17              	 # 123 "./components/spc5_freertos_component_rla/lib/portable/port.c" 1
  18 0000 7CC000A6 		mfmsr	%r6	
  19              	
  20              	 # 0 "" 2
  21              		.loc 1 124 0
  22              	 # 124 "./components/spc5_freertos_component_rla/lib/portable/port.c" 1
  23 0004 18C7D180 		e_ori	%r7, %r6, 32768	
  24              	
  25              	 # 0 "" 2
  26              	.LVL1:
  27              		.loc 1 129 0
  28 0008 4800     		se_li %r0,0
  29              		.loc 1 165 0
  30 000a 54A3FF5C 		e_stw %r5,-164(%r3)
  31              		.loc 1 131 0
  32 000e 5483FFD4 		e_stw %r4,-44(%r3)
  33              		.loc 1 129 0
  34 0012 5403FFDC 		e_stw %r0,-36(%r3)
  35              	.LVL2:
  36              		.loc 1 130 0
  37 0016 5403FFD8 		e_stw %r0,-40(%r3)
  38              	.LVL3:
  39              		.loc 1 132 0
  40 001a 5403FFD0 		e_stw %r0,-48(%r3)
  41              	.LVL4:
  42              		.loc 1 133 0
  43 001e 71600031 		e_li %r11,49
  44              		.loc 1 156 0
  45 0022 71200012 		e_li %r9,18
  46              		.loc 1 133 0
  47 0026 5563FFCC 		e_stw %r11,-52(%r3)
  48              	.LVL5:
  49              		.loc 1 156 0
  50 002a 5523FF80 		e_stw %r9,-128(%r3)
  51              		.loc 1 134 0
  52 002e 71600030 		e_li %r11,48
  53              		.loc 1 157 0
  54 0032 71200011 		e_li %r9,17
  55              		.loc 1 134 0
  56 0036 5563FFC8 		e_stw %r11,-56(%r3)
  57              	.LVL6:
GAS LISTING C:\Users\marky\AppData\Local\Temp\ccXhrcwJ.s 			page 2


  58              		.loc 1 157 0
  59 003a 5523FF7C 		e_stw %r9,-132(%r3)
  60              		.loc 1 135 0
  61 003e 71600029 		e_li %r11,41
  62              		.loc 1 158 0
  63 0042 71200010 		e_li %r9,16
  64              		.loc 1 135 0
  65 0046 5563FFC4 		e_stw %r11,-60(%r3)
  66              	.LVL7:
  67              		.loc 1 158 0
  68 004a 5523FF78 		e_stw %r9,-136(%r3)
  69              		.loc 1 136 0
  70 004e 71600028 		e_li %r11,40
  71              		.loc 1 159 0
  72 0052 71200009 		e_li %r9,9
  73              		.loc 1 136 0
  74 0056 5563FFC0 		e_stw %r11,-64(%r3)
  75              	.LVL8:
  76              		.loc 1 159 0
  77 005a 5523FF74 		e_stw %r9,-140(%r3)
  78              		.loc 1 137 0
  79 005e 71600027 		e_li %r11,39
  80              		.loc 1 160 0
  81 0062 71200008 		e_li %r9,8
  82              		.loc 1 137 0
  83 0066 5563FFBC 		e_stw %r11,-68(%r3)
  84              	.LVL9:
  85              		.loc 1 160 0
  86 006a 5523FF70 		e_stw %r9,-144(%r3)
  87              		.loc 1 138 0
  88 006e 71600026 		e_li %r11,38
  89              		.loc 1 161 0
  90 0072 71200007 		e_li %r9,7
  91              		.loc 1 138 0
  92 0076 5563FFB8 		e_stw %r11,-72(%r3)
  93              	.LVL10:
  94              		.loc 1 161 0
  95 007a 5523FF6C 		e_stw %r9,-148(%r3)
  96              		.loc 1 139 0
  97 007e 71600025 		e_li %r11,37
  98              		.loc 1 162 0
  99 0082 71200006 		e_li %r9,6
 100              		.loc 1 139 0
 101 0086 5563FFB4 		e_stw %r11,-76(%r3)
 102              	.LVL11:
 103              		.loc 1 162 0
 104 008a 5523FF68 		e_stw %r9,-152(%r3)
 105              		.loc 1 140 0
 106 008e 71600024 		e_li %r11,36
 107              		.loc 1 163 0
 108 0092 71200005 		e_li %r9,5
 109              		.loc 1 140 0
 110 0096 5563FFB0 		e_stw %r11,-80(%r3)
 111              	.LVL12:
 112              		.loc 1 163 0
 113 009a 5523FF64 		e_stw %r9,-156(%r3)
 114              		.loc 1 141 0
GAS LISTING C:\Users\marky\AppData\Local\Temp\ccXhrcwJ.s 			page 3


 115 009e 71600023 		e_li %r11,35
 116              		.loc 1 164 0
 117 00a2 71200004 		e_li %r9,4
 118              		.loc 1 141 0
 119 00a6 5563FFAC 		e_stw %r11,-84(%r3)
 120              	.LVL13:
 121              		.loc 1 164 0
 122 00aa 5523FF60 		e_stw %r9,-160(%r3)
 123              		.loc 1 142 0
 124 00ae 71600022 		e_li %r11,34
 125              		.loc 1 171 0
 126 00b2 4815     		se_li %r5,1
 127              	.LVL14:
 128              		.loc 1 142 0
 129 00b4 5563FFA8 		e_stw %r11,-88(%r3)
 130              	.LVL15:
 131              		.loc 1 143 0
 132 00b8 71600021 		e_li %r11,33
 133              		.loc 1 181 0
 134 00bc 18638424 		e_addi %r3,%r3,-220
 135              	.LVL16:
 136              		.loc 1 143 0
 137 00c0 55630080 		e_stw %r11,128(%r3)
 138              	.LVL17:
 139              		.loc 1 144 0
 140 00c4 71600020 		e_li %r11,32
 141 00c8 5563007C 		e_stw %r11,124(%r3)
 142              		.loc 1 145 0
 143 00cc 71600019 		e_li %r11,25
 144 00d0 55630078 		e_stw %r11,120(%r3)
 145              		.loc 1 146 0
 146 00d4 71600018 		e_li %r11,24
 147 00d8 55630074 		e_stw %r11,116(%r3)
 148              		.loc 1 147 0
 149 00dc 71600017 		e_li %r11,23
 150 00e0 55630070 		e_stw %r11,112(%r3)
 151              		.loc 1 148 0
 152 00e4 71600016 		e_li %r11,22
 153 00e8 5563006C 		e_stw %r11,108(%r3)
 154              		.loc 1 149 0
 155 00ec 71600015 		e_li %r11,21
 156 00f0 55630068 		e_stw %r11,104(%r3)
 157              		.loc 1 150 0
 158 00f4 71600014 		e_li %r11,20
 159 00f8 55630064 		e_stw %r11,100(%r3)
 160              		.loc 1 154 0
 161 00fc 7160E000 		e_lis %r11,__sdata2_start__@ha
 162 0100 1D6B0000 		e_la %r11,__sdata2_start__@l(%r11)
 163 0104 55630060 		e_stw %r11,96(%r3)
 164              		.loc 1 169 0
 165 0108 55630034 		e_stw %r11,52(%r3)
 166              		.loc 1 173 0
 167 010c DA73     		se_stw %r7,40(%r3)
 168              		.loc 1 171 0
 169 010e DC53     		se_stw %r5,48(%r3)
 170              		.loc 1 172 0
 171 0110 DB03     		se_stw %r0,44(%r3)
GAS LISTING C:\Users\marky\AppData\Local\Temp\ccXhrcwJ.s 			page 4


 172              		.loc 1 174 0
 173 0112 D943     		se_stw %r4,36(%r3)
 174              		.loc 1 175 0
 175 0114 D863     		se_stw %r6,32(%r3)
 176              		.loc 1 178 0
 177 0116 70F7E2DA 		e_lis %r7,0xbada
 178 011a 70F7C2DA 		e_or2i %r7,47834
 179 011e D073     		se_stw %r7,0(%r3)
 180              		.loc 1 181 0
 181 0120 0004     		se_blr
 182              		.cfi_endproc
 183              	.LFE4:
 184              		.size	pxPortInitialiseStack, .-pxPortInitialiseStack
 185              		.section	.text.xPortStartScheduler,"axv",@progbits
 186              		.align 1
 187              		.p2align 4,,15
 188              		.globl xPortStartScheduler
 189              		.type	xPortStartScheduler, @function
 190              	xPortStartScheduler:
 191              	.LFB5:
 192              		.loc 1 185 0
 193              		.cfi_startproc
 194 0000 182106F8 		e_stwu %r1,-8(%r1)
 195              	.LCFI0:
 196              		.cfi_def_cfa_offset 8
 197 0004 0080     		se_mflr %r0
 198              	.LBB6:
 199              	.LBB7:
 200              		.loc 1 205 0
 201 0006 706003E8 		e_li %r3,1000
 202              	.LBE7:
 203              	.LBE6:
 204              		.loc 1 185 0
 205 000a D301     		se_stw %r0,12(%r1)
 206              		.cfi_offset 65, 4
 207              	.LBB9:
 208              	.LBB8:
 209              		.loc 1 205 0
 210 000c 78000001 		e_bl osalSysTimeSetup
 211              	.LVL18:
 212              	.LBE8:
 213              	.LBE9:
 214              		.loc 1 188 0
 215 0010 78000001 		e_bl vPortStartFirstTask
 216              	.LVL19:
 217              		.loc 1 192 0
 218 0014 C301     		se_lwz %r0,12(%r1)
 219 0016 0090     		se_mtlr %r0
 220              		.cfi_restore 65
 221 0018 4803     		se_li %r3,0
 222 001a 2071     		se_addi %r1,8
 223              	.LCFI1:
 224              		.cfi_def_cfa_offset 0
 225 001c 0004     		se_blr
 226              		.cfi_endproc
 227              	.LFE5:
 228              		.size	xPortStartScheduler, .-xPortStartScheduler
GAS LISTING C:\Users\marky\AppData\Local\Temp\ccXhrcwJ.s 			page 5


 229              		.section	.text.vPortEndScheduler,"axv",@progbits
 230              		.align 1
 231              		.p2align 4,,15
 232              		.globl vPortEndScheduler
 233              		.type	vPortEndScheduler, @function
 234              	vPortEndScheduler:
 235              	.LFB6:
 236              		.loc 1 196 0
 237              		.cfi_startproc
 238              	.L4:
 239              		.loc 1 198 0 discriminator 1
 240 0000 78000000 		e_b .L4
 241              		.cfi_endproc
 242              	.LFE6:
 243              		.size	vPortEndScheduler, .-vPortEndScheduler
 244              		.section	.text.prvPortTimerSetup,"axv",@progbits
 245              		.align 1
 246              		.p2align 4,,15
 247              		.globl prvPortTimerSetup
 248              		.type	prvPortTimerSetup, @function
 249              	prvPortTimerSetup:
 250              	.LFB7:
 251              		.loc 1 203 0
 252              		.cfi_startproc
 253              		.loc 1 205 0
 254 0000 706003E8 		e_li %r3,1000
 255              		.loc 1 207 0
 256              		.loc 1 205 0
 257 0004 78000000 		e_b osalSysTimeSetup
 258              	.LVL20:
 259              		.cfi_endproc
 260              	.LFE7:
 261              		.size	prvPortTimerSetup, .-prvPortTimerSetup
 262              		.section	.text.vPortTimerReset,"axv",@progbits
 263              		.align 1
 264              		.p2align 4,,15
 265              		.globl vPortTimerReset
 266              		.type	vPortTimerReset, @function
 267              	vPortTimerReset:
 268              	.LFB8:
 269              		.loc 1 211 0
 270              		.cfi_startproc
 271              		.loc 1 215 0
 272              		.loc 1 213 0
 273 0000 78000000 		e_b osalSysTimeReset
 274              	.LVL21:
 275              		.cfi_endproc
 276              	.LFE8:
 277              		.size	vPortTimerReset, .-vPortTimerReset
 278              		.section	.text.vector59,"axv",@progbits
 279              		.align 1
 280              		.p2align 4,,15
 281              		.globl vector59
 282              		.type	vector59, @function
 283              	vector59:
 284              	.LFB9:
 285              		.loc 1 219 0
GAS LISTING C:\Users\marky\AppData\Local\Temp\ccXhrcwJ.s 			page 6


 286              		.cfi_startproc
 287 0000 182106F8 		e_stwu %r1,-8(%r1)
 288              	.LCFI2:
 289              		.cfi_def_cfa_offset 8
 290 0004 0080     		se_mflr %r0
 291 0006 D301     		se_stw %r0,12(%r1)
 292              		.cfi_offset 65, 4
 293              		.loc 1 220 0
 294 0008 78000001 		e_bl xTaskIncrementTick
 295              	.LVL22:
 296              		.loc 1 222 0
 297 000c 78000001 		e_bl vTaskSwitchContext
 298              	.LVL23:
 299              		.loc 1 225 0
 300 0010 C301     		se_lwz %r0,12(%r1)
 301 0012 0090     		se_mtlr %r0
 302              		.cfi_restore 65
 303 0014 2071     		se_addi %r1,8
 304              	.LCFI3:
 305              		.cfi_def_cfa_offset 0
 306              	.LBB10:
 307              	.LBB11:
 308              		.loc 1 213 0
 309 0016 78000000 		e_b osalSysTimeReset
 310              	.LVL24:
 311              	.LBE11:
 312              	.LBE10:
 313              		.cfi_endproc
 314              	.LFE9:
 315              		.size	vector59, .-vector59
 316              		.section	".text","axv"
 317              	.Letext0:
 318              		.file 2 "c:\\spc5studio\\eclipse\\plugins\\com.st.tools.spc5.tools.gnu.gcc.ppcvle.win32_4.9.4.2018
 319              		.file 3 "c:\\spc5studio\\eclipse\\plugins\\com.st.tools.spc5.tools.gnu.gcc.ppcvle.win32_4.9.4.2018
 320              		.file 4 "./components/spc5_freertos_component_rla/lib/include/projdefs.h"
 321              		.file 5 "./components/spc5_freertos_component_rla/lib/portable/portmacro.h"
 322              		.file 6 "./components/spc560bxx_osal_component_rla/lib/include/osal.h"
 323              		.file 7 "./components/spc5_freertos_component_rla/lib/include/task.h"
 324              		.section	.debug_info,"",@progbits
 325              	.Ldebug_info0:
 326 0000 00000286 		.4byte	0x286
 327 0004 0002     		.2byte	0x2
 328 0006 00000000 		.4byte	.Ldebug_abbrev0
 329 000a 04       		.byte	0x4
 330 000b 01       		.uleb128 0x1
 331 000c 00000000 		.4byte	.LASF26
 332 0010 01       		.byte	0x1
 333 0011 00000000 		.4byte	.LASF27
 334 0015 00000000 		.4byte	.LASF28
 335 0019 00000000 		.4byte	.Ldebug_ranges0+0x18
 336 001d 00000000 		.4byte	0
 337 0021 00000000 		.4byte	0
 338 0025 00000000 		.4byte	.Ldebug_line0
 339 0029 02       		.uleb128 0x2
 340 002a 04       		.byte	0x4
 341 002b 05       		.byte	0x5
 342 002c 696E7400 		.string	"int"
GAS LISTING C:\Users\marky\AppData\Local\Temp\ccXhrcwJ.s 			page 7


 343 0030 03       		.uleb128 0x3
 344 0031 04       		.byte	0x4
 345 0032 07       		.byte	0x7
 346 0033 00000000 		.4byte	.LASF0
 347 0037 03       		.uleb128 0x3
 348 0038 04       		.byte	0x4
 349 0039 05       		.byte	0x5
 350 003a 00000000 		.4byte	.LASF1
 351 003e 03       		.uleb128 0x3
 352 003f 01       		.byte	0x1
 353 0040 06       		.byte	0x6
 354 0041 00000000 		.4byte	.LASF2
 355 0045 03       		.uleb128 0x3
 356 0046 01       		.byte	0x1
 357 0047 08       		.byte	0x8
 358 0048 00000000 		.4byte	.LASF3
 359 004c 03       		.uleb128 0x3
 360 004d 02       		.byte	0x2
 361 004e 05       		.byte	0x5
 362 004f 00000000 		.4byte	.LASF4
 363 0053 03       		.uleb128 0x3
 364 0054 02       		.byte	0x2
 365 0055 07       		.byte	0x7
 366 0056 00000000 		.4byte	.LASF5
 367 005a 04       		.uleb128 0x4
 368 005b 00000000 		.4byte	.LASF9
 369 005f 02       		.byte	0x2
 370 0060 41       		.byte	0x41
 371 0061 00000065 		.4byte	0x65
 372 0065 03       		.uleb128 0x3
 373 0066 04       		.byte	0x4
 374 0067 07       		.byte	0x7
 375 0068 00000000 		.4byte	.LASF6
 376 006c 03       		.uleb128 0x3
 377 006d 08       		.byte	0x8
 378 006e 05       		.byte	0x5
 379 006f 00000000 		.4byte	.LASF7
 380 0073 03       		.uleb128 0x3
 381 0074 08       		.byte	0x8
 382 0075 07       		.byte	0x7
 383 0076 00000000 		.4byte	.LASF8
 384 007a 04       		.uleb128 0x4
 385 007b 00000000 		.4byte	.LASF10
 386 007f 03       		.byte	0x3
 387 0080 2D       		.byte	0x2d
 388 0081 0000005A 		.4byte	0x5a
 389 0085 04       		.uleb128 0x4
 390 0086 00000000 		.4byte	.LASF11
 391 008a 04       		.byte	0x4
 392 008b 23       		.byte	0x23
 393 008c 00000090 		.4byte	0x90
 394 0090 05       		.uleb128 0x5
 395 0091 04       		.byte	0x4
 396 0092 00000096 		.4byte	0x96
 397 0096 06       		.uleb128 0x6
 398 0097 01       		.byte	0x1
 399 0098 000000A2 		.4byte	0xa2
GAS LISTING C:\Users\marky\AppData\Local\Temp\ccXhrcwJ.s 			page 8


 400 009c 07       		.uleb128 0x7
 401 009d 000000A2 		.4byte	0xa2
 402 00a1 00       		.byte	0
 403 00a2 08       		.uleb128 0x8
 404 00a3 04       		.byte	0x4
 405 00a4 04       		.uleb128 0x4
 406 00a5 00000000 		.4byte	.LASF12
 407 00a9 05       		.byte	0x5
 408 00aa 62       		.byte	0x62
 409 00ab 00000037 		.4byte	0x37
 410 00af 03       		.uleb128 0x3
 411 00b0 04       		.byte	0x4
 412 00b1 07       		.byte	0x7
 413 00b2 00000000 		.4byte	.LASF13
 414 00b6 03       		.uleb128 0x3
 415 00b7 01       		.byte	0x1
 416 00b8 08       		.byte	0x8
 417 00b9 00000000 		.4byte	.LASF14
 418 00bd 09       		.uleb128 0x9
 419 00be 01       		.byte	0x1
 420 00bf 00000000 		.4byte	.LASF15
 421 00c3 01       		.byte	0x1
 422 00c4 CA       		.byte	0xca
 423 00c5 01       		.byte	0x1
 424 00c6 01       		.byte	0x1
 425 00c7 09       		.uleb128 0x9
 426 00c8 01       		.byte	0x1
 427 00c9 00000000 		.4byte	.LASF16
 428 00cd 01       		.byte	0x1
 429 00ce D2       		.byte	0xd2
 430 00cf 01       		.byte	0x1
 431 00d0 01       		.byte	0x1
 432 00d1 0A       		.uleb128 0xa
 433 00d2 01       		.byte	0x1
 434 00d3 00000000 		.4byte	.LASF21
 435 00d7 01       		.byte	0x1
 436 00d8 6D       		.byte	0x6d
 437 00d9 01       		.byte	0x1
 438 00da 00000134 		.4byte	0x134
 439 00de 00000000 		.4byte	.LFB4
 440 00e2 00000000 		.4byte	.LFE4
 441 00e6 02       		.byte	0x2
 442 00e7 71       		.byte	0x71
 443 00e8 00       		.sleb128 0
 444 00e9 01       		.byte	0x1
 445 00ea 00000134 		.4byte	0x134
 446 00ee 0B       		.uleb128 0xb
 447 00ef 00000000 		.4byte	.LASF17
 448 00f3 01       		.byte	0x1
 449 00f4 6D       		.byte	0x6d
 450 00f5 00000134 		.4byte	0x134
 451 00f9 00000000 		.4byte	.LLST0
 452 00fd 0C       		.uleb128 0xc
 453 00fe 00000000 		.4byte	.LASF18
 454 0102 01       		.byte	0x1
 455 0103 6D       		.byte	0x6d
 456 0104 00000085 		.4byte	0x85
GAS LISTING C:\Users\marky\AppData\Local\Temp\ccXhrcwJ.s 			page 9


 457 0108 01       		.byte	0x1
 458 0109 54       		.byte	0x54
 459 010a 0B       		.uleb128 0xb
 460 010b 00000000 		.4byte	.LASF19
 461 010f 01       		.byte	0x1
 462 0110 6D       		.byte	0x6d
 463 0111 000000A2 		.4byte	0xa2
 464 0115 00000000 		.4byte	.LLST1
 465 0119 0D       		.uleb128 0xd
 466 011a 6D737200 		.string	"msr"
 467 011e 01       		.byte	0x1
 468 011f 78       		.byte	0x78
 469 0120 00000065 		.4byte	0x65
 470 0124 01       		.byte	0x1
 471 0125 56       		.byte	0x56
 472 0126 0E       		.uleb128 0xe
 473 0127 00000000 		.4byte	.LASF20
 474 012b 01       		.byte	0x1
 475 012c 79       		.byte	0x79
 476 012d 00000065 		.4byte	0x65
 477 0131 01       		.byte	0x1
 478 0132 57       		.byte	0x57
 479 0133 00       		.byte	0
 480 0134 05       		.uleb128 0x5
 481 0135 04       		.byte	0x4
 482 0136 00000065 		.4byte	0x65
 483 013a 0F       		.uleb128 0xf
 484 013b 01       		.byte	0x1
 485 013c 00000000 		.4byte	.LASF22
 486 0140 01       		.byte	0x1
 487 0141 B8       		.byte	0xb8
 488 0142 01       		.byte	0x1
 489 0143 00000037 		.4byte	0x37
 490 0147 00000000 		.4byte	.LFB5
 491 014b 00000000 		.4byte	.LFE5
 492 014f 00000000 		.4byte	.LLST2
 493 0153 01       		.byte	0x1
 494 0154 00000187 		.4byte	0x187
 495 0158 10       		.uleb128 0x10
 496 0159 000000BD 		.4byte	0xbd
 497 015d 00000000 		.4byte	.LBB6
 498 0161 00000000 		.4byte	.Ldebug_ranges0+0
 499 0165 01       		.byte	0x1
 500 0166 BA       		.byte	0xba
 501 0167 0000017D 		.4byte	0x17d
 502 016b 11       		.uleb128 0x11
 503 016c 00000000 		.4byte	.LVL18
 504 0170 00000247 		.4byte	0x247
 505 0174 12       		.uleb128 0x12
 506 0175 01       		.byte	0x1
 507 0176 53       		.byte	0x53
 508 0177 03       		.byte	0x3
 509 0178 0A       		.byte	0xa
 510 0179 03E8     		.2byte	0x3e8
 511 017b 00       		.byte	0
 512 017c 00       		.byte	0
 513 017d 13       		.uleb128 0x13
GAS LISTING C:\Users\marky\AppData\Local\Temp\ccXhrcwJ.s 			page 10


 514 017e 00000000 		.4byte	.LVL19
 515 0182 0000025B 		.4byte	0x25b
 516 0186 00       		.byte	0
 517 0187 14       		.uleb128 0x14
 518 0188 01       		.byte	0x1
 519 0189 00000000 		.4byte	.LASF29
 520 018d 01       		.byte	0x1
 521 018e C3       		.byte	0xc3
 522 018f 01       		.byte	0x1
 523 0190 00000000 		.4byte	.LFB6
 524 0194 00000000 		.4byte	.LFE6
 525 0198 02       		.byte	0x2
 526 0199 71       		.byte	0x71
 527 019a 00       		.sleb128 0
 528 019b 01       		.byte	0x1
 529 019c 15       		.uleb128 0x15
 530 019d 000000BD 		.4byte	0xbd
 531 01a1 00000000 		.4byte	.LFB7
 532 01a5 00000000 		.4byte	.LFE7
 533 01a9 02       		.byte	0x2
 534 01aa 71       		.byte	0x71
 535 01ab 00       		.sleb128 0
 536 01ac 01       		.byte	0x1
 537 01ad 000001C4 		.4byte	0x1c4
 538 01b1 16       		.uleb128 0x16
 539 01b2 00000000 		.4byte	.LVL20
 540 01b6 01       		.byte	0x1
 541 01b7 00000247 		.4byte	0x247
 542 01bb 12       		.uleb128 0x12
 543 01bc 01       		.byte	0x1
 544 01bd 53       		.byte	0x53
 545 01be 03       		.byte	0x3
 546 01bf 0A       		.byte	0xa
 547 01c0 03E8     		.2byte	0x3e8
 548 01c2 00       		.byte	0
 549 01c3 00       		.byte	0
 550 01c4 15       		.uleb128 0x15
 551 01c5 000000C7 		.4byte	0xc7
 552 01c9 00000000 		.4byte	.LFB8
 553 01cd 00000000 		.4byte	.LFE8
 554 01d1 02       		.byte	0x2
 555 01d2 71       		.byte	0x71
 556 01d3 00       		.sleb128 0
 557 01d4 01       		.byte	0x1
 558 01d5 000001E4 		.4byte	0x1e4
 559 01d9 17       		.uleb128 0x17
 560 01da 00000000 		.4byte	.LVL21
 561 01de 01       		.byte	0x1
 562 01df 00000265 		.4byte	0x265
 563 01e3 00       		.byte	0
 564 01e4 18       		.uleb128 0x18
 565 01e5 01       		.byte	0x1
 566 01e6 00000000 		.4byte	.LASF30
 567 01ea 01       		.byte	0x1
 568 01eb DA       		.byte	0xda
 569 01ec 01       		.byte	0x1
 570 01ed 00000000 		.4byte	.LFB9
GAS LISTING C:\Users\marky\AppData\Local\Temp\ccXhrcwJ.s 			page 11


 571 01f1 00000000 		.4byte	.LFE9
 572 01f5 00000000 		.4byte	.LLST3
 573 01f9 01       		.byte	0x1
 574 01fa 0000022F 		.4byte	0x22f
 575 01fe 19       		.uleb128 0x19
 576 01ff 000000C7 		.4byte	0xc7
 577 0203 00000000 		.4byte	.LBB10
 578 0207 00000000 		.4byte	.LBE10
 579 020b 01       		.byte	0x1
 580 020c E0       		.byte	0xe0
 581 020d 0000021C 		.4byte	0x21c
 582 0211 17       		.uleb128 0x17
 583 0212 00000000 		.4byte	.LVL24
 584 0216 01       		.byte	0x1
 585 0217 00000265 		.4byte	0x265
 586 021b 00       		.byte	0
 587 021c 13       		.uleb128 0x13
 588 021d 00000000 		.4byte	.LVL22
 589 0221 0000026F 		.4byte	0x26f
 590 0225 13       		.uleb128 0x13
 591 0226 00000000 		.4byte	.LVL23
 592 022a 0000027E 		.4byte	0x27e
 593 022e 00       		.byte	0
 594 022f 1A       		.uleb128 0x1a
 595 0230 00000065 		.4byte	0x65
 596 0234 0000023A 		.4byte	0x23a
 597 0238 1B       		.uleb128 0x1b
 598 0239 00       		.byte	0
 599 023a 1C       		.uleb128 0x1c
 600 023b 00000000 		.4byte	.LASF31
 601 023f 01       		.byte	0x1
 602 0240 58       		.byte	0x58
 603 0241 0000022F 		.4byte	0x22f
 604 0245 01       		.byte	0x1
 605 0246 01       		.byte	0x1
 606 0247 1D       		.uleb128 0x1d
 607 0248 01       		.byte	0x1
 608 0249 00000000 		.4byte	.LASF32
 609 024d 06       		.byte	0x6
 610 024e 8D       		.byte	0x8d
 611 024f 01       		.byte	0x1
 612 0250 01       		.byte	0x1
 613 0251 0000025B 		.4byte	0x25b
 614 0255 07       		.uleb128 0x7
 615 0256 0000007A 		.4byte	0x7a
 616 025a 00       		.byte	0
 617 025b 1E       		.uleb128 0x1e
 618 025c 01       		.byte	0x1
 619 025d 00000000 		.4byte	.LASF23
 620 0261 01       		.byte	0x1
 621 0262 5F       		.byte	0x5f
 622 0263 01       		.byte	0x1
 623 0264 01       		.byte	0x1
 624 0265 1E       		.uleb128 0x1e
 625 0266 01       		.byte	0x1
 626 0267 00000000 		.4byte	.LASF24
 627 026b 06       		.byte	0x6
GAS LISTING C:\Users\marky\AppData\Local\Temp\ccXhrcwJ.s 			page 12


 628 026c 8E       		.byte	0x8e
 629 026d 01       		.byte	0x1
 630 026e 01       		.byte	0x1
 631 026f 1F       		.uleb128 0x1f
 632 0270 01       		.byte	0x1
 633 0271 00000000 		.4byte	.LASF33
 634 0275 07       		.byte	0x7
 635 0276 089C     		.2byte	0x89c
 636 0278 01       		.byte	0x1
 637 0279 000000A4 		.4byte	0xa4
 638 027d 01       		.byte	0x1
 639 027e 20       		.uleb128 0x20
 640 027f 01       		.byte	0x1
 641 0280 00000000 		.4byte	.LASF25
 642 0284 07       		.byte	0x7
 643 0285 08F0     		.2byte	0x8f0
 644 0287 01       		.byte	0x1
 645 0288 01       		.byte	0x1
 646 0289 00       		.byte	0
 647              		.section	.debug_abbrev,"",@progbits
 648              	.Ldebug_abbrev0:
 649 0000 01       		.uleb128 0x1
 650 0001 11       		.uleb128 0x11
 651 0002 01       		.byte	0x1
 652 0003 25       		.uleb128 0x25
 653 0004 0E       		.uleb128 0xe
 654 0005 13       		.uleb128 0x13
 655 0006 0B       		.uleb128 0xb
 656 0007 03       		.uleb128 0x3
 657 0008 0E       		.uleb128 0xe
 658 0009 1B       		.uleb128 0x1b
 659 000a 0E       		.uleb128 0xe
 660 000b 55       		.uleb128 0x55
 661 000c 06       		.uleb128 0x6
 662 000d 11       		.uleb128 0x11
 663 000e 01       		.uleb128 0x1
 664 000f 52       		.uleb128 0x52
 665 0010 01       		.uleb128 0x1
 666 0011 10       		.uleb128 0x10
 667 0012 06       		.uleb128 0x6
 668 0013 00       		.byte	0
 669 0014 00       		.byte	0
 670 0015 02       		.uleb128 0x2
 671 0016 24       		.uleb128 0x24
 672 0017 00       		.byte	0
 673 0018 0B       		.uleb128 0xb
 674 0019 0B       		.uleb128 0xb
 675 001a 3E       		.uleb128 0x3e
 676 001b 0B       		.uleb128 0xb
 677 001c 03       		.uleb128 0x3
 678 001d 08       		.uleb128 0x8
 679 001e 00       		.byte	0
 680 001f 00       		.byte	0
 681 0020 03       		.uleb128 0x3
 682 0021 24       		.uleb128 0x24
 683 0022 00       		.byte	0
 684 0023 0B       		.uleb128 0xb
GAS LISTING C:\Users\marky\AppData\Local\Temp\ccXhrcwJ.s 			page 13


 685 0024 0B       		.uleb128 0xb
 686 0025 3E       		.uleb128 0x3e
 687 0026 0B       		.uleb128 0xb
 688 0027 03       		.uleb128 0x3
 689 0028 0E       		.uleb128 0xe
 690 0029 00       		.byte	0
 691 002a 00       		.byte	0
 692 002b 04       		.uleb128 0x4
 693 002c 16       		.uleb128 0x16
 694 002d 00       		.byte	0
 695 002e 03       		.uleb128 0x3
 696 002f 0E       		.uleb128 0xe
 697 0030 3A       		.uleb128 0x3a
 698 0031 0B       		.uleb128 0xb
 699 0032 3B       		.uleb128 0x3b
 700 0033 0B       		.uleb128 0xb
 701 0034 49       		.uleb128 0x49
 702 0035 13       		.uleb128 0x13
 703 0036 00       		.byte	0
 704 0037 00       		.byte	0
 705 0038 05       		.uleb128 0x5
 706 0039 0F       		.uleb128 0xf
 707 003a 00       		.byte	0
 708 003b 0B       		.uleb128 0xb
 709 003c 0B       		.uleb128 0xb
 710 003d 49       		.uleb128 0x49
 711 003e 13       		.uleb128 0x13
 712 003f 00       		.byte	0
 713 0040 00       		.byte	0
 714 0041 06       		.uleb128 0x6
 715 0042 15       		.uleb128 0x15
 716 0043 01       		.byte	0x1
 717 0044 27       		.uleb128 0x27
 718 0045 0C       		.uleb128 0xc
 719 0046 01       		.uleb128 0x1
 720 0047 13       		.uleb128 0x13
 721 0048 00       		.byte	0
 722 0049 00       		.byte	0
 723 004a 07       		.uleb128 0x7
 724 004b 05       		.uleb128 0x5
 725 004c 00       		.byte	0
 726 004d 49       		.uleb128 0x49
 727 004e 13       		.uleb128 0x13
 728 004f 00       		.byte	0
 729 0050 00       		.byte	0
 730 0051 08       		.uleb128 0x8
 731 0052 0F       		.uleb128 0xf
 732 0053 00       		.byte	0
 733 0054 0B       		.uleb128 0xb
 734 0055 0B       		.uleb128 0xb
 735 0056 00       		.byte	0
 736 0057 00       		.byte	0
 737 0058 09       		.uleb128 0x9
 738 0059 2E       		.uleb128 0x2e
 739 005a 00       		.byte	0
 740 005b 3F       		.uleb128 0x3f
 741 005c 0C       		.uleb128 0xc
GAS LISTING C:\Users\marky\AppData\Local\Temp\ccXhrcwJ.s 			page 14


 742 005d 03       		.uleb128 0x3
 743 005e 0E       		.uleb128 0xe
 744 005f 3A       		.uleb128 0x3a
 745 0060 0B       		.uleb128 0xb
 746 0061 3B       		.uleb128 0x3b
 747 0062 0B       		.uleb128 0xb
 748 0063 27       		.uleb128 0x27
 749 0064 0C       		.uleb128 0xc
 750 0065 20       		.uleb128 0x20
 751 0066 0B       		.uleb128 0xb
 752 0067 00       		.byte	0
 753 0068 00       		.byte	0
 754 0069 0A       		.uleb128 0xa
 755 006a 2E       		.uleb128 0x2e
 756 006b 01       		.byte	0x1
 757 006c 3F       		.uleb128 0x3f
 758 006d 0C       		.uleb128 0xc
 759 006e 03       		.uleb128 0x3
 760 006f 0E       		.uleb128 0xe
 761 0070 3A       		.uleb128 0x3a
 762 0071 0B       		.uleb128 0xb
 763 0072 3B       		.uleb128 0x3b
 764 0073 0B       		.uleb128 0xb
 765 0074 27       		.uleb128 0x27
 766 0075 0C       		.uleb128 0xc
 767 0076 49       		.uleb128 0x49
 768 0077 13       		.uleb128 0x13
 769 0078 11       		.uleb128 0x11
 770 0079 01       		.uleb128 0x1
 771 007a 12       		.uleb128 0x12
 772 007b 01       		.uleb128 0x1
 773 007c 40       		.uleb128 0x40
 774 007d 0A       		.uleb128 0xa
 775 007e 9742     		.uleb128 0x2117
 776 0080 0C       		.uleb128 0xc
 777 0081 01       		.uleb128 0x1
 778 0082 13       		.uleb128 0x13
 779 0083 00       		.byte	0
 780 0084 00       		.byte	0
 781 0085 0B       		.uleb128 0xb
 782 0086 05       		.uleb128 0x5
 783 0087 00       		.byte	0
 784 0088 03       		.uleb128 0x3
 785 0089 0E       		.uleb128 0xe
 786 008a 3A       		.uleb128 0x3a
 787 008b 0B       		.uleb128 0xb
 788 008c 3B       		.uleb128 0x3b
 789 008d 0B       		.uleb128 0xb
 790 008e 49       		.uleb128 0x49
 791 008f 13       		.uleb128 0x13
 792 0090 02       		.uleb128 0x2
 793 0091 06       		.uleb128 0x6
 794 0092 00       		.byte	0
 795 0093 00       		.byte	0
 796 0094 0C       		.uleb128 0xc
 797 0095 05       		.uleb128 0x5
 798 0096 00       		.byte	0
GAS LISTING C:\Users\marky\AppData\Local\Temp\ccXhrcwJ.s 			page 15


 799 0097 03       		.uleb128 0x3
 800 0098 0E       		.uleb128 0xe
 801 0099 3A       		.uleb128 0x3a
 802 009a 0B       		.uleb128 0xb
 803 009b 3B       		.uleb128 0x3b
 804 009c 0B       		.uleb128 0xb
 805 009d 49       		.uleb128 0x49
 806 009e 13       		.uleb128 0x13
 807 009f 02       		.uleb128 0x2
 808 00a0 0A       		.uleb128 0xa
 809 00a1 00       		.byte	0
 810 00a2 00       		.byte	0
 811 00a3 0D       		.uleb128 0xd
 812 00a4 34       		.uleb128 0x34
 813 00a5 00       		.byte	0
 814 00a6 03       		.uleb128 0x3
 815 00a7 08       		.uleb128 0x8
 816 00a8 3A       		.uleb128 0x3a
 817 00a9 0B       		.uleb128 0xb
 818 00aa 3B       		.uleb128 0x3b
 819 00ab 0B       		.uleb128 0xb
 820 00ac 49       		.uleb128 0x49
 821 00ad 13       		.uleb128 0x13
 822 00ae 02       		.uleb128 0x2
 823 00af 0A       		.uleb128 0xa
 824 00b0 00       		.byte	0
 825 00b1 00       		.byte	0
 826 00b2 0E       		.uleb128 0xe
 827 00b3 34       		.uleb128 0x34
 828 00b4 00       		.byte	0
 829 00b5 03       		.uleb128 0x3
 830 00b6 0E       		.uleb128 0xe
 831 00b7 3A       		.uleb128 0x3a
 832 00b8 0B       		.uleb128 0xb
 833 00b9 3B       		.uleb128 0x3b
 834 00ba 0B       		.uleb128 0xb
 835 00bb 49       		.uleb128 0x49
 836 00bc 13       		.uleb128 0x13
 837 00bd 02       		.uleb128 0x2
 838 00be 0A       		.uleb128 0xa
 839 00bf 00       		.byte	0
 840 00c0 00       		.byte	0
 841 00c1 0F       		.uleb128 0xf
 842 00c2 2E       		.uleb128 0x2e
 843 00c3 01       		.byte	0x1
 844 00c4 3F       		.uleb128 0x3f
 845 00c5 0C       		.uleb128 0xc
 846 00c6 03       		.uleb128 0x3
 847 00c7 0E       		.uleb128 0xe
 848 00c8 3A       		.uleb128 0x3a
 849 00c9 0B       		.uleb128 0xb
 850 00ca 3B       		.uleb128 0x3b
 851 00cb 0B       		.uleb128 0xb
 852 00cc 27       		.uleb128 0x27
 853 00cd 0C       		.uleb128 0xc
 854 00ce 49       		.uleb128 0x49
 855 00cf 13       		.uleb128 0x13
GAS LISTING C:\Users\marky\AppData\Local\Temp\ccXhrcwJ.s 			page 16


 856 00d0 11       		.uleb128 0x11
 857 00d1 01       		.uleb128 0x1
 858 00d2 12       		.uleb128 0x12
 859 00d3 01       		.uleb128 0x1
 860 00d4 40       		.uleb128 0x40
 861 00d5 06       		.uleb128 0x6
 862 00d6 9742     		.uleb128 0x2117
 863 00d8 0C       		.uleb128 0xc
 864 00d9 01       		.uleb128 0x1
 865 00da 13       		.uleb128 0x13
 866 00db 00       		.byte	0
 867 00dc 00       		.byte	0
 868 00dd 10       		.uleb128 0x10
 869 00de 1D       		.uleb128 0x1d
 870 00df 01       		.byte	0x1
 871 00e0 31       		.uleb128 0x31
 872 00e1 13       		.uleb128 0x13
 873 00e2 52       		.uleb128 0x52
 874 00e3 01       		.uleb128 0x1
 875 00e4 55       		.uleb128 0x55
 876 00e5 06       		.uleb128 0x6
 877 00e6 58       		.uleb128 0x58
 878 00e7 0B       		.uleb128 0xb
 879 00e8 59       		.uleb128 0x59
 880 00e9 0B       		.uleb128 0xb
 881 00ea 01       		.uleb128 0x1
 882 00eb 13       		.uleb128 0x13
 883 00ec 00       		.byte	0
 884 00ed 00       		.byte	0
 885 00ee 11       		.uleb128 0x11
 886 00ef 898201   		.uleb128 0x4109
 887 00f2 01       		.byte	0x1
 888 00f3 11       		.uleb128 0x11
 889 00f4 01       		.uleb128 0x1
 890 00f5 31       		.uleb128 0x31
 891 00f6 13       		.uleb128 0x13
 892 00f7 00       		.byte	0
 893 00f8 00       		.byte	0
 894 00f9 12       		.uleb128 0x12
 895 00fa 8A8201   		.uleb128 0x410a
 896 00fd 00       		.byte	0
 897 00fe 02       		.uleb128 0x2
 898 00ff 0A       		.uleb128 0xa
 899 0100 9142     		.uleb128 0x2111
 900 0102 0A       		.uleb128 0xa
 901 0103 00       		.byte	0
 902 0104 00       		.byte	0
 903 0105 13       		.uleb128 0x13
 904 0106 898201   		.uleb128 0x4109
 905 0109 00       		.byte	0
 906 010a 11       		.uleb128 0x11
 907 010b 01       		.uleb128 0x1
 908 010c 31       		.uleb128 0x31
 909 010d 13       		.uleb128 0x13
 910 010e 00       		.byte	0
 911 010f 00       		.byte	0
 912 0110 14       		.uleb128 0x14
GAS LISTING C:\Users\marky\AppData\Local\Temp\ccXhrcwJ.s 			page 17


 913 0111 2E       		.uleb128 0x2e
 914 0112 00       		.byte	0
 915 0113 3F       		.uleb128 0x3f
 916 0114 0C       		.uleb128 0xc
 917 0115 03       		.uleb128 0x3
 918 0116 0E       		.uleb128 0xe
 919 0117 3A       		.uleb128 0x3a
 920 0118 0B       		.uleb128 0xb
 921 0119 3B       		.uleb128 0x3b
 922 011a 0B       		.uleb128 0xb
 923 011b 27       		.uleb128 0x27
 924 011c 0C       		.uleb128 0xc
 925 011d 11       		.uleb128 0x11
 926 011e 01       		.uleb128 0x1
 927 011f 12       		.uleb128 0x12
 928 0120 01       		.uleb128 0x1
 929 0121 40       		.uleb128 0x40
 930 0122 0A       		.uleb128 0xa
 931 0123 9742     		.uleb128 0x2117
 932 0125 0C       		.uleb128 0xc
 933 0126 00       		.byte	0
 934 0127 00       		.byte	0
 935 0128 15       		.uleb128 0x15
 936 0129 2E       		.uleb128 0x2e
 937 012a 01       		.byte	0x1
 938 012b 31       		.uleb128 0x31
 939 012c 13       		.uleb128 0x13
 940 012d 11       		.uleb128 0x11
 941 012e 01       		.uleb128 0x1
 942 012f 12       		.uleb128 0x12
 943 0130 01       		.uleb128 0x1
 944 0131 40       		.uleb128 0x40
 945 0132 0A       		.uleb128 0xa
 946 0133 9742     		.uleb128 0x2117
 947 0135 0C       		.uleb128 0xc
 948 0136 01       		.uleb128 0x1
 949 0137 13       		.uleb128 0x13
 950 0138 00       		.byte	0
 951 0139 00       		.byte	0
 952 013a 16       		.uleb128 0x16
 953 013b 898201   		.uleb128 0x4109
 954 013e 01       		.byte	0x1
 955 013f 11       		.uleb128 0x11
 956 0140 01       		.uleb128 0x1
 957 0141 9542     		.uleb128 0x2115
 958 0143 0C       		.uleb128 0xc
 959 0144 31       		.uleb128 0x31
 960 0145 13       		.uleb128 0x13
 961 0146 00       		.byte	0
 962 0147 00       		.byte	0
 963 0148 17       		.uleb128 0x17
 964 0149 898201   		.uleb128 0x4109
 965 014c 00       		.byte	0
 966 014d 11       		.uleb128 0x11
 967 014e 01       		.uleb128 0x1
 968 014f 9542     		.uleb128 0x2115
 969 0151 0C       		.uleb128 0xc
GAS LISTING C:\Users\marky\AppData\Local\Temp\ccXhrcwJ.s 			page 18


 970 0152 31       		.uleb128 0x31
 971 0153 13       		.uleb128 0x13
 972 0154 00       		.byte	0
 973 0155 00       		.byte	0
 974 0156 18       		.uleb128 0x18
 975 0157 2E       		.uleb128 0x2e
 976 0158 01       		.byte	0x1
 977 0159 3F       		.uleb128 0x3f
 978 015a 0C       		.uleb128 0xc
 979 015b 03       		.uleb128 0x3
 980 015c 0E       		.uleb128 0xe
 981 015d 3A       		.uleb128 0x3a
 982 015e 0B       		.uleb128 0xb
 983 015f 3B       		.uleb128 0x3b
 984 0160 0B       		.uleb128 0xb
 985 0161 27       		.uleb128 0x27
 986 0162 0C       		.uleb128 0xc
 987 0163 11       		.uleb128 0x11
 988 0164 01       		.uleb128 0x1
 989 0165 12       		.uleb128 0x12
 990 0166 01       		.uleb128 0x1
 991 0167 40       		.uleb128 0x40
 992 0168 06       		.uleb128 0x6
 993 0169 9742     		.uleb128 0x2117
 994 016b 0C       		.uleb128 0xc
 995 016c 01       		.uleb128 0x1
 996 016d 13       		.uleb128 0x13
 997 016e 00       		.byte	0
 998 016f 00       		.byte	0
 999 0170 19       		.uleb128 0x19
 1000 0171 1D       		.uleb128 0x1d
 1001 0172 01       		.byte	0x1
 1002 0173 31       		.uleb128 0x31
 1003 0174 13       		.uleb128 0x13
 1004 0175 11       		.uleb128 0x11
 1005 0176 01       		.uleb128 0x1
 1006 0177 12       		.uleb128 0x12
 1007 0178 01       		.uleb128 0x1
 1008 0179 58       		.uleb128 0x58
 1009 017a 0B       		.uleb128 0xb
 1010 017b 59       		.uleb128 0x59
 1011 017c 0B       		.uleb128 0xb
 1012 017d 01       		.uleb128 0x1
 1013 017e 13       		.uleb128 0x13
 1014 017f 00       		.byte	0
 1015 0180 00       		.byte	0
 1016 0181 1A       		.uleb128 0x1a
 1017 0182 01       		.uleb128 0x1
 1018 0183 01       		.byte	0x1
 1019 0184 49       		.uleb128 0x49
 1020 0185 13       		.uleb128 0x13
 1021 0186 01       		.uleb128 0x1
 1022 0187 13       		.uleb128 0x13
 1023 0188 00       		.byte	0
 1024 0189 00       		.byte	0
 1025 018a 1B       		.uleb128 0x1b
 1026 018b 21       		.uleb128 0x21
GAS LISTING C:\Users\marky\AppData\Local\Temp\ccXhrcwJ.s 			page 19


 1027 018c 00       		.byte	0
 1028 018d 00       		.byte	0
 1029 018e 00       		.byte	0
 1030 018f 1C       		.uleb128 0x1c
 1031 0190 34       		.uleb128 0x34
 1032 0191 00       		.byte	0
 1033 0192 03       		.uleb128 0x3
 1034 0193 0E       		.uleb128 0xe
 1035 0194 3A       		.uleb128 0x3a
 1036 0195 0B       		.uleb128 0xb
 1037 0196 3B       		.uleb128 0x3b
 1038 0197 0B       		.uleb128 0xb
 1039 0198 49       		.uleb128 0x49
 1040 0199 13       		.uleb128 0x13
 1041 019a 3F       		.uleb128 0x3f
 1042 019b 0C       		.uleb128 0xc
 1043 019c 3C       		.uleb128 0x3c
 1044 019d 0C       		.uleb128 0xc
 1045 019e 00       		.byte	0
 1046 019f 00       		.byte	0
 1047 01a0 1D       		.uleb128 0x1d
 1048 01a1 2E       		.uleb128 0x2e
 1049 01a2 01       		.byte	0x1
 1050 01a3 3F       		.uleb128 0x3f
 1051 01a4 0C       		.uleb128 0xc
 1052 01a5 03       		.uleb128 0x3
 1053 01a6 0E       		.uleb128 0xe
 1054 01a7 3A       		.uleb128 0x3a
 1055 01a8 0B       		.uleb128 0xb
 1056 01a9 3B       		.uleb128 0x3b
 1057 01aa 0B       		.uleb128 0xb
 1058 01ab 27       		.uleb128 0x27
 1059 01ac 0C       		.uleb128 0xc
 1060 01ad 3C       		.uleb128 0x3c
 1061 01ae 0C       		.uleb128 0xc
 1062 01af 01       		.uleb128 0x1
 1063 01b0 13       		.uleb128 0x13
 1064 01b1 00       		.byte	0
 1065 01b2 00       		.byte	0
 1066 01b3 1E       		.uleb128 0x1e
 1067 01b4 2E       		.uleb128 0x2e
 1068 01b5 00       		.byte	0
 1069 01b6 3F       		.uleb128 0x3f
 1070 01b7 0C       		.uleb128 0xc
 1071 01b8 03       		.uleb128 0x3
 1072 01b9 0E       		.uleb128 0xe
 1073 01ba 3A       		.uleb128 0x3a
 1074 01bb 0B       		.uleb128 0xb
 1075 01bc 3B       		.uleb128 0x3b
 1076 01bd 0B       		.uleb128 0xb
 1077 01be 27       		.uleb128 0x27
 1078 01bf 0C       		.uleb128 0xc
 1079 01c0 3C       		.uleb128 0x3c
 1080 01c1 0C       		.uleb128 0xc
 1081 01c2 00       		.byte	0
 1082 01c3 00       		.byte	0
 1083 01c4 1F       		.uleb128 0x1f
GAS LISTING C:\Users\marky\AppData\Local\Temp\ccXhrcwJ.s 			page 20


 1084 01c5 2E       		.uleb128 0x2e
 1085 01c6 00       		.byte	0
 1086 01c7 3F       		.uleb128 0x3f
 1087 01c8 0C       		.uleb128 0xc
 1088 01c9 03       		.uleb128 0x3
 1089 01ca 0E       		.uleb128 0xe
 1090 01cb 3A       		.uleb128 0x3a
 1091 01cc 0B       		.uleb128 0xb
 1092 01cd 3B       		.uleb128 0x3b
 1093 01ce 05       		.uleb128 0x5
 1094 01cf 27       		.uleb128 0x27
 1095 01d0 0C       		.uleb128 0xc
 1096 01d1 49       		.uleb128 0x49
 1097 01d2 13       		.uleb128 0x13
 1098 01d3 3C       		.uleb128 0x3c
 1099 01d4 0C       		.uleb128 0xc
 1100 01d5 00       		.byte	0
 1101 01d6 00       		.byte	0
 1102 01d7 20       		.uleb128 0x20
 1103 01d8 2E       		.uleb128 0x2e
 1104 01d9 00       		.byte	0
 1105 01da 3F       		.uleb128 0x3f
 1106 01db 0C       		.uleb128 0xc
 1107 01dc 03       		.uleb128 0x3
 1108 01dd 0E       		.uleb128 0xe
 1109 01de 3A       		.uleb128 0x3a
 1110 01df 0B       		.uleb128 0xb
 1111 01e0 3B       		.uleb128 0x3b
 1112 01e1 05       		.uleb128 0x5
 1113 01e2 27       		.uleb128 0x27
 1114 01e3 0C       		.uleb128 0xc
 1115 01e4 3C       		.uleb128 0x3c
 1116 01e5 0C       		.uleb128 0xc
 1117 01e6 00       		.byte	0
 1118 01e7 00       		.byte	0
 1119 01e8 00       		.byte	0
 1120              		.section	.debug_loc,"",@progbits
 1121              	.Ldebug_loc0:
 1122              	.LLST0:
 1123 0000 00000000 		.4byte	.LVL0
 1124 0004 00000000 		.4byte	.LVL1
 1125 0008 0001     		.2byte	0x1
 1126 000a 53       		.byte	0x53
 1127 000b 00000000 		.4byte	.LVL1
 1128 000f 00000000 		.4byte	.LVL2
 1129 0013 0003     		.2byte	0x3
 1130 0015 73       		.byte	0x73
 1131 0016 5C       		.sleb128 -36
 1132 0017 9F       		.byte	0x9f
 1133 0018 00000000 		.4byte	.LVL2
 1134 001c 00000000 		.4byte	.LVL3
 1135 0020 0003     		.2byte	0x3
 1136 0022 73       		.byte	0x73
 1137 0023 58       		.sleb128 -40
 1138 0024 9F       		.byte	0x9f
 1139 0025 00000000 		.4byte	.LVL3
 1140 0029 00000000 		.4byte	.LVL4
GAS LISTING C:\Users\marky\AppData\Local\Temp\ccXhrcwJ.s 			page 21


 1141 002d 0003     		.2byte	0x3
 1142 002f 73       		.byte	0x73
 1143 0030 50       		.sleb128 -48
 1144 0031 9F       		.byte	0x9f
 1145 0032 00000000 		.4byte	.LVL4
 1146 0036 00000000 		.4byte	.LVL5
 1147 003a 0003     		.2byte	0x3
 1148 003c 73       		.byte	0x73
 1149 003d 4C       		.sleb128 -52
 1150 003e 9F       		.byte	0x9f
 1151 003f 00000000 		.4byte	.LVL5
 1152 0043 00000000 		.4byte	.LVL6
 1153 0047 0003     		.2byte	0x3
 1154 0049 73       		.byte	0x73
 1155 004a 48       		.sleb128 -56
 1156 004b 9F       		.byte	0x9f
 1157 004c 00000000 		.4byte	.LVL6
 1158 0050 00000000 		.4byte	.LVL7
 1159 0054 0003     		.2byte	0x3
 1160 0056 73       		.byte	0x73
 1161 0057 44       		.sleb128 -60
 1162 0058 9F       		.byte	0x9f
 1163 0059 00000000 		.4byte	.LVL7
 1164 005d 00000000 		.4byte	.LVL8
 1165 0061 0003     		.2byte	0x3
 1166 0063 73       		.byte	0x73
 1167 0064 40       		.sleb128 -64
 1168 0065 9F       		.byte	0x9f
 1169 0066 00000000 		.4byte	.LVL8
 1170 006a 00000000 		.4byte	.LVL9
 1171 006e 0004     		.2byte	0x4
 1172 0070 73       		.byte	0x73
 1173 0071 BC7F     		.sleb128 -68
 1174 0073 9F       		.byte	0x9f
 1175 0074 00000000 		.4byte	.LVL9
 1176 0078 00000000 		.4byte	.LVL10
 1177 007c 0004     		.2byte	0x4
 1178 007e 73       		.byte	0x73
 1179 007f B87F     		.sleb128 -72
 1180 0081 9F       		.byte	0x9f
 1181 0082 00000000 		.4byte	.LVL10
 1182 0086 00000000 		.4byte	.LVL11
 1183 008a 0004     		.2byte	0x4
 1184 008c 73       		.byte	0x73
 1185 008d B47F     		.sleb128 -76
 1186 008f 9F       		.byte	0x9f
 1187 0090 00000000 		.4byte	.LVL11
 1188 0094 00000000 		.4byte	.LVL12
 1189 0098 0004     		.2byte	0x4
 1190 009a 73       		.byte	0x73
 1191 009b B07F     		.sleb128 -80
 1192 009d 9F       		.byte	0x9f
 1193 009e 00000000 		.4byte	.LVL12
 1194 00a2 00000000 		.4byte	.LVL13
 1195 00a6 0004     		.2byte	0x4
 1196 00a8 73       		.byte	0x73
 1197 00a9 AC7F     		.sleb128 -84
GAS LISTING C:\Users\marky\AppData\Local\Temp\ccXhrcwJ.s 			page 22


 1198 00ab 9F       		.byte	0x9f
 1199 00ac 00000000 		.4byte	.LVL13
 1200 00b0 00000000 		.4byte	.LVL15
 1201 00b4 0004     		.2byte	0x4
 1202 00b6 73       		.byte	0x73
 1203 00b7 A87F     		.sleb128 -88
 1204 00b9 9F       		.byte	0x9f
 1205 00ba 00000000 		.4byte	.LVL15
 1206 00be 00000000 		.4byte	.LVL16
 1207 00c2 0004     		.2byte	0x4
 1208 00c4 73       		.byte	0x73
 1209 00c5 A47F     		.sleb128 -92
 1210 00c7 9F       		.byte	0x9f
 1211 00c8 00000000 		.4byte	.LVL16
 1212 00cc 00000000 		.4byte	.LVL17
 1213 00d0 0004     		.2byte	0x4
 1214 00d2 73       		.byte	0x73
 1215 00d3 8001     		.sleb128 128
 1216 00d5 9F       		.byte	0x9f
 1217 00d6 00000000 		.4byte	0
 1218 00da 00000000 		.4byte	0
 1219              	.LLST1:
 1220 00de 00000000 		.4byte	.LVL0
 1221 00e2 00000000 		.4byte	.LVL14
 1222 00e6 0001     		.2byte	0x1
 1223 00e8 55       		.byte	0x55
 1224 00e9 00000000 		.4byte	.LVL14
 1225 00ed 00000000 		.4byte	.LVL16
 1226 00f1 0003     		.2byte	0x3
 1227 00f3 73       		.byte	0x73
 1228 00f4 DC7E     		.sleb128 -164
 1229 00f6 00000000 		.4byte	.LVL16
 1230 00fa 00000000 		.4byte	.LFE4
 1231 00fe 0002     		.2byte	0x2
 1232 0100 73       		.byte	0x73
 1233 0101 38       		.sleb128 56
 1234 0102 00000000 		.4byte	0
 1235 0106 00000000 		.4byte	0
 1236              	.LLST2:
 1237 010a 00000000 		.4byte	.LFB5
 1238 010e 00000000 		.4byte	.LCFI0
 1239 0112 0002     		.2byte	0x2
 1240 0114 71       		.byte	0x71
 1241 0115 00       		.sleb128 0
 1242 0116 00000000 		.4byte	.LCFI0
 1243 011a 00000000 		.4byte	.LCFI1
 1244 011e 0002     		.2byte	0x2
 1245 0120 71       		.byte	0x71
 1246 0121 08       		.sleb128 8
 1247 0122 00000000 		.4byte	.LCFI1
 1248 0126 00000000 		.4byte	.LFE5
 1249 012a 0002     		.2byte	0x2
 1250 012c 71       		.byte	0x71
 1251 012d 00       		.sleb128 0
 1252 012e 00000000 		.4byte	0
 1253 0132 00000000 		.4byte	0
 1254              	.LLST3:
GAS LISTING C:\Users\marky\AppData\Local\Temp\ccXhrcwJ.s 			page 23


 1255 0136 00000000 		.4byte	.LFB9
 1256 013a 00000000 		.4byte	.LCFI2
 1257 013e 0002     		.2byte	0x2
 1258 0140 71       		.byte	0x71
 1259 0141 00       		.sleb128 0
 1260 0142 00000000 		.4byte	.LCFI2
 1261 0146 00000000 		.4byte	.LCFI3
 1262 014a 0002     		.2byte	0x2
 1263 014c 71       		.byte	0x71
 1264 014d 08       		.sleb128 8
 1265 014e 00000000 		.4byte	.LCFI3
 1266 0152 00000000 		.4byte	.LFE9
 1267 0156 0002     		.2byte	0x2
 1268 0158 71       		.byte	0x71
 1269 0159 00       		.sleb128 0
 1270 015a 00000000 		.4byte	0
 1271 015e 00000000 		.4byte	0
 1272              		.section	.debug_aranges,"",@progbits
 1273 0000 00000044 		.4byte	0x44
 1274 0004 0002     		.2byte	0x2
 1275 0006 00000000 		.4byte	.Ldebug_info0
 1276 000a 04       		.byte	0x4
 1277 000b 00       		.byte	0
 1278 000c 0000     		.2byte	0
 1279 000e 0000     		.2byte	0
 1280 0010 00000000 		.4byte	.LFB4
 1281 0014 00000122 		.4byte	.LFE4-.LFB4
 1282 0018 00000000 		.4byte	.LFB5
 1283 001c 0000001E 		.4byte	.LFE5-.LFB5
 1284 0020 00000000 		.4byte	.LFB6
 1285 0024 00000004 		.4byte	.LFE6-.LFB6
 1286 0028 00000000 		.4byte	.LFB7
 1287 002c 00000008 		.4byte	.LFE7-.LFB7
 1288 0030 00000000 		.4byte	.LFB8
 1289 0034 00000004 		.4byte	.LFE8-.LFB8
 1290 0038 00000000 		.4byte	.LFB9
 1291 003c 0000001A 		.4byte	.LFE9-.LFB9
 1292 0040 00000000 		.4byte	0
 1293 0044 00000000 		.4byte	0
 1294              		.section	.debug_ranges,"",@progbits
 1295              	.Ldebug_ranges0:
 1296 0000 00000000 		.4byte	.LBB6
 1297 0004 00000000 		.4byte	.LBE6
 1298 0008 00000000 		.4byte	.LBB9
 1299 000c 00000000 		.4byte	.LBE9
 1300 0010 00000000 		.4byte	0
 1301 0014 00000000 		.4byte	0
 1302 0018 00000000 		.4byte	.LFB4
 1303 001c 00000000 		.4byte	.LFE4
 1304 0020 00000000 		.4byte	.LFB5
 1305 0024 00000000 		.4byte	.LFE5
 1306 0028 00000000 		.4byte	.LFB6
 1307 002c 00000000 		.4byte	.LFE6
 1308 0030 00000000 		.4byte	.LFB7
 1309 0034 00000000 		.4byte	.LFE7
 1310 0038 00000000 		.4byte	.LFB8
 1311 003c 00000000 		.4byte	.LFE8
GAS LISTING C:\Users\marky\AppData\Local\Temp\ccXhrcwJ.s 			page 24


 1312 0040 00000000 		.4byte	.LFB9
 1313 0044 00000000 		.4byte	.LFE9
 1314 0048 00000000 		.4byte	0
 1315 004c 00000000 		.4byte	0
 1316              		.section	.debug_line,"",@progbits
 1317              	.Ldebug_line0:
 1318 0000 00000334 		.section	.debug_str,"MS",@progbits,1
 1318      00020000 
 1318      02170201 
 1318      FB0E0D00 
 1318      01010101 
 1319              	.LASF27:
 1320 0000 2E2F636F 		.string	"./components/spc5_freertos_component_rla/lib/portable/port.c"
 1320      6D706F6E 
 1320      656E7473 
 1320      2F737063 
 1320      355F6672 
 1321              	.LASF18:
 1322 003d 7078436F 		.string	"pxCode"
 1322      646500
 1323              	.LASF32:
 1324 0044 6F73616C 		.string	"osalSysTimeSetup"
 1324      53797354 
 1324      696D6553 
 1324      65747570 
 1324      00
 1325              	.LASF25:
 1326 0055 76546173 		.string	"vTaskSwitchContext"
 1326      6B537769 
 1326      74636843 
 1326      6F6E7465 
 1326      787400
 1327              	.LASF4:
 1328 0068 73686F72 		.string	"short int"
 1328      7420696E 
 1328      7400
 1329              	.LASF31:
 1330 0072 5F5F7364 		.string	"__sdata2_start__"
 1330      61746132 
 1330      5F737461 
 1330      72745F5F 
 1330      00
 1331              	.LASF24:
 1332 0083 6F73616C 		.string	"osalSysTimeReset"
 1332      53797354 
 1332      696D6552 
 1332      65736574 
 1332      00
 1333              	.LASF11:
 1334 0094 5461736B 		.string	"TaskFunction_t"
 1334      46756E63 
 1334      74696F6E 
 1334      5F7400
 1335              	.LASF23:
 1336 00a3 76506F72 		.string	"vPortStartFirstTask"
 1336      74537461 
 1336      72744669 
GAS LISTING C:\Users\marky\AppData\Local\Temp\ccXhrcwJ.s 			page 25


 1336      72737454 
 1336      61736B00 
 1337              	.LASF30:
 1338 00b7 76656374 		.string	"vector59"
 1338      6F723539 
 1338      00
 1339              	.LASF3:
 1340 00c0 756E7369 		.string	"unsigned char"
 1340      676E6564 
 1340      20636861 
 1340      7200
 1341              	.LASF6:
 1342 00ce 6C6F6E67 		.string	"long unsigned int"
 1342      20756E73 
 1342      69676E65 
 1342      6420696E 
 1342      7400
 1343              	.LASF5:
 1344 00e0 73686F72 		.string	"short unsigned int"
 1344      7420756E 
 1344      7369676E 
 1344      65642069 
 1344      6E7400
 1345              	.LASF26:
 1346 00f3 474E5520 		.ascii	"GNU C 4.9.4 20160726 (Sat May 27 11:09:55 CDT 2017         b"
 1346      4320342E 
 1346      392E3420 
 1346      32303136 
 1346      30373236 
 1347 012f 75696C64 		.ascii	"uild.sh rev=gd8b6c"
 1347      2E736820 
 1347      7265763D 
 1347      67643862 
 1347      3663
 1348 0141 32302073 		.string	"20 s=F494 ELe200 -V release_gd8b6c20_build_Fed_ELe200_ML0) -mcall-sysv -mcpu=e200z0 -mvle
 1348      3D463439 
 1348      3420454C 
 1348      65323030 
 1348      202D5620 
 1349              	.LASF9:
 1350 0242 5F5F7569 		.string	"__uint32_t"
 1350      6E743332 
 1350      5F7400
 1351              	.LASF33:
 1352 024d 78546173 		.string	"xTaskIncrementTick"
 1352      6B496E63 
 1352      72656D65 
 1352      6E745469 
 1352      636B00
 1353              	.LASF29:
 1354 0260 76506F72 		.string	"vPortEndScheduler"
 1354      74456E64 
 1354      53636865 
 1354      64756C65 
 1354      7200
 1355              	.LASF0:
 1356 0272 756E7369 		.string	"unsigned int"
GAS LISTING C:\Users\marky\AppData\Local\Temp\ccXhrcwJ.s 			page 26


 1356      676E6564 
 1356      20696E74 
 1356      00
 1357              	.LASF17:
 1358 027f 7078546F 		.string	"pxTopOfStack"
 1358      704F6653 
 1358      7461636B 
 1358      00
 1359              	.LASF14:
 1360 028c 63686172 		.string	"char"
 1360      00
 1361              	.LASF8:
 1362 0291 6C6F6E67 		.string	"long long unsigned int"
 1362      206C6F6E 
 1362      6720756E 
 1362      7369676E 
 1362      65642069 
 1363              	.LASF13:
 1364 02a8 73697A65 		.string	"sizetype"
 1364      74797065 
 1364      00
 1365              	.LASF7:
 1366 02b1 6C6F6E67 		.string	"long long int"
 1366      206C6F6E 
 1366      6720696E 
 1366      7400
 1367              	.LASF16:
 1368 02bf 76506F72 		.string	"vPortTimerReset"
 1368      7454696D 
 1368      65725265 
 1368      73657400 
 1369              	.LASF21:
 1370 02cf 7078506F 		.string	"pxPortInitialiseStack"
 1370      7274496E 
 1370      69746961 
 1370      6C697365 
 1370      53746163 
 1371              	.LASF19:
 1372 02e5 70765061 		.string	"pvParameters"
 1372      72616D65 
 1372      74657273 
 1372      00
 1373              	.LASF28:
 1374 02f2 433A5C53 		.string	"C:\\SPC5Studio\\workspace\\SPC560Bxx_RLA FreeRTOS SERIAL Test Application for Discovery"
 1374      50433553 
 1374      74756469 
 1374      6F5C776F 
 1374      726B7370 
 1375              	.LASF20:
 1376 0347 73727231 		.string	"srr1"
 1376      00
 1377              	.LASF15:
 1378 034c 70727650 		.string	"prvPortTimerSetup"
 1378      6F727454 
 1378      696D6572 
 1378      53657475 
 1378      7000
GAS LISTING C:\Users\marky\AppData\Local\Temp\ccXhrcwJ.s 			page 27


 1379              	.LASF10:
 1380 035e 75696E74 		.string	"uint32_t"
 1380      33325F74 
 1380      00
 1381              	.LASF1:
 1382 0367 6C6F6E67 		.string	"long int"
 1382      20696E74 
 1382      00
 1383              	.LASF2:
 1384 0370 7369676E 		.string	"signed char"
 1384      65642063 
 1384      68617200 
 1385              	.LASF22:
 1386 037c 78506F72 		.string	"xPortStartScheduler"
 1386      74537461 
 1386      72745363 
 1386      68656475 
 1386      6C657200 
 1387              	.LASF12:
 1388 0390 42617365 		.string	"BaseType_t"
 1388      54797065 
 1388      5F7400
 1389              		.ident	"GCC: (GNU) 4.9.4 20160726 (Sat May 27 11:09:55 CDT 2017         build.sh rev=gd8b6c20 s=F4
GAS LISTING C:\Users\marky\AppData\Local\Temp\ccXhrcwJ.s 			page 28


DEFINED SYMBOLS
                            *ABS*:00000000 port.c
C:\Users\marky\AppData\Local\Temp\ccXhrcwJ.s:10     .text.pxPortInitialiseStack:00000000 pxPortInitialiseStack
C:\Users\marky\AppData\Local\Temp\ccXhrcwJ.s:190    .text.xPortStartScheduler:00000000 xPortStartScheduler
C:\Users\marky\AppData\Local\Temp\ccXhrcwJ.s:234    .text.vPortEndScheduler:00000000 vPortEndScheduler
C:\Users\marky\AppData\Local\Temp\ccXhrcwJ.s:249    .text.prvPortTimerSetup:00000000 prvPortTimerSetup
C:\Users\marky\AppData\Local\Temp\ccXhrcwJ.s:267    .text.vPortTimerReset:00000000 vPortTimerReset
C:\Users\marky\AppData\Local\Temp\ccXhrcwJ.s:283    .text.vector59:00000000 vector59

UNDEFINED SYMBOLS
__sdata2_start__
osalSysTimeSetup
vPortStartFirstTask
osalSysTimeReset
xTaskIncrementTick
vTaskSwitchContext
