GAS LISTING C:\Users\marky\AppData\Local\Temp\ccEWhboZ.s 			page 1


   1              		.file	"pwm_lld_cfg.c"
   2              		.section	".text","axv"
   3              	.Ltext0:
   4              		.cfi_sections	.debug_frame
   5              		.globl pwm_config_emios0
   6              		.section	.rodata.pwm_config_emios0,"a",@progbits
   7              		.align 2
   8              		.type	pwm_config_emios0, @object
   9              		.size	pwm_config_emios0, 264
  10              	pwm_config_emios0:
  11 0000 01       		.byte	1
  12 0001 000000   		.zero	3
  13 0004 00004E20 		.long	20000
  14 0008 00000000 		.long	0
  15 000c 00000000 		.long	0
  16 0010 00000000 		.long	0
  17 0014 00000000 		.long	0
  18 0018 00000000 		.long	0
  19 001c 00000000 		.long	0
  20 0020 00000000 		.long	0
  21 0024 00000000 		.long	0
  22 0028 00000000 		.long	0
  23 002c 00000000 		.long	0
  24 0030 00000000 		.long	0
  25 0034 00000000 		.long	0
  26 0038 00000000 		.long	0
  27 003c 00000000 		.long	0
  28 0040 00000000 		.long	0
  29 0044 00000000 		.long	0
  30 0048 00000000 		.long	0
  31 004c 00000000 		.long	0
  32 0050 00000000 		.long	0
  33 0054 00000000 		.long	0
  34 0058 00000000 		.long	0
  35 005c 00000000 		.long	0
  36 0060 00000000 		.long	0
  37 0064 00000000 		.long	0
  38 0068 00000000 		.long	0
  39 006c 00000000 		.long	0
  40 0070 00000000 		.long	0
  41 0074 00000000 		.long	0
  42 0078 00000000 		.long	0
  43 007c 00000000 		.long	0
  44 0080 00000000 		.long	0
  45 0084 00000000 		.long	0
  46 0088 00000000 		.long	0
  47 008c 00000000 		.long	0
  48 0090 00000000 		.long	0
  49 0094 00000000 		.long	0
  50 0098 00000000 		.long	0
  51 009c 00000000 		.long	0
  52 00a0 00000000 		.long	0
  53 00a4 00000000 		.long	0
  54 00a8 00000000 		.long	0
  55 00ac 00000000 		.long	0
  56 00b0 00000000 		.long	0
  57 00b4 00000000 		.long	0
GAS LISTING C:\Users\marky\AppData\Local\Temp\ccEWhboZ.s 			page 2


  58 00b8 00000000 		.long	0
  59 00bc 00000000 		.long	0
  60 00c0 00000000 		.long	0
  61 00c4 00000000 		.long	0
  62 00c8 00000000 		.long	0
  63 00cc 00000000 		.long	0
  64 00d0 00000000 		.long	0
  65 00d4 00000000 		.long	0
  66 00d8 00000000 		.long	0
  67 00dc 00000000 		.long	0
  68 00e0 00000000 		.long	0
  69 00e4 00000000 		.long	0
  70 00e8 00000000 		.long	0
  71 00ec 00000000 		.long	0
  72 00f0 00000000 		.long	0
  73 00f4 00000000 		.long	0
  74 00f8 00000000 		.long	0
  75 00fc 00000000 		.long	0
  76 0100 00000000 		.long	0
  77 0104 00000000 		.long	0
  78              		.section	".text","axv"
  79              	.Letext0:
  80              		.file 1 "c:\\spc5studio\\eclipse\\plugins\\com.st.tools.spc5.tools.gnu.gcc.ppcvle.win32_4.9.4.2018
  81              		.file 2 "c:\\spc5studio\\eclipse\\plugins\\com.st.tools.spc5.tools.gnu.gcc.ppcvle.win32_4.9.4.2018
  82              		.file 3 "./components/spc560bxx_platform_component_rla/lib/include/typedefs.h"
  83              		.file 4 "./components/spc560bxx_platform_component_rla/lib/include/xpc560b.h"
  84              		.file 5 "./components/spc560bxx_low_level_drivers_component_rla/lib/include/pwm_lld.h"
  85              		.file 6 "./components/spc560bxx_low_level_drivers_component_rla/cfg/pwm_lld_cfg.c"
  86              		.section	.debug_info,"",@progbits
  87              	.Ldebug_info0:
  88 0000 00000D51 		.4byte	0xd51
  89 0004 0002     		.2byte	0x2
  90 0006 00000000 		.4byte	.Ldebug_abbrev0
  91 000a 04       		.byte	0x4
  92 000b 01       		.uleb128 0x1
  93 000c 00000000 		.4byte	.LASF111
  94 0010 01       		.byte	0x1
  95 0011 00000000 		.4byte	.LASF112
  96 0015 00000000 		.4byte	.LASF113
  97 0019 00000000 		.4byte	.Ldebug_line0
  98 001d 02       		.uleb128 0x2
  99 001e 01       		.byte	0x1
 100 001f 06       		.byte	0x6
 101 0020 00000000 		.4byte	.LASF0
 102 0024 03       		.uleb128 0x3
 103 0025 00000000 		.4byte	.LASF5
 104 0029 01       		.byte	0x1
 105 002a 1D       		.byte	0x1d
 106 002b 0000002F 		.4byte	0x2f
 107 002f 02       		.uleb128 0x2
 108 0030 01       		.byte	0x1
 109 0031 08       		.byte	0x8
 110 0032 00000000 		.4byte	.LASF1
 111 0036 02       		.uleb128 0x2
 112 0037 02       		.byte	0x2
 113 0038 05       		.byte	0x5
 114 0039 00000000 		.4byte	.LASF2
GAS LISTING C:\Users\marky\AppData\Local\Temp\ccEWhboZ.s 			page 3


 115 003d 02       		.uleb128 0x2
 116 003e 02       		.byte	0x2
 117 003f 07       		.byte	0x7
 118 0040 00000000 		.4byte	.LASF3
 119 0044 02       		.uleb128 0x2
 120 0045 04       		.byte	0x4
 121 0046 05       		.byte	0x5
 122 0047 00000000 		.4byte	.LASF4
 123 004b 03       		.uleb128 0x3
 124 004c 00000000 		.4byte	.LASF6
 125 0050 01       		.byte	0x1
 126 0051 41       		.byte	0x41
 127 0052 00000056 		.4byte	0x56
 128 0056 02       		.uleb128 0x2
 129 0057 04       		.byte	0x4
 130 0058 07       		.byte	0x7
 131 0059 00000000 		.4byte	.LASF7
 132 005d 02       		.uleb128 0x2
 133 005e 08       		.byte	0x8
 134 005f 05       		.byte	0x5
 135 0060 00000000 		.4byte	.LASF8
 136 0064 02       		.uleb128 0x2
 137 0065 08       		.byte	0x8
 138 0066 07       		.byte	0x7
 139 0067 00000000 		.4byte	.LASF9
 140 006b 04       		.uleb128 0x4
 141 006c 04       		.byte	0x4
 142 006d 05       		.byte	0x5
 143 006e 696E7400 		.string	"int"
 144 0072 02       		.uleb128 0x2
 145 0073 04       		.byte	0x4
 146 0074 07       		.byte	0x7
 147 0075 00000000 		.4byte	.LASF10
 148 0079 03       		.uleb128 0x3
 149 007a 00000000 		.4byte	.LASF11
 150 007e 02       		.byte	0x2
 151 007f 15       		.byte	0x15
 152 0080 00000024 		.4byte	0x24
 153 0084 03       		.uleb128 0x3
 154 0085 00000000 		.4byte	.LASF12
 155 0089 02       		.byte	0x2
 156 008a 2D       		.byte	0x2d
 157 008b 0000004B 		.4byte	0x4b
 158 008f 03       		.uleb128 0x3
 159 0090 00000000 		.4byte	.LASF13
 160 0094 03       		.byte	0x3
 161 0095 25       		.byte	0x25
 162 0096 0000009A 		.4byte	0x9a
 163 009a 05       		.uleb128 0x5
 164 009b 00000084 		.4byte	0x84
 165 009f 02       		.uleb128 0x2
 166 00a0 04       		.byte	0x4
 167 00a1 07       		.byte	0x7
 168 00a2 00000000 		.4byte	.LASF14
 169 00a6 06       		.uleb128 0x6
 170 00a7 04       		.byte	0x4
 171 00a8 04       		.byte	0x4
GAS LISTING C:\Users\marky\AppData\Local\Temp\ccEWhboZ.s 			page 4


 172 00a9 148E     		.2byte	0x148e
 173 00ab 000000C2 		.4byte	0xc2
 174 00af 07       		.uleb128 0x7
 175 00b0 00000000 		.4byte	.LASF15
 176 00b4 04       		.byte	0x4
 177 00b5 1490     		.2byte	0x1490
 178 00b7 0000008F 		.4byte	0x8f
 179 00bb 04       		.byte	0x4
 180 00bc 10       		.byte	0x10
 181 00bd 10       		.byte	0x10
 182 00be 02       		.byte	0x2
 183 00bf 23       		.byte	0x23
 184 00c0 00       		.uleb128 0
 185 00c1 00       		.byte	0
 186 00c2 08       		.uleb128 0x8
 187 00c3 04       		.byte	0x4
 188 00c4 04       		.byte	0x4
 189 00c5 148C     		.2byte	0x148c
 190 00c7 000000E0 		.4byte	0xe0
 191 00cb 09       		.uleb128 0x9
 192 00cc 5200     		.string	"R"
 193 00ce 04       		.byte	0x4
 194 00cf 148D     		.2byte	0x148d
 195 00d1 0000008F 		.4byte	0x8f
 196 00d5 09       		.uleb128 0x9
 197 00d6 4200     		.string	"B"
 198 00d8 04       		.byte	0x4
 199 00d9 1491     		.2byte	0x1491
 200 00db 000000A6 		.4byte	0xa6
 201 00df 00       		.byte	0
 202 00e0 06       		.uleb128 0x6
 203 00e1 04       		.byte	0x4
 204 00e2 04       		.byte	0x4
 205 00e3 1496     		.2byte	0x1496
 206 00e5 000000FC 		.4byte	0xfc
 207 00e9 07       		.uleb128 0x7
 208 00ea 00000000 		.4byte	.LASF16
 209 00ee 04       		.byte	0x4
 210 00ef 1498     		.2byte	0x1498
 211 00f1 0000008F 		.4byte	0x8f
 212 00f5 04       		.byte	0x4
 213 00f6 10       		.byte	0x10
 214 00f7 10       		.byte	0x10
 215 00f8 02       		.byte	0x2
 216 00f9 23       		.byte	0x23
 217 00fa 00       		.uleb128 0
 218 00fb 00       		.byte	0
 219 00fc 08       		.uleb128 0x8
 220 00fd 04       		.byte	0x4
 221 00fe 04       		.byte	0x4
 222 00ff 1494     		.2byte	0x1494
 223 0101 0000011A 		.4byte	0x11a
 224 0105 09       		.uleb128 0x9
 225 0106 5200     		.string	"R"
 226 0108 04       		.byte	0x4
 227 0109 1495     		.2byte	0x1495
 228 010b 0000008F 		.4byte	0x8f
GAS LISTING C:\Users\marky\AppData\Local\Temp\ccEWhboZ.s 			page 5


 229 010f 09       		.uleb128 0x9
 230 0110 4200     		.string	"B"
 231 0112 04       		.byte	0x4
 232 0113 1499     		.2byte	0x1499
 233 0115 000000E0 		.4byte	0xe0
 234 0119 00       		.byte	0
 235 011a 06       		.uleb128 0x6
 236 011b 04       		.byte	0x4
 237 011c 04       		.byte	0x4
 238 011d 149E     		.2byte	0x149e
 239 011f 00000136 		.4byte	0x136
 240 0123 07       		.uleb128 0x7
 241 0124 00000000 		.4byte	.LASF17
 242 0128 04       		.byte	0x4
 243 0129 14A0     		.2byte	0x14a0
 244 012b 0000008F 		.4byte	0x8f
 245 012f 04       		.byte	0x4
 246 0130 10       		.byte	0x10
 247 0131 10       		.byte	0x10
 248 0132 02       		.byte	0x2
 249 0133 23       		.byte	0x23
 250 0134 00       		.uleb128 0
 251 0135 00       		.byte	0
 252 0136 08       		.uleb128 0x8
 253 0137 04       		.byte	0x4
 254 0138 04       		.byte	0x4
 255 0139 149C     		.2byte	0x149c
 256 013b 00000154 		.4byte	0x154
 257 013f 09       		.uleb128 0x9
 258 0140 5200     		.string	"R"
 259 0142 04       		.byte	0x4
 260 0143 149D     		.2byte	0x149d
 261 0145 0000008F 		.4byte	0x8f
 262 0149 09       		.uleb128 0x9
 263 014a 4200     		.string	"B"
 264 014c 04       		.byte	0x4
 265 014d 14A1     		.2byte	0x14a1
 266 014f 0000011A 		.4byte	0x11a
 267 0153 00       		.byte	0
 268 0154 06       		.uleb128 0x6
 269 0155 04       		.byte	0x4
 270 0156 04       		.byte	0x4
 271 0157 14A6     		.2byte	0x14a6
 272 0159 00000247 		.4byte	0x247
 273 015d 07       		.uleb128 0x7
 274 015e 00000000 		.4byte	.LASF18
 275 0162 04       		.byte	0x4
 276 0163 14A7     		.2byte	0x14a7
 277 0165 0000008F 		.4byte	0x8f
 278 0169 04       		.byte	0x4
 279 016a 01       		.byte	0x1
 280 016b 00       		.byte	0
 281 016c 02       		.byte	0x2
 282 016d 23       		.byte	0x23
 283 016e 00       		.uleb128 0
 284 016f 07       		.uleb128 0x7
 285 0170 00000000 		.4byte	.LASF19
GAS LISTING C:\Users\marky\AppData\Local\Temp\ccEWhboZ.s 			page 6


 286 0174 04       		.byte	0x4
 287 0175 14A9     		.2byte	0x14a9
 288 0177 0000008F 		.4byte	0x8f
 289 017b 04       		.byte	0x4
 290 017c 02       		.byte	0x2
 291 017d 04       		.byte	0x4
 292 017e 02       		.byte	0x2
 293 017f 23       		.byte	0x23
 294 0180 00       		.uleb128 0
 295 0181 07       		.uleb128 0x7
 296 0182 00000000 		.4byte	.LASF20
 297 0186 04       		.byte	0x4
 298 0187 14AA     		.2byte	0x14aa
 299 0189 0000008F 		.4byte	0x8f
 300 018d 04       		.byte	0x4
 301 018e 01       		.byte	0x1
 302 018f 06       		.byte	0x6
 303 0190 02       		.byte	0x2
 304 0191 23       		.byte	0x23
 305 0192 00       		.uleb128 0
 306 0193 0A       		.uleb128 0xa
 307 0194 444D4100 		.string	"DMA"
 308 0198 04       		.byte	0x4
 309 0199 14AB     		.2byte	0x14ab
 310 019b 0000008F 		.4byte	0x8f
 311 019f 04       		.byte	0x4
 312 01a0 01       		.byte	0x1
 313 01a1 07       		.byte	0x7
 314 01a2 02       		.byte	0x2
 315 01a3 23       		.byte	0x23
 316 01a4 00       		.uleb128 0
 317 01a5 0A       		.uleb128 0xa
 318 01a6 494600   		.string	"IF"
 319 01a9 04       		.byte	0x4
 320 01aa 14AD     		.2byte	0x14ad
 321 01ac 0000008F 		.4byte	0x8f
 322 01b0 04       		.byte	0x4
 323 01b1 04       		.byte	0x4
 324 01b2 09       		.byte	0x9
 325 01b3 02       		.byte	0x2
 326 01b4 23       		.byte	0x23
 327 01b5 00       		.uleb128 0
 328 01b6 0A       		.uleb128 0xa
 329 01b7 46434B00 		.string	"FCK"
 330 01bb 04       		.byte	0x4
 331 01bc 14AE     		.2byte	0x14ae
 332 01be 0000008F 		.4byte	0x8f
 333 01c2 04       		.byte	0x4
 334 01c3 01       		.byte	0x1
 335 01c4 0D       		.byte	0xd
 336 01c5 02       		.byte	0x2
 337 01c6 23       		.byte	0x23
 338 01c7 00       		.uleb128 0
 339 01c8 0A       		.uleb128 0xa
 340 01c9 46454E00 		.string	"FEN"
 341 01cd 04       		.byte	0x4
 342 01ce 14AF     		.2byte	0x14af
GAS LISTING C:\Users\marky\AppData\Local\Temp\ccEWhboZ.s 			page 7


 343 01d0 0000008F 		.4byte	0x8f
 344 01d4 04       		.byte	0x4
 345 01d5 01       		.byte	0x1
 346 01d6 0E       		.byte	0xe
 347 01d7 02       		.byte	0x2
 348 01d8 23       		.byte	0x23
 349 01d9 00       		.uleb128 0
 350 01da 07       		.uleb128 0x7
 351 01db 00000000 		.4byte	.LASF21
 352 01df 04       		.byte	0x4
 353 01e0 14B1     		.2byte	0x14b1
 354 01e2 0000008F 		.4byte	0x8f
 355 01e6 04       		.byte	0x4
 356 01e7 01       		.byte	0x1
 357 01e8 12       		.byte	0x12
 358 01e9 02       		.byte	0x2
 359 01ea 23       		.byte	0x23
 360 01eb 00       		.uleb128 0
 361 01ec 07       		.uleb128 0x7
 362 01ed 00000000 		.4byte	.LASF22
 363 01f1 04       		.byte	0x4
 364 01f2 14B2     		.2byte	0x14b2
 365 01f4 0000008F 		.4byte	0x8f
 366 01f8 04       		.byte	0x4
 367 01f9 01       		.byte	0x1
 368 01fa 13       		.byte	0x13
 369 01fb 02       		.byte	0x2
 370 01fc 23       		.byte	0x23
 371 01fd 00       		.uleb128 0
 372 01fe 0A       		.uleb128 0xa
 373 01ff 42534C00 		.string	"BSL"
 374 0203 04       		.byte	0x4
 375 0204 14B4     		.2byte	0x14b4
 376 0206 0000008F 		.4byte	0x8f
 377 020a 04       		.byte	0x4
 378 020b 02       		.byte	0x2
 379 020c 15       		.byte	0x15
 380 020d 02       		.byte	0x2
 381 020e 23       		.byte	0x23
 382 020f 00       		.uleb128 0
 383 0210 07       		.uleb128 0x7
 384 0211 00000000 		.4byte	.LASF23
 385 0215 04       		.byte	0x4
 386 0216 14B5     		.2byte	0x14b5
 387 0218 0000008F 		.4byte	0x8f
 388 021c 04       		.byte	0x4
 389 021d 01       		.byte	0x1
 390 021e 17       		.byte	0x17
 391 021f 02       		.byte	0x2
 392 0220 23       		.byte	0x23
 393 0221 00       		.uleb128 0
 394 0222 07       		.uleb128 0x7
 395 0223 00000000 		.4byte	.LASF24
 396 0227 04       		.byte	0x4
 397 0228 14B6     		.2byte	0x14b6
 398 022a 0000008F 		.4byte	0x8f
 399 022e 04       		.byte	0x4
GAS LISTING C:\Users\marky\AppData\Local\Temp\ccEWhboZ.s 			page 8


 400 022f 01       		.byte	0x1
 401 0230 18       		.byte	0x18
 402 0231 02       		.byte	0x2
 403 0232 23       		.byte	0x23
 404 0233 00       		.uleb128 0
 405 0234 07       		.uleb128 0x7
 406 0235 00000000 		.4byte	.LASF25
 407 0239 04       		.byte	0x4
 408 023a 14B7     		.2byte	0x14b7
 409 023c 0000008F 		.4byte	0x8f
 410 0240 04       		.byte	0x4
 411 0241 07       		.byte	0x7
 412 0242 19       		.byte	0x19
 413 0243 02       		.byte	0x2
 414 0244 23       		.byte	0x23
 415 0245 00       		.uleb128 0
 416 0246 00       		.byte	0
 417 0247 08       		.uleb128 0x8
 418 0248 04       		.byte	0x4
 419 0249 04       		.byte	0x4
 420 024a 14A4     		.2byte	0x14a4
 421 024c 00000265 		.4byte	0x265
 422 0250 09       		.uleb128 0x9
 423 0251 5200     		.string	"R"
 424 0253 04       		.byte	0x4
 425 0254 14A5     		.2byte	0x14a5
 426 0256 0000008F 		.4byte	0x8f
 427 025a 09       		.uleb128 0x9
 428 025b 4200     		.string	"B"
 429 025d 04       		.byte	0x4
 430 025e 14B8     		.2byte	0x14b8
 431 0260 00000154 		.4byte	0x154
 432 0264 00       		.byte	0
 433 0265 06       		.uleb128 0x6
 434 0266 04       		.byte	0x4
 435 0267 04       		.byte	0x4
 436 0268 14BD     		.2byte	0x14bd
 437 026a 000002C9 		.4byte	0x2c9
 438 026e 0A       		.uleb128 0xa
 439 026f 4F565200 		.string	"OVR"
 440 0273 04       		.byte	0x4
 441 0274 14BE     		.2byte	0x14be
 442 0276 0000008F 		.4byte	0x8f
 443 027a 04       		.byte	0x4
 444 027b 01       		.byte	0x1
 445 027c 00       		.byte	0
 446 027d 02       		.byte	0x2
 447 027e 23       		.byte	0x23
 448 027f 00       		.uleb128 0
 449 0280 07       		.uleb128 0x7
 450 0281 00000000 		.4byte	.LASF26
 451 0285 04       		.byte	0x4
 452 0286 14C0     		.2byte	0x14c0
 453 0288 0000008F 		.4byte	0x8f
 454 028c 04       		.byte	0x4
 455 028d 01       		.byte	0x1
 456 028e 10       		.byte	0x10
GAS LISTING C:\Users\marky\AppData\Local\Temp\ccEWhboZ.s 			page 9


 457 028f 02       		.byte	0x2
 458 0290 23       		.byte	0x23
 459 0291 00       		.uleb128 0
 460 0292 07       		.uleb128 0x7
 461 0293 00000000 		.4byte	.LASF27
 462 0297 04       		.byte	0x4
 463 0298 14C2     		.2byte	0x14c2
 464 029a 0000008F 		.4byte	0x8f
 465 029e 04       		.byte	0x4
 466 029f 01       		.byte	0x1
 467 02a0 1D       		.byte	0x1d
 468 02a1 02       		.byte	0x2
 469 02a2 23       		.byte	0x23
 470 02a3 00       		.uleb128 0
 471 02a4 07       		.uleb128 0x7
 472 02a5 00000000 		.4byte	.LASF28
 473 02a9 04       		.byte	0x4
 474 02aa 14C3     		.2byte	0x14c3
 475 02ac 0000008F 		.4byte	0x8f
 476 02b0 04       		.byte	0x4
 477 02b1 01       		.byte	0x1
 478 02b2 1E       		.byte	0x1e
 479 02b3 02       		.byte	0x2
 480 02b4 23       		.byte	0x23
 481 02b5 00       		.uleb128 0
 482 02b6 07       		.uleb128 0x7
 483 02b7 00000000 		.4byte	.LASF29
 484 02bb 04       		.byte	0x4
 485 02bc 14C4     		.2byte	0x14c4
 486 02be 0000008F 		.4byte	0x8f
 487 02c2 04       		.byte	0x4
 488 02c3 01       		.byte	0x1
 489 02c4 1F       		.byte	0x1f
 490 02c5 02       		.byte	0x2
 491 02c6 23       		.byte	0x23
 492 02c7 00       		.uleb128 0
 493 02c8 00       		.byte	0
 494 02c9 08       		.uleb128 0x8
 495 02ca 04       		.byte	0x4
 496 02cb 04       		.byte	0x4
 497 02cc 14BB     		.2byte	0x14bb
 498 02ce 000002E7 		.4byte	0x2e7
 499 02d2 09       		.uleb128 0x9
 500 02d3 5200     		.string	"R"
 501 02d5 04       		.byte	0x4
 502 02d6 14BC     		.2byte	0x14bc
 503 02d8 0000008F 		.4byte	0x8f
 504 02dc 09       		.uleb128 0x9
 505 02dd 4200     		.string	"B"
 506 02df 04       		.byte	0x4
 507 02e0 14C5     		.2byte	0x14c5
 508 02e2 00000265 		.4byte	0x265
 509 02e6 00       		.byte	0
 510 02e7 06       		.uleb128 0x6
 511 02e8 04       		.byte	0x4
 512 02e9 04       		.byte	0x4
 513 02ea 14CA     		.2byte	0x14ca
GAS LISTING C:\Users\marky\AppData\Local\Temp\ccEWhboZ.s 			page 10


 514 02ec 00000303 		.4byte	0x303
 515 02f0 07       		.uleb128 0x7
 516 02f1 00000000 		.4byte	.LASF30
 517 02f5 04       		.byte	0x4
 518 02f6 14CC     		.2byte	0x14cc
 519 02f8 0000008F 		.4byte	0x8f
 520 02fc 04       		.byte	0x4
 521 02fd 10       		.byte	0x10
 522 02fe 10       		.byte	0x10
 523 02ff 02       		.byte	0x2
 524 0300 23       		.byte	0x23
 525 0301 00       		.uleb128 0
 526 0302 00       		.byte	0
 527 0303 08       		.uleb128 0x8
 528 0304 04       		.byte	0x4
 529 0305 04       		.byte	0x4
 530 0306 14C8     		.2byte	0x14c8
 531 0308 00000321 		.4byte	0x321
 532 030c 09       		.uleb128 0x9
 533 030d 5200     		.string	"R"
 534 030f 04       		.byte	0x4
 535 0310 14C9     		.2byte	0x14c9
 536 0312 0000008F 		.4byte	0x8f
 537 0316 09       		.uleb128 0x9
 538 0317 4200     		.string	"B"
 539 0319 04       		.byte	0x4
 540 031a 14CD     		.2byte	0x14cd
 541 031c 000002E7 		.4byte	0x2e7
 542 0320 00       		.byte	0
 543 0321 0B       		.uleb128 0xb
 544 0322 00000000 		.4byte	.LASF91
 545 0326 20       		.byte	0x20
 546 0327 04       		.byte	0x4
 547 0328 148B     		.2byte	0x148b
 548 032a 00000398 		.4byte	0x398
 549 032e 0C       		.uleb128 0xc
 550 032f 00000000 		.4byte	.LASF15
 551 0333 04       		.byte	0x4
 552 0334 1492     		.2byte	0x1492
 553 0336 000000C2 		.4byte	0xc2
 554 033a 02       		.byte	0x2
 555 033b 23       		.byte	0x23
 556 033c 00       		.uleb128 0
 557 033d 0C       		.uleb128 0xc
 558 033e 00000000 		.4byte	.LASF16
 559 0342 04       		.byte	0x4
 560 0343 149A     		.2byte	0x149a
 561 0345 000000FC 		.4byte	0xfc
 562 0349 02       		.byte	0x2
 563 034a 23       		.byte	0x23
 564 034b 04       		.uleb128 0x4
 565 034c 0C       		.uleb128 0xc
 566 034d 00000000 		.4byte	.LASF17
 567 0351 04       		.byte	0x4
 568 0352 14A2     		.2byte	0x14a2
 569 0354 00000136 		.4byte	0x136
 570 0358 02       		.byte	0x2
GAS LISTING C:\Users\marky\AppData\Local\Temp\ccEWhboZ.s 			page 11


 571 0359 23       		.byte	0x23
 572 035a 08       		.uleb128 0x8
 573 035b 0D       		.uleb128 0xd
 574 035c 43435200 		.string	"CCR"
 575 0360 04       		.byte	0x4
 576 0361 14B9     		.2byte	0x14b9
 577 0363 00000247 		.4byte	0x247
 578 0367 02       		.byte	0x2
 579 0368 23       		.byte	0x23
 580 0369 0C       		.uleb128 0xc
 581 036a 0D       		.uleb128 0xd
 582 036b 43535200 		.string	"CSR"
 583 036f 04       		.byte	0x4
 584 0370 14C6     		.2byte	0x14c6
 585 0372 000002C9 		.4byte	0x2c9
 586 0376 02       		.byte	0x2
 587 0377 23       		.byte	0x23
 588 0378 10       		.uleb128 0x10
 589 0379 0C       		.uleb128 0xc
 590 037a 00000000 		.4byte	.LASF31
 591 037e 04       		.byte	0x4
 592 037f 14CE     		.2byte	0x14ce
 593 0381 00000303 		.4byte	0x303
 594 0385 02       		.byte	0x2
 595 0386 23       		.byte	0x23
 596 0387 14       		.uleb128 0x14
 597 0388 0C       		.uleb128 0xc
 598 0389 00000000 		.4byte	.LASF32
 599 038d 04       		.byte	0x4
 600 038e 14D0     		.2byte	0x14d0
 601 0390 00000398 		.4byte	0x398
 602 0394 02       		.byte	0x2
 603 0395 23       		.byte	0x23
 604 0396 18       		.uleb128 0x18
 605 0397 00       		.byte	0
 606 0398 0E       		.uleb128 0xe
 607 0399 00000084 		.4byte	0x84
 608 039d 000003A8 		.4byte	0x3a8
 609 03a1 0F       		.uleb128 0xf
 610 03a2 0000009F 		.4byte	0x9f
 611 03a6 01       		.byte	0x1
 612 03a7 00       		.byte	0
 613 03a8 06       		.uleb128 0x6
 614 03a9 04       		.byte	0x4
 615 03aa 04       		.byte	0x4
 616 03ab 14D7     		.2byte	0x14d7
 617 03ad 0000040C 		.4byte	0x40c
 618 03b1 07       		.uleb128 0x7
 619 03b2 00000000 		.4byte	.LASF33
 620 03b6 04       		.byte	0x4
 621 03b7 14D9     		.2byte	0x14d9
 622 03b9 0000008F 		.4byte	0x8f
 623 03bd 04       		.byte	0x4
 624 03be 01       		.byte	0x1
 625 03bf 01       		.byte	0x1
 626 03c0 02       		.byte	0x2
 627 03c1 23       		.byte	0x23
GAS LISTING C:\Users\marky\AppData\Local\Temp\ccEWhboZ.s 			page 12


 628 03c2 00       		.uleb128 0
 629 03c3 0A       		.uleb128 0xa
 630 03c4 46525A00 		.string	"FRZ"
 631 03c8 04       		.byte	0x4
 632 03c9 14DA     		.2byte	0x14da
 633 03cb 0000008F 		.4byte	0x8f
 634 03cf 04       		.byte	0x4
 635 03d0 01       		.byte	0x1
 636 03d1 02       		.byte	0x2
 637 03d2 02       		.byte	0x2
 638 03d3 23       		.byte	0x23
 639 03d4 00       		.uleb128 0
 640 03d5 07       		.uleb128 0x7
 641 03d6 00000000 		.4byte	.LASF34
 642 03da 04       		.byte	0x4
 643 03db 14DB     		.2byte	0x14db
 644 03dd 0000008F 		.4byte	0x8f
 645 03e1 04       		.byte	0x4
 646 03e2 01       		.byte	0x1
 647 03e3 03       		.byte	0x3
 648 03e4 02       		.byte	0x2
 649 03e5 23       		.byte	0x23
 650 03e6 00       		.uleb128 0
 651 03e7 07       		.uleb128 0x7
 652 03e8 00000000 		.4byte	.LASF35
 653 03ec 04       		.byte	0x4
 654 03ed 14DD     		.2byte	0x14dd
 655 03ef 0000008F 		.4byte	0x8f
 656 03f3 04       		.byte	0x4
 657 03f4 01       		.byte	0x1
 658 03f5 05       		.byte	0x5
 659 03f6 02       		.byte	0x2
 660 03f7 23       		.byte	0x23
 661 03f8 00       		.uleb128 0
 662 03f9 07       		.uleb128 0x7
 663 03fa 00000000 		.4byte	.LASF36
 664 03fe 04       		.byte	0x4
 665 03ff 14DF     		.2byte	0x14df
 666 0401 0000008F 		.4byte	0x8f
 667 0405 04       		.byte	0x4
 668 0406 08       		.byte	0x8
 669 0407 10       		.byte	0x10
 670 0408 02       		.byte	0x2
 671 0409 23       		.byte	0x23
 672 040a 00       		.uleb128 0
 673 040b 00       		.byte	0
 674 040c 08       		.uleb128 0x8
 675 040d 04       		.byte	0x4
 676 040e 04       		.byte	0x4
 677 040f 14D5     		.2byte	0x14d5
 678 0411 0000042A 		.4byte	0x42a
 679 0415 09       		.uleb128 0x9
 680 0416 5200     		.string	"R"
 681 0418 04       		.byte	0x4
 682 0419 14D6     		.2byte	0x14d6
 683 041b 0000008F 		.4byte	0x8f
 684 041f 09       		.uleb128 0x9
GAS LISTING C:\Users\marky\AppData\Local\Temp\ccEWhboZ.s 			page 13


 685 0420 4200     		.string	"B"
 686 0422 04       		.byte	0x4
 687 0423 14E1     		.2byte	0x14e1
 688 0425 000003A8 		.4byte	0x3a8
 689 0429 00       		.byte	0
 690 042a 06       		.uleb128 0x6
 691 042b 04       		.byte	0x4
 692 042c 04       		.byte	0x4
 693 042d 14E6     		.2byte	0x14e6
 694 042f 0000066A 		.4byte	0x66a
 695 0433 0A       		.uleb128 0xa
 696 0434 46333100 		.string	"F31"
 697 0438 04       		.byte	0x4
 698 0439 14E7     		.2byte	0x14e7
 699 043b 0000008F 		.4byte	0x8f
 700 043f 04       		.byte	0x4
 701 0440 01       		.byte	0x1
 702 0441 00       		.byte	0
 703 0442 02       		.byte	0x2
 704 0443 23       		.byte	0x23
 705 0444 00       		.uleb128 0
 706 0445 0A       		.uleb128 0xa
 707 0446 46333000 		.string	"F30"
 708 044a 04       		.byte	0x4
 709 044b 14E8     		.2byte	0x14e8
 710 044d 0000008F 		.4byte	0x8f
 711 0451 04       		.byte	0x4
 712 0452 01       		.byte	0x1
 713 0453 01       		.byte	0x1
 714 0454 02       		.byte	0x2
 715 0455 23       		.byte	0x23
 716 0456 00       		.uleb128 0
 717 0457 0A       		.uleb128 0xa
 718 0458 46323900 		.string	"F29"
 719 045c 04       		.byte	0x4
 720 045d 14E9     		.2byte	0x14e9
 721 045f 0000008F 		.4byte	0x8f
 722 0463 04       		.byte	0x4
 723 0464 01       		.byte	0x1
 724 0465 02       		.byte	0x2
 725 0466 02       		.byte	0x2
 726 0467 23       		.byte	0x23
 727 0468 00       		.uleb128 0
 728 0469 0A       		.uleb128 0xa
 729 046a 46323800 		.string	"F28"
 730 046e 04       		.byte	0x4
 731 046f 14EA     		.2byte	0x14ea
 732 0471 0000008F 		.4byte	0x8f
 733 0475 04       		.byte	0x4
 734 0476 01       		.byte	0x1
 735 0477 03       		.byte	0x3
 736 0478 02       		.byte	0x2
 737 0479 23       		.byte	0x23
 738 047a 00       		.uleb128 0
 739 047b 0A       		.uleb128 0xa
 740 047c 46323700 		.string	"F27"
 741 0480 04       		.byte	0x4
GAS LISTING C:\Users\marky\AppData\Local\Temp\ccEWhboZ.s 			page 14


 742 0481 14EB     		.2byte	0x14eb
 743 0483 0000008F 		.4byte	0x8f
 744 0487 04       		.byte	0x4
 745 0488 01       		.byte	0x1
 746 0489 04       		.byte	0x4
 747 048a 02       		.byte	0x2
 748 048b 23       		.byte	0x23
 749 048c 00       		.uleb128 0
 750 048d 0A       		.uleb128 0xa
 751 048e 46323600 		.string	"F26"
 752 0492 04       		.byte	0x4
 753 0493 14EC     		.2byte	0x14ec
 754 0495 0000008F 		.4byte	0x8f
 755 0499 04       		.byte	0x4
 756 049a 01       		.byte	0x1
 757 049b 05       		.byte	0x5
 758 049c 02       		.byte	0x2
 759 049d 23       		.byte	0x23
 760 049e 00       		.uleb128 0
 761 049f 0A       		.uleb128 0xa
 762 04a0 46323500 		.string	"F25"
 763 04a4 04       		.byte	0x4
 764 04a5 14ED     		.2byte	0x14ed
 765 04a7 0000008F 		.4byte	0x8f
 766 04ab 04       		.byte	0x4
 767 04ac 01       		.byte	0x1
 768 04ad 06       		.byte	0x6
 769 04ae 02       		.byte	0x2
 770 04af 23       		.byte	0x23
 771 04b0 00       		.uleb128 0
 772 04b1 0A       		.uleb128 0xa
 773 04b2 46323400 		.string	"F24"
 774 04b6 04       		.byte	0x4
 775 04b7 14EE     		.2byte	0x14ee
 776 04b9 0000008F 		.4byte	0x8f
 777 04bd 04       		.byte	0x4
 778 04be 01       		.byte	0x1
 779 04bf 07       		.byte	0x7
 780 04c0 02       		.byte	0x2
 781 04c1 23       		.byte	0x23
 782 04c2 00       		.uleb128 0
 783 04c3 0A       		.uleb128 0xa
 784 04c4 46323300 		.string	"F23"
 785 04c8 04       		.byte	0x4
 786 04c9 14EF     		.2byte	0x14ef
 787 04cb 0000008F 		.4byte	0x8f
 788 04cf 04       		.byte	0x4
 789 04d0 01       		.byte	0x1
 790 04d1 08       		.byte	0x8
 791 04d2 02       		.byte	0x2
 792 04d3 23       		.byte	0x23
 793 04d4 00       		.uleb128 0
 794 04d5 0A       		.uleb128 0xa
 795 04d6 46323200 		.string	"F22"
 796 04da 04       		.byte	0x4
 797 04db 14F0     		.2byte	0x14f0
 798 04dd 0000008F 		.4byte	0x8f
GAS LISTING C:\Users\marky\AppData\Local\Temp\ccEWhboZ.s 			page 15


 799 04e1 04       		.byte	0x4
 800 04e2 01       		.byte	0x1
 801 04e3 09       		.byte	0x9
 802 04e4 02       		.byte	0x2
 803 04e5 23       		.byte	0x23
 804 04e6 00       		.uleb128 0
 805 04e7 0A       		.uleb128 0xa
 806 04e8 46323100 		.string	"F21"
 807 04ec 04       		.byte	0x4
 808 04ed 14F1     		.2byte	0x14f1
 809 04ef 0000008F 		.4byte	0x8f
 810 04f3 04       		.byte	0x4
 811 04f4 01       		.byte	0x1
 812 04f5 0A       		.byte	0xa
 813 04f6 02       		.byte	0x2
 814 04f7 23       		.byte	0x23
 815 04f8 00       		.uleb128 0
 816 04f9 0A       		.uleb128 0xa
 817 04fa 46323000 		.string	"F20"
 818 04fe 04       		.byte	0x4
 819 04ff 14F2     		.2byte	0x14f2
 820 0501 0000008F 		.4byte	0x8f
 821 0505 04       		.byte	0x4
 822 0506 01       		.byte	0x1
 823 0507 0B       		.byte	0xb
 824 0508 02       		.byte	0x2
 825 0509 23       		.byte	0x23
 826 050a 00       		.uleb128 0
 827 050b 0A       		.uleb128 0xa
 828 050c 46313900 		.string	"F19"
 829 0510 04       		.byte	0x4
 830 0511 14F3     		.2byte	0x14f3
 831 0513 0000008F 		.4byte	0x8f
 832 0517 04       		.byte	0x4
 833 0518 01       		.byte	0x1
 834 0519 0C       		.byte	0xc
 835 051a 02       		.byte	0x2
 836 051b 23       		.byte	0x23
 837 051c 00       		.uleb128 0
 838 051d 0A       		.uleb128 0xa
 839 051e 46313800 		.string	"F18"
 840 0522 04       		.byte	0x4
 841 0523 14F4     		.2byte	0x14f4
 842 0525 0000008F 		.4byte	0x8f
 843 0529 04       		.byte	0x4
 844 052a 01       		.byte	0x1
 845 052b 0D       		.byte	0xd
 846 052c 02       		.byte	0x2
 847 052d 23       		.byte	0x23
 848 052e 00       		.uleb128 0
 849 052f 0A       		.uleb128 0xa
 850 0530 46313700 		.string	"F17"
 851 0534 04       		.byte	0x4
 852 0535 14F5     		.2byte	0x14f5
 853 0537 0000008F 		.4byte	0x8f
 854 053b 04       		.byte	0x4
 855 053c 01       		.byte	0x1
GAS LISTING C:\Users\marky\AppData\Local\Temp\ccEWhboZ.s 			page 16


 856 053d 0E       		.byte	0xe
 857 053e 02       		.byte	0x2
 858 053f 23       		.byte	0x23
 859 0540 00       		.uleb128 0
 860 0541 0A       		.uleb128 0xa
 861 0542 46313600 		.string	"F16"
 862 0546 04       		.byte	0x4
 863 0547 14F6     		.2byte	0x14f6
 864 0549 0000008F 		.4byte	0x8f
 865 054d 04       		.byte	0x4
 866 054e 01       		.byte	0x1
 867 054f 0F       		.byte	0xf
 868 0550 02       		.byte	0x2
 869 0551 23       		.byte	0x23
 870 0552 00       		.uleb128 0
 871 0553 0A       		.uleb128 0xa
 872 0554 46313500 		.string	"F15"
 873 0558 04       		.byte	0x4
 874 0559 14F7     		.2byte	0x14f7
 875 055b 0000008F 		.4byte	0x8f
 876 055f 04       		.byte	0x4
 877 0560 01       		.byte	0x1
 878 0561 10       		.byte	0x10
 879 0562 02       		.byte	0x2
 880 0563 23       		.byte	0x23
 881 0564 00       		.uleb128 0
 882 0565 0A       		.uleb128 0xa
 883 0566 46313400 		.string	"F14"
 884 056a 04       		.byte	0x4
 885 056b 14F8     		.2byte	0x14f8
 886 056d 0000008F 		.4byte	0x8f
 887 0571 04       		.byte	0x4
 888 0572 01       		.byte	0x1
 889 0573 11       		.byte	0x11
 890 0574 02       		.byte	0x2
 891 0575 23       		.byte	0x23
 892 0576 00       		.uleb128 0
 893 0577 0A       		.uleb128 0xa
 894 0578 46313300 		.string	"F13"
 895 057c 04       		.byte	0x4
 896 057d 14F9     		.2byte	0x14f9
 897 057f 0000008F 		.4byte	0x8f
 898 0583 04       		.byte	0x4
 899 0584 01       		.byte	0x1
 900 0585 12       		.byte	0x12
 901 0586 02       		.byte	0x2
 902 0587 23       		.byte	0x23
 903 0588 00       		.uleb128 0
 904 0589 0A       		.uleb128 0xa
 905 058a 46313200 		.string	"F12"
 906 058e 04       		.byte	0x4
 907 058f 14FA     		.2byte	0x14fa
 908 0591 0000008F 		.4byte	0x8f
 909 0595 04       		.byte	0x4
 910 0596 01       		.byte	0x1
 911 0597 13       		.byte	0x13
 912 0598 02       		.byte	0x2
GAS LISTING C:\Users\marky\AppData\Local\Temp\ccEWhboZ.s 			page 17


 913 0599 23       		.byte	0x23
 914 059a 00       		.uleb128 0
 915 059b 0A       		.uleb128 0xa
 916 059c 46313100 		.string	"F11"
 917 05a0 04       		.byte	0x4
 918 05a1 14FB     		.2byte	0x14fb
 919 05a3 0000008F 		.4byte	0x8f
 920 05a7 04       		.byte	0x4
 921 05a8 01       		.byte	0x1
 922 05a9 14       		.byte	0x14
 923 05aa 02       		.byte	0x2
 924 05ab 23       		.byte	0x23
 925 05ac 00       		.uleb128 0
 926 05ad 0A       		.uleb128 0xa
 927 05ae 46313000 		.string	"F10"
 928 05b2 04       		.byte	0x4
 929 05b3 14FC     		.2byte	0x14fc
 930 05b5 0000008F 		.4byte	0x8f
 931 05b9 04       		.byte	0x4
 932 05ba 01       		.byte	0x1
 933 05bb 15       		.byte	0x15
 934 05bc 02       		.byte	0x2
 935 05bd 23       		.byte	0x23
 936 05be 00       		.uleb128 0
 937 05bf 0A       		.uleb128 0xa
 938 05c0 463900   		.string	"F9"
 939 05c3 04       		.byte	0x4
 940 05c4 14FD     		.2byte	0x14fd
 941 05c6 0000008F 		.4byte	0x8f
 942 05ca 04       		.byte	0x4
 943 05cb 01       		.byte	0x1
 944 05cc 16       		.byte	0x16
 945 05cd 02       		.byte	0x2
 946 05ce 23       		.byte	0x23
 947 05cf 00       		.uleb128 0
 948 05d0 0A       		.uleb128 0xa
 949 05d1 463800   		.string	"F8"
 950 05d4 04       		.byte	0x4
 951 05d5 14FE     		.2byte	0x14fe
 952 05d7 0000008F 		.4byte	0x8f
 953 05db 04       		.byte	0x4
 954 05dc 01       		.byte	0x1
 955 05dd 17       		.byte	0x17
 956 05de 02       		.byte	0x2
 957 05df 23       		.byte	0x23
 958 05e0 00       		.uleb128 0
 959 05e1 0A       		.uleb128 0xa
 960 05e2 463700   		.string	"F7"
 961 05e5 04       		.byte	0x4
 962 05e6 14FF     		.2byte	0x14ff
 963 05e8 0000008F 		.4byte	0x8f
 964 05ec 04       		.byte	0x4
 965 05ed 01       		.byte	0x1
 966 05ee 18       		.byte	0x18
 967 05ef 02       		.byte	0x2
 968 05f0 23       		.byte	0x23
 969 05f1 00       		.uleb128 0
GAS LISTING C:\Users\marky\AppData\Local\Temp\ccEWhboZ.s 			page 18


 970 05f2 0A       		.uleb128 0xa
 971 05f3 463600   		.string	"F6"
 972 05f6 04       		.byte	0x4
 973 05f7 1500     		.2byte	0x1500
 974 05f9 0000008F 		.4byte	0x8f
 975 05fd 04       		.byte	0x4
 976 05fe 01       		.byte	0x1
 977 05ff 19       		.byte	0x19
 978 0600 02       		.byte	0x2
 979 0601 23       		.byte	0x23
 980 0602 00       		.uleb128 0
 981 0603 0A       		.uleb128 0xa
 982 0604 463500   		.string	"F5"
 983 0607 04       		.byte	0x4
 984 0608 1501     		.2byte	0x1501
 985 060a 0000008F 		.4byte	0x8f
 986 060e 04       		.byte	0x4
 987 060f 01       		.byte	0x1
 988 0610 1A       		.byte	0x1a
 989 0611 02       		.byte	0x2
 990 0612 23       		.byte	0x23
 991 0613 00       		.uleb128 0
 992 0614 0A       		.uleb128 0xa
 993 0615 463400   		.string	"F4"
 994 0618 04       		.byte	0x4
 995 0619 1502     		.2byte	0x1502
 996 061b 0000008F 		.4byte	0x8f
 997 061f 04       		.byte	0x4
 998 0620 01       		.byte	0x1
 999 0621 1B       		.byte	0x1b
 1000 0622 02       		.byte	0x2
 1001 0623 23       		.byte	0x23
 1002 0624 00       		.uleb128 0
 1003 0625 0A       		.uleb128 0xa
 1004 0626 463300   		.string	"F3"
 1005 0629 04       		.byte	0x4
 1006 062a 1503     		.2byte	0x1503
 1007 062c 0000008F 		.4byte	0x8f
 1008 0630 04       		.byte	0x4
 1009 0631 01       		.byte	0x1
 1010 0632 1C       		.byte	0x1c
 1011 0633 02       		.byte	0x2
 1012 0634 23       		.byte	0x23
 1013 0635 00       		.uleb128 0
 1014 0636 0A       		.uleb128 0xa
 1015 0637 463200   		.string	"F2"
 1016 063a 04       		.byte	0x4
 1017 063b 1504     		.2byte	0x1504
 1018 063d 0000008F 		.4byte	0x8f
 1019 0641 04       		.byte	0x4
 1020 0642 01       		.byte	0x1
 1021 0643 1D       		.byte	0x1d
 1022 0644 02       		.byte	0x2
 1023 0645 23       		.byte	0x23
 1024 0646 00       		.uleb128 0
 1025 0647 0A       		.uleb128 0xa
 1026 0648 463100   		.string	"F1"
GAS LISTING C:\Users\marky\AppData\Local\Temp\ccEWhboZ.s 			page 19


 1027 064b 04       		.byte	0x4
 1028 064c 1505     		.2byte	0x1505
 1029 064e 0000008F 		.4byte	0x8f
 1030 0652 04       		.byte	0x4
 1031 0653 01       		.byte	0x1
 1032 0654 1E       		.byte	0x1e
 1033 0655 02       		.byte	0x2
 1034 0656 23       		.byte	0x23
 1035 0657 00       		.uleb128 0
 1036 0658 0A       		.uleb128 0xa
 1037 0659 463000   		.string	"F0"
 1038 065c 04       		.byte	0x4
 1039 065d 1506     		.2byte	0x1506
 1040 065f 0000008F 		.4byte	0x8f
 1041 0663 04       		.byte	0x4
 1042 0664 01       		.byte	0x1
 1043 0665 1F       		.byte	0x1f
 1044 0666 02       		.byte	0x2
 1045 0667 23       		.byte	0x23
 1046 0668 00       		.uleb128 0
 1047 0669 00       		.byte	0
 1048 066a 08       		.uleb128 0x8
 1049 066b 04       		.byte	0x4
 1050 066c 04       		.byte	0x4
 1051 066d 14E4     		.2byte	0x14e4
 1052 066f 00000688 		.4byte	0x688
 1053 0673 09       		.uleb128 0x9
 1054 0674 5200     		.string	"R"
 1055 0676 04       		.byte	0x4
 1056 0677 14E5     		.2byte	0x14e5
 1057 0679 0000008F 		.4byte	0x8f
 1058 067d 09       		.uleb128 0x9
 1059 067e 4200     		.string	"B"
 1060 0680 04       		.byte	0x4
 1061 0681 1507     		.2byte	0x1507
 1062 0683 0000042A 		.4byte	0x42a
 1063 0687 00       		.byte	0
 1064 0688 06       		.uleb128 0x6
 1065 0689 04       		.byte	0x4
 1066 068a 04       		.byte	0x4
 1067 068b 150C     		.2byte	0x150c
 1068 068d 000008D2 		.4byte	0x8d2
 1069 0691 07       		.uleb128 0x7
 1070 0692 00000000 		.4byte	.LASF37
 1071 0696 04       		.byte	0x4
 1072 0697 150D     		.2byte	0x150d
 1073 0699 0000008F 		.4byte	0x8f
 1074 069d 04       		.byte	0x4
 1075 069e 01       		.byte	0x1
 1076 069f 00       		.byte	0
 1077 06a0 02       		.byte	0x2
 1078 06a1 23       		.byte	0x23
 1079 06a2 00       		.uleb128 0
 1080 06a3 07       		.uleb128 0x7
 1081 06a4 00000000 		.4byte	.LASF38
 1082 06a8 04       		.byte	0x4
 1083 06a9 150E     		.2byte	0x150e
GAS LISTING C:\Users\marky\AppData\Local\Temp\ccEWhboZ.s 			page 20


 1084 06ab 0000008F 		.4byte	0x8f
 1085 06af 04       		.byte	0x4
 1086 06b0 01       		.byte	0x1
 1087 06b1 01       		.byte	0x1
 1088 06b2 02       		.byte	0x2
 1089 06b3 23       		.byte	0x23
 1090 06b4 00       		.uleb128 0
 1091 06b5 07       		.uleb128 0x7
 1092 06b6 00000000 		.4byte	.LASF39
 1093 06ba 04       		.byte	0x4
 1094 06bb 150F     		.2byte	0x150f
 1095 06bd 0000008F 		.4byte	0x8f
 1096 06c1 04       		.byte	0x4
 1097 06c2 01       		.byte	0x1
 1098 06c3 02       		.byte	0x2
 1099 06c4 02       		.byte	0x2
 1100 06c5 23       		.byte	0x23
 1101 06c6 00       		.uleb128 0
 1102 06c7 07       		.uleb128 0x7
 1103 06c8 00000000 		.4byte	.LASF40
 1104 06cc 04       		.byte	0x4
 1105 06cd 1510     		.2byte	0x1510
 1106 06cf 0000008F 		.4byte	0x8f
 1107 06d3 04       		.byte	0x4
 1108 06d4 01       		.byte	0x1
 1109 06d5 03       		.byte	0x3
 1110 06d6 02       		.byte	0x2
 1111 06d7 23       		.byte	0x23
 1112 06d8 00       		.uleb128 0
 1113 06d9 07       		.uleb128 0x7
 1114 06da 00000000 		.4byte	.LASF41
 1115 06de 04       		.byte	0x4
 1116 06df 1511     		.2byte	0x1511
 1117 06e1 0000008F 		.4byte	0x8f
 1118 06e5 04       		.byte	0x4
 1119 06e6 01       		.byte	0x1
 1120 06e7 04       		.byte	0x4
 1121 06e8 02       		.byte	0x2
 1122 06e9 23       		.byte	0x23
 1123 06ea 00       		.uleb128 0
 1124 06eb 07       		.uleb128 0x7
 1125 06ec 00000000 		.4byte	.LASF42
 1126 06f0 04       		.byte	0x4
 1127 06f1 1512     		.2byte	0x1512
 1128 06f3 0000008F 		.4byte	0x8f
 1129 06f7 04       		.byte	0x4
 1130 06f8 01       		.byte	0x1
 1131 06f9 05       		.byte	0x5
 1132 06fa 02       		.byte	0x2
 1133 06fb 23       		.byte	0x23
 1134 06fc 00       		.uleb128 0
 1135 06fd 07       		.uleb128 0x7
 1136 06fe 00000000 		.4byte	.LASF43
 1137 0702 04       		.byte	0x4
 1138 0703 1513     		.2byte	0x1513
 1139 0705 0000008F 		.4byte	0x8f
 1140 0709 04       		.byte	0x4
GAS LISTING C:\Users\marky\AppData\Local\Temp\ccEWhboZ.s 			page 21


 1141 070a 01       		.byte	0x1
 1142 070b 06       		.byte	0x6
 1143 070c 02       		.byte	0x2
 1144 070d 23       		.byte	0x23
 1145 070e 00       		.uleb128 0
 1146 070f 07       		.uleb128 0x7
 1147 0710 00000000 		.4byte	.LASF44
 1148 0714 04       		.byte	0x4
 1149 0715 1514     		.2byte	0x1514
 1150 0717 0000008F 		.4byte	0x8f
 1151 071b 04       		.byte	0x4
 1152 071c 01       		.byte	0x1
 1153 071d 07       		.byte	0x7
 1154 071e 02       		.byte	0x2
 1155 071f 23       		.byte	0x23
 1156 0720 00       		.uleb128 0
 1157 0721 07       		.uleb128 0x7
 1158 0722 00000000 		.4byte	.LASF45
 1159 0726 04       		.byte	0x4
 1160 0727 1515     		.2byte	0x1515
 1161 0729 0000008F 		.4byte	0x8f
 1162 072d 04       		.byte	0x4
 1163 072e 01       		.byte	0x1
 1164 072f 08       		.byte	0x8
 1165 0730 02       		.byte	0x2
 1166 0731 23       		.byte	0x23
 1167 0732 00       		.uleb128 0
 1168 0733 07       		.uleb128 0x7
 1169 0734 00000000 		.4byte	.LASF46
 1170 0738 04       		.byte	0x4
 1171 0739 1516     		.2byte	0x1516
 1172 073b 0000008F 		.4byte	0x8f
 1173 073f 04       		.byte	0x4
 1174 0740 01       		.byte	0x1
 1175 0741 09       		.byte	0x9
 1176 0742 02       		.byte	0x2
 1177 0743 23       		.byte	0x23
 1178 0744 00       		.uleb128 0
 1179 0745 07       		.uleb128 0x7
 1180 0746 00000000 		.4byte	.LASF47
 1181 074a 04       		.byte	0x4
 1182 074b 1517     		.2byte	0x1517
 1183 074d 0000008F 		.4byte	0x8f
 1184 0751 04       		.byte	0x4
 1185 0752 01       		.byte	0x1
 1186 0753 0A       		.byte	0xa
 1187 0754 02       		.byte	0x2
 1188 0755 23       		.byte	0x23
 1189 0756 00       		.uleb128 0
 1190 0757 07       		.uleb128 0x7
 1191 0758 00000000 		.4byte	.LASF48
 1192 075c 04       		.byte	0x4
 1193 075d 1518     		.2byte	0x1518
 1194 075f 0000008F 		.4byte	0x8f
 1195 0763 04       		.byte	0x4
 1196 0764 01       		.byte	0x1
 1197 0765 0B       		.byte	0xb
GAS LISTING C:\Users\marky\AppData\Local\Temp\ccEWhboZ.s 			page 22


 1198 0766 02       		.byte	0x2
 1199 0767 23       		.byte	0x23
 1200 0768 00       		.uleb128 0
 1201 0769 07       		.uleb128 0x7
 1202 076a 00000000 		.4byte	.LASF49
 1203 076e 04       		.byte	0x4
 1204 076f 1519     		.2byte	0x1519
 1205 0771 0000008F 		.4byte	0x8f
 1206 0775 04       		.byte	0x4
 1207 0776 01       		.byte	0x1
 1208 0777 0C       		.byte	0xc
 1209 0778 02       		.byte	0x2
 1210 0779 23       		.byte	0x23
 1211 077a 00       		.uleb128 0
 1212 077b 07       		.uleb128 0x7
 1213 077c 00000000 		.4byte	.LASF50
 1214 0780 04       		.byte	0x4
 1215 0781 151A     		.2byte	0x151a
 1216 0783 0000008F 		.4byte	0x8f
 1217 0787 04       		.byte	0x4
 1218 0788 01       		.byte	0x1
 1219 0789 0D       		.byte	0xd
 1220 078a 02       		.byte	0x2
 1221 078b 23       		.byte	0x23
 1222 078c 00       		.uleb128 0
 1223 078d 07       		.uleb128 0x7
 1224 078e 00000000 		.4byte	.LASF51
 1225 0792 04       		.byte	0x4
 1226 0793 151B     		.2byte	0x151b
 1227 0795 0000008F 		.4byte	0x8f
 1228 0799 04       		.byte	0x4
 1229 079a 01       		.byte	0x1
 1230 079b 0E       		.byte	0xe
 1231 079c 02       		.byte	0x2
 1232 079d 23       		.byte	0x23
 1233 079e 00       		.uleb128 0
 1234 079f 07       		.uleb128 0x7
 1235 07a0 00000000 		.4byte	.LASF52
 1236 07a4 04       		.byte	0x4
 1237 07a5 151C     		.2byte	0x151c
 1238 07a7 0000008F 		.4byte	0x8f
 1239 07ab 04       		.byte	0x4
 1240 07ac 01       		.byte	0x1
 1241 07ad 0F       		.byte	0xf
 1242 07ae 02       		.byte	0x2
 1243 07af 23       		.byte	0x23
 1244 07b0 00       		.uleb128 0
 1245 07b1 07       		.uleb128 0x7
 1246 07b2 00000000 		.4byte	.LASF53
 1247 07b6 04       		.byte	0x4
 1248 07b7 151D     		.2byte	0x151d
 1249 07b9 0000008F 		.4byte	0x8f
 1250 07bd 04       		.byte	0x4
 1251 07be 01       		.byte	0x1
 1252 07bf 10       		.byte	0x10
 1253 07c0 02       		.byte	0x2
 1254 07c1 23       		.byte	0x23
GAS LISTING C:\Users\marky\AppData\Local\Temp\ccEWhboZ.s 			page 23


 1255 07c2 00       		.uleb128 0
 1256 07c3 07       		.uleb128 0x7
 1257 07c4 00000000 		.4byte	.LASF54
 1258 07c8 04       		.byte	0x4
 1259 07c9 151E     		.2byte	0x151e
 1260 07cb 0000008F 		.4byte	0x8f
 1261 07cf 04       		.byte	0x4
 1262 07d0 01       		.byte	0x1
 1263 07d1 11       		.byte	0x11
 1264 07d2 02       		.byte	0x2
 1265 07d3 23       		.byte	0x23
 1266 07d4 00       		.uleb128 0
 1267 07d5 07       		.uleb128 0x7
 1268 07d6 00000000 		.4byte	.LASF55
 1269 07da 04       		.byte	0x4
 1270 07db 151F     		.2byte	0x151f
 1271 07dd 0000008F 		.4byte	0x8f
 1272 07e1 04       		.byte	0x4
 1273 07e2 01       		.byte	0x1
 1274 07e3 12       		.byte	0x12
 1275 07e4 02       		.byte	0x2
 1276 07e5 23       		.byte	0x23
 1277 07e6 00       		.uleb128 0
 1278 07e7 07       		.uleb128 0x7
 1279 07e8 00000000 		.4byte	.LASF56
 1280 07ec 04       		.byte	0x4
 1281 07ed 1520     		.2byte	0x1520
 1282 07ef 0000008F 		.4byte	0x8f
 1283 07f3 04       		.byte	0x4
 1284 07f4 01       		.byte	0x1
 1285 07f5 13       		.byte	0x13
 1286 07f6 02       		.byte	0x2
 1287 07f7 23       		.byte	0x23
 1288 07f8 00       		.uleb128 0
 1289 07f9 07       		.uleb128 0x7
 1290 07fa 00000000 		.4byte	.LASF57
 1291 07fe 04       		.byte	0x4
 1292 07ff 1521     		.2byte	0x1521
 1293 0801 0000008F 		.4byte	0x8f
 1294 0805 04       		.byte	0x4
 1295 0806 01       		.byte	0x1
 1296 0807 14       		.byte	0x14
 1297 0808 02       		.byte	0x2
 1298 0809 23       		.byte	0x23
 1299 080a 00       		.uleb128 0
 1300 080b 07       		.uleb128 0x7
 1301 080c 00000000 		.4byte	.LASF58
 1302 0810 04       		.byte	0x4
 1303 0811 1522     		.2byte	0x1522
 1304 0813 0000008F 		.4byte	0x8f
 1305 0817 04       		.byte	0x4
 1306 0818 01       		.byte	0x1
 1307 0819 15       		.byte	0x15
 1308 081a 02       		.byte	0x2
 1309 081b 23       		.byte	0x23
 1310 081c 00       		.uleb128 0
 1311 081d 0A       		.uleb128 0xa
GAS LISTING C:\Users\marky\AppData\Local\Temp\ccEWhboZ.s 			page 24


 1312 081e 4F553900 		.string	"OU9"
 1313 0822 04       		.byte	0x4
 1314 0823 1523     		.2byte	0x1523
 1315 0825 0000008F 		.4byte	0x8f
 1316 0829 04       		.byte	0x4
 1317 082a 01       		.byte	0x1
 1318 082b 16       		.byte	0x16
 1319 082c 02       		.byte	0x2
 1320 082d 23       		.byte	0x23
 1321 082e 00       		.uleb128 0
 1322 082f 0A       		.uleb128 0xa
 1323 0830 4F553800 		.string	"OU8"
 1324 0834 04       		.byte	0x4
 1325 0835 1524     		.2byte	0x1524
 1326 0837 0000008F 		.4byte	0x8f
 1327 083b 04       		.byte	0x4
 1328 083c 01       		.byte	0x1
 1329 083d 17       		.byte	0x17
 1330 083e 02       		.byte	0x2
 1331 083f 23       		.byte	0x23
 1332 0840 00       		.uleb128 0
 1333 0841 0A       		.uleb128 0xa
 1334 0842 4F553700 		.string	"OU7"
 1335 0846 04       		.byte	0x4
 1336 0847 1525     		.2byte	0x1525
 1337 0849 0000008F 		.4byte	0x8f
 1338 084d 04       		.byte	0x4
 1339 084e 01       		.byte	0x1
 1340 084f 18       		.byte	0x18
 1341 0850 02       		.byte	0x2
 1342 0851 23       		.byte	0x23
 1343 0852 00       		.uleb128 0
 1344 0853 0A       		.uleb128 0xa
 1345 0854 4F553600 		.string	"OU6"
 1346 0858 04       		.byte	0x4
 1347 0859 1526     		.2byte	0x1526
 1348 085b 0000008F 		.4byte	0x8f
 1349 085f 04       		.byte	0x4
 1350 0860 01       		.byte	0x1
 1351 0861 19       		.byte	0x19
 1352 0862 02       		.byte	0x2
 1353 0863 23       		.byte	0x23
 1354 0864 00       		.uleb128 0
 1355 0865 0A       		.uleb128 0xa
 1356 0866 4F553500 		.string	"OU5"
 1357 086a 04       		.byte	0x4
 1358 086b 1527     		.2byte	0x1527
 1359 086d 0000008F 		.4byte	0x8f
 1360 0871 04       		.byte	0x4
 1361 0872 01       		.byte	0x1
 1362 0873 1A       		.byte	0x1a
 1363 0874 02       		.byte	0x2
 1364 0875 23       		.byte	0x23
 1365 0876 00       		.uleb128 0
 1366 0877 0A       		.uleb128 0xa
 1367 0878 4F553400 		.string	"OU4"
 1368 087c 04       		.byte	0x4
GAS LISTING C:\Users\marky\AppData\Local\Temp\ccEWhboZ.s 			page 25


 1369 087d 1528     		.2byte	0x1528
 1370 087f 0000008F 		.4byte	0x8f
 1371 0883 04       		.byte	0x4
 1372 0884 01       		.byte	0x1
 1373 0885 1B       		.byte	0x1b
 1374 0886 02       		.byte	0x2
 1375 0887 23       		.byte	0x23
 1376 0888 00       		.uleb128 0
 1377 0889 0A       		.uleb128 0xa
 1378 088a 4F553300 		.string	"OU3"
 1379 088e 04       		.byte	0x4
 1380 088f 1529     		.2byte	0x1529
 1381 0891 0000008F 		.4byte	0x8f
 1382 0895 04       		.byte	0x4
 1383 0896 01       		.byte	0x1
 1384 0897 1C       		.byte	0x1c
 1385 0898 02       		.byte	0x2
 1386 0899 23       		.byte	0x23
 1387 089a 00       		.uleb128 0
 1388 089b 0A       		.uleb128 0xa
 1389 089c 4F553200 		.string	"OU2"
 1390 08a0 04       		.byte	0x4
 1391 08a1 152A     		.2byte	0x152a
 1392 08a3 0000008F 		.4byte	0x8f
 1393 08a7 04       		.byte	0x4
 1394 08a8 01       		.byte	0x1
 1395 08a9 1D       		.byte	0x1d
 1396 08aa 02       		.byte	0x2
 1397 08ab 23       		.byte	0x23
 1398 08ac 00       		.uleb128 0
 1399 08ad 0A       		.uleb128 0xa
 1400 08ae 4F553100 		.string	"OU1"
 1401 08b2 04       		.byte	0x4
 1402 08b3 152B     		.2byte	0x152b
 1403 08b5 0000008F 		.4byte	0x8f
 1404 08b9 04       		.byte	0x4
 1405 08ba 01       		.byte	0x1
 1406 08bb 1E       		.byte	0x1e
 1407 08bc 02       		.byte	0x2
 1408 08bd 23       		.byte	0x23
 1409 08be 00       		.uleb128 0
 1410 08bf 0A       		.uleb128 0xa
 1411 08c0 4F553000 		.string	"OU0"
 1412 08c4 04       		.byte	0x4
 1413 08c5 152C     		.2byte	0x152c
 1414 08c7 0000008F 		.4byte	0x8f
 1415 08cb 04       		.byte	0x4
 1416 08cc 01       		.byte	0x1
 1417 08cd 1F       		.byte	0x1f
 1418 08ce 02       		.byte	0x2
 1419 08cf 23       		.byte	0x23
 1420 08d0 00       		.uleb128 0
 1421 08d1 00       		.byte	0
 1422 08d2 08       		.uleb128 0x8
 1423 08d3 04       		.byte	0x4
 1424 08d4 04       		.byte	0x4
 1425 08d5 150A     		.2byte	0x150a
GAS LISTING C:\Users\marky\AppData\Local\Temp\ccEWhboZ.s 			page 26


 1426 08d7 000008F0 		.4byte	0x8f0
 1427 08db 09       		.uleb128 0x9
 1428 08dc 5200     		.string	"R"
 1429 08de 04       		.byte	0x4
 1430 08df 150B     		.2byte	0x150b
 1431 08e1 0000008F 		.4byte	0x8f
 1432 08e5 09       		.uleb128 0x9
 1433 08e6 4200     		.string	"B"
 1434 08e8 04       		.byte	0x4
 1435 08e9 152D     		.2byte	0x152d
 1436 08eb 00000688 		.4byte	0x688
 1437 08ef 00       		.byte	0
 1438 08f0 06       		.uleb128 0x6
 1439 08f1 04       		.byte	0x4
 1440 08f2 04       		.byte	0x4
 1441 08f3 1532     		.2byte	0x1532
 1442 08f5 00000B3A 		.4byte	0xb3a
 1443 08f9 07       		.uleb128 0x7
 1444 08fa 00000000 		.4byte	.LASF59
 1445 08fe 04       		.byte	0x4
 1446 08ff 1533     		.2byte	0x1533
 1447 0901 0000008F 		.4byte	0x8f
 1448 0905 04       		.byte	0x4
 1449 0906 01       		.byte	0x1
 1450 0907 00       		.byte	0
 1451 0908 02       		.byte	0x2
 1452 0909 23       		.byte	0x23
 1453 090a 00       		.uleb128 0
 1454 090b 07       		.uleb128 0x7
 1455 090c 00000000 		.4byte	.LASF60
 1456 0910 04       		.byte	0x4
 1457 0911 1534     		.2byte	0x1534
 1458 0913 0000008F 		.4byte	0x8f
 1459 0917 04       		.byte	0x4
 1460 0918 01       		.byte	0x1
 1461 0919 01       		.byte	0x1
 1462 091a 02       		.byte	0x2
 1463 091b 23       		.byte	0x23
 1464 091c 00       		.uleb128 0
 1465 091d 07       		.uleb128 0x7
 1466 091e 00000000 		.4byte	.LASF61
 1467 0922 04       		.byte	0x4
 1468 0923 1535     		.2byte	0x1535
 1469 0925 0000008F 		.4byte	0x8f
 1470 0929 04       		.byte	0x4
 1471 092a 01       		.byte	0x1
 1472 092b 02       		.byte	0x2
 1473 092c 02       		.byte	0x2
 1474 092d 23       		.byte	0x23
 1475 092e 00       		.uleb128 0
 1476 092f 07       		.uleb128 0x7
 1477 0930 00000000 		.4byte	.LASF62
 1478 0934 04       		.byte	0x4
 1479 0935 1536     		.2byte	0x1536
 1480 0937 0000008F 		.4byte	0x8f
 1481 093b 04       		.byte	0x4
 1482 093c 01       		.byte	0x1
GAS LISTING C:\Users\marky\AppData\Local\Temp\ccEWhboZ.s 			page 27


 1483 093d 03       		.byte	0x3
 1484 093e 02       		.byte	0x2
 1485 093f 23       		.byte	0x23
 1486 0940 00       		.uleb128 0
 1487 0941 07       		.uleb128 0x7
 1488 0942 00000000 		.4byte	.LASF63
 1489 0946 04       		.byte	0x4
 1490 0947 1537     		.2byte	0x1537
 1491 0949 0000008F 		.4byte	0x8f
 1492 094d 04       		.byte	0x4
 1493 094e 01       		.byte	0x1
 1494 094f 04       		.byte	0x4
 1495 0950 02       		.byte	0x2
 1496 0951 23       		.byte	0x23
 1497 0952 00       		.uleb128 0
 1498 0953 07       		.uleb128 0x7
 1499 0954 00000000 		.4byte	.LASF64
 1500 0958 04       		.byte	0x4
 1501 0959 1538     		.2byte	0x1538
 1502 095b 0000008F 		.4byte	0x8f
 1503 095f 04       		.byte	0x4
 1504 0960 01       		.byte	0x1
 1505 0961 05       		.byte	0x5
 1506 0962 02       		.byte	0x2
 1507 0963 23       		.byte	0x23
 1508 0964 00       		.uleb128 0
 1509 0965 07       		.uleb128 0x7
 1510 0966 00000000 		.4byte	.LASF65
 1511 096a 04       		.byte	0x4
 1512 096b 1539     		.2byte	0x1539
 1513 096d 0000008F 		.4byte	0x8f
 1514 0971 04       		.byte	0x4
 1515 0972 01       		.byte	0x1
 1516 0973 06       		.byte	0x6
 1517 0974 02       		.byte	0x2
 1518 0975 23       		.byte	0x23
 1519 0976 00       		.uleb128 0
 1520 0977 07       		.uleb128 0x7
 1521 0978 00000000 		.4byte	.LASF66
 1522 097c 04       		.byte	0x4
 1523 097d 153A     		.2byte	0x153a
 1524 097f 0000008F 		.4byte	0x8f
 1525 0983 04       		.byte	0x4
 1526 0984 01       		.byte	0x1
 1527 0985 07       		.byte	0x7
 1528 0986 02       		.byte	0x2
 1529 0987 23       		.byte	0x23
 1530 0988 00       		.uleb128 0
 1531 0989 07       		.uleb128 0x7
 1532 098a 00000000 		.4byte	.LASF67
 1533 098e 04       		.byte	0x4
 1534 098f 153B     		.2byte	0x153b
 1535 0991 0000008F 		.4byte	0x8f
 1536 0995 04       		.byte	0x4
 1537 0996 01       		.byte	0x1
 1538 0997 08       		.byte	0x8
 1539 0998 02       		.byte	0x2
GAS LISTING C:\Users\marky\AppData\Local\Temp\ccEWhboZ.s 			page 28


 1540 0999 23       		.byte	0x23
 1541 099a 00       		.uleb128 0
 1542 099b 07       		.uleb128 0x7
 1543 099c 00000000 		.4byte	.LASF68
 1544 09a0 04       		.byte	0x4
 1545 09a1 153C     		.2byte	0x153c
 1546 09a3 0000008F 		.4byte	0x8f
 1547 09a7 04       		.byte	0x4
 1548 09a8 01       		.byte	0x1
 1549 09a9 09       		.byte	0x9
 1550 09aa 02       		.byte	0x2
 1551 09ab 23       		.byte	0x23
 1552 09ac 00       		.uleb128 0
 1553 09ad 07       		.uleb128 0x7
 1554 09ae 00000000 		.4byte	.LASF69
 1555 09b2 04       		.byte	0x4
 1556 09b3 153D     		.2byte	0x153d
 1557 09b5 0000008F 		.4byte	0x8f
 1558 09b9 04       		.byte	0x4
 1559 09ba 01       		.byte	0x1
 1560 09bb 0A       		.byte	0xa
 1561 09bc 02       		.byte	0x2
 1562 09bd 23       		.byte	0x23
 1563 09be 00       		.uleb128 0
 1564 09bf 07       		.uleb128 0x7
 1565 09c0 00000000 		.4byte	.LASF70
 1566 09c4 04       		.byte	0x4
 1567 09c5 153E     		.2byte	0x153e
 1568 09c7 0000008F 		.4byte	0x8f
 1569 09cb 04       		.byte	0x4
 1570 09cc 01       		.byte	0x1
 1571 09cd 0B       		.byte	0xb
 1572 09ce 02       		.byte	0x2
 1573 09cf 23       		.byte	0x23
 1574 09d0 00       		.uleb128 0
 1575 09d1 07       		.uleb128 0x7
 1576 09d2 00000000 		.4byte	.LASF71
 1577 09d6 04       		.byte	0x4
 1578 09d7 153F     		.2byte	0x153f
 1579 09d9 0000008F 		.4byte	0x8f
 1580 09dd 04       		.byte	0x4
 1581 09de 01       		.byte	0x1
 1582 09df 0C       		.byte	0xc
 1583 09e0 02       		.byte	0x2
 1584 09e1 23       		.byte	0x23
 1585 09e2 00       		.uleb128 0
 1586 09e3 07       		.uleb128 0x7
 1587 09e4 00000000 		.4byte	.LASF72
 1588 09e8 04       		.byte	0x4
 1589 09e9 1540     		.2byte	0x1540
 1590 09eb 0000008F 		.4byte	0x8f
 1591 09ef 04       		.byte	0x4
 1592 09f0 01       		.byte	0x1
 1593 09f1 0D       		.byte	0xd
 1594 09f2 02       		.byte	0x2
 1595 09f3 23       		.byte	0x23
 1596 09f4 00       		.uleb128 0
GAS LISTING C:\Users\marky\AppData\Local\Temp\ccEWhboZ.s 			page 29


 1597 09f5 07       		.uleb128 0x7
 1598 09f6 00000000 		.4byte	.LASF73
 1599 09fa 04       		.byte	0x4
 1600 09fb 1541     		.2byte	0x1541
 1601 09fd 0000008F 		.4byte	0x8f
 1602 0a01 04       		.byte	0x4
 1603 0a02 01       		.byte	0x1
 1604 0a03 0E       		.byte	0xe
 1605 0a04 02       		.byte	0x2
 1606 0a05 23       		.byte	0x23
 1607 0a06 00       		.uleb128 0
 1608 0a07 07       		.uleb128 0x7
 1609 0a08 00000000 		.4byte	.LASF74
 1610 0a0c 04       		.byte	0x4
 1611 0a0d 1542     		.2byte	0x1542
 1612 0a0f 0000008F 		.4byte	0x8f
 1613 0a13 04       		.byte	0x4
 1614 0a14 01       		.byte	0x1
 1615 0a15 0F       		.byte	0xf
 1616 0a16 02       		.byte	0x2
 1617 0a17 23       		.byte	0x23
 1618 0a18 00       		.uleb128 0
 1619 0a19 07       		.uleb128 0x7
 1620 0a1a 00000000 		.4byte	.LASF75
 1621 0a1e 04       		.byte	0x4
 1622 0a1f 1543     		.2byte	0x1543
 1623 0a21 0000008F 		.4byte	0x8f
 1624 0a25 04       		.byte	0x4
 1625 0a26 01       		.byte	0x1
 1626 0a27 10       		.byte	0x10
 1627 0a28 02       		.byte	0x2
 1628 0a29 23       		.byte	0x23
 1629 0a2a 00       		.uleb128 0
 1630 0a2b 07       		.uleb128 0x7
 1631 0a2c 00000000 		.4byte	.LASF76
 1632 0a30 04       		.byte	0x4
 1633 0a31 1544     		.2byte	0x1544
 1634 0a33 0000008F 		.4byte	0x8f
 1635 0a37 04       		.byte	0x4
 1636 0a38 01       		.byte	0x1
 1637 0a39 11       		.byte	0x11
 1638 0a3a 02       		.byte	0x2
 1639 0a3b 23       		.byte	0x23
 1640 0a3c 00       		.uleb128 0
 1641 0a3d 07       		.uleb128 0x7
 1642 0a3e 00000000 		.4byte	.LASF77
 1643 0a42 04       		.byte	0x4
 1644 0a43 1545     		.2byte	0x1545
 1645 0a45 0000008F 		.4byte	0x8f
 1646 0a49 04       		.byte	0x4
 1647 0a4a 01       		.byte	0x1
 1648 0a4b 12       		.byte	0x12
 1649 0a4c 02       		.byte	0x2
 1650 0a4d 23       		.byte	0x23
 1651 0a4e 00       		.uleb128 0
 1652 0a4f 07       		.uleb128 0x7
 1653 0a50 00000000 		.4byte	.LASF78
GAS LISTING C:\Users\marky\AppData\Local\Temp\ccEWhboZ.s 			page 30


 1654 0a54 04       		.byte	0x4
 1655 0a55 1546     		.2byte	0x1546
 1656 0a57 0000008F 		.4byte	0x8f
 1657 0a5b 04       		.byte	0x4
 1658 0a5c 01       		.byte	0x1
 1659 0a5d 13       		.byte	0x13
 1660 0a5e 02       		.byte	0x2
 1661 0a5f 23       		.byte	0x23
 1662 0a60 00       		.uleb128 0
 1663 0a61 07       		.uleb128 0x7
 1664 0a62 00000000 		.4byte	.LASF79
 1665 0a66 04       		.byte	0x4
 1666 0a67 1547     		.2byte	0x1547
 1667 0a69 0000008F 		.4byte	0x8f
 1668 0a6d 04       		.byte	0x4
 1669 0a6e 01       		.byte	0x1
 1670 0a6f 14       		.byte	0x14
 1671 0a70 02       		.byte	0x2
 1672 0a71 23       		.byte	0x23
 1673 0a72 00       		.uleb128 0
 1674 0a73 07       		.uleb128 0x7
 1675 0a74 00000000 		.4byte	.LASF80
 1676 0a78 04       		.byte	0x4
 1677 0a79 1548     		.2byte	0x1548
 1678 0a7b 0000008F 		.4byte	0x8f
 1679 0a7f 04       		.byte	0x4
 1680 0a80 01       		.byte	0x1
 1681 0a81 15       		.byte	0x15
 1682 0a82 02       		.byte	0x2
 1683 0a83 23       		.byte	0x23
 1684 0a84 00       		.uleb128 0
 1685 0a85 07       		.uleb128 0x7
 1686 0a86 00000000 		.4byte	.LASF81
 1687 0a8a 04       		.byte	0x4
 1688 0a8b 1549     		.2byte	0x1549
 1689 0a8d 0000008F 		.4byte	0x8f
 1690 0a91 04       		.byte	0x4
 1691 0a92 01       		.byte	0x1
 1692 0a93 16       		.byte	0x16
 1693 0a94 02       		.byte	0x2
 1694 0a95 23       		.byte	0x23
 1695 0a96 00       		.uleb128 0
 1696 0a97 07       		.uleb128 0x7
 1697 0a98 00000000 		.4byte	.LASF82
 1698 0a9c 04       		.byte	0x4
 1699 0a9d 154A     		.2byte	0x154a
 1700 0a9f 0000008F 		.4byte	0x8f
 1701 0aa3 04       		.byte	0x4
 1702 0aa4 01       		.byte	0x1
 1703 0aa5 17       		.byte	0x17
 1704 0aa6 02       		.byte	0x2
 1705 0aa7 23       		.byte	0x23
 1706 0aa8 00       		.uleb128 0
 1707 0aa9 07       		.uleb128 0x7
 1708 0aaa 00000000 		.4byte	.LASF83
 1709 0aae 04       		.byte	0x4
 1710 0aaf 154B     		.2byte	0x154b
GAS LISTING C:\Users\marky\AppData\Local\Temp\ccEWhboZ.s 			page 31


 1711 0ab1 0000008F 		.4byte	0x8f
 1712 0ab5 04       		.byte	0x4
 1713 0ab6 01       		.byte	0x1
 1714 0ab7 18       		.byte	0x18
 1715 0ab8 02       		.byte	0x2
 1716 0ab9 23       		.byte	0x23
 1717 0aba 00       		.uleb128 0
 1718 0abb 07       		.uleb128 0x7
 1719 0abc 00000000 		.4byte	.LASF84
 1720 0ac0 04       		.byte	0x4
 1721 0ac1 154C     		.2byte	0x154c
 1722 0ac3 0000008F 		.4byte	0x8f
 1723 0ac7 04       		.byte	0x4
 1724 0ac8 01       		.byte	0x1
 1725 0ac9 19       		.byte	0x19
 1726 0aca 02       		.byte	0x2
 1727 0acb 23       		.byte	0x23
 1728 0acc 00       		.uleb128 0
 1729 0acd 07       		.uleb128 0x7
 1730 0ace 00000000 		.4byte	.LASF85
 1731 0ad2 04       		.byte	0x4
 1732 0ad3 154D     		.2byte	0x154d
 1733 0ad5 0000008F 		.4byte	0x8f
 1734 0ad9 04       		.byte	0x4
 1735 0ada 01       		.byte	0x1
 1736 0adb 1A       		.byte	0x1a
 1737 0adc 02       		.byte	0x2
 1738 0add 23       		.byte	0x23
 1739 0ade 00       		.uleb128 0
 1740 0adf 07       		.uleb128 0x7
 1741 0ae0 00000000 		.4byte	.LASF86
 1742 0ae4 04       		.byte	0x4
 1743 0ae5 154E     		.2byte	0x154e
 1744 0ae7 0000008F 		.4byte	0x8f
 1745 0aeb 04       		.byte	0x4
 1746 0aec 01       		.byte	0x1
 1747 0aed 1B       		.byte	0x1b
 1748 0aee 02       		.byte	0x2
 1749 0aef 23       		.byte	0x23
 1750 0af0 00       		.uleb128 0
 1751 0af1 07       		.uleb128 0x7
 1752 0af2 00000000 		.4byte	.LASF87
 1753 0af6 04       		.byte	0x4
 1754 0af7 154F     		.2byte	0x154f
 1755 0af9 0000008F 		.4byte	0x8f
 1756 0afd 04       		.byte	0x4
 1757 0afe 01       		.byte	0x1
 1758 0aff 1C       		.byte	0x1c
 1759 0b00 02       		.byte	0x2
 1760 0b01 23       		.byte	0x23
 1761 0b02 00       		.uleb128 0
 1762 0b03 07       		.uleb128 0x7
 1763 0b04 00000000 		.4byte	.LASF88
 1764 0b08 04       		.byte	0x4
 1765 0b09 1550     		.2byte	0x1550
 1766 0b0b 0000008F 		.4byte	0x8f
 1767 0b0f 04       		.byte	0x4
GAS LISTING C:\Users\marky\AppData\Local\Temp\ccEWhboZ.s 			page 32


 1768 0b10 01       		.byte	0x1
 1769 0b11 1D       		.byte	0x1d
 1770 0b12 02       		.byte	0x2
 1771 0b13 23       		.byte	0x23
 1772 0b14 00       		.uleb128 0
 1773 0b15 07       		.uleb128 0x7
 1774 0b16 00000000 		.4byte	.LASF89
 1775 0b1a 04       		.byte	0x4
 1776 0b1b 1551     		.2byte	0x1551
 1777 0b1d 0000008F 		.4byte	0x8f
 1778 0b21 04       		.byte	0x4
 1779 0b22 01       		.byte	0x1
 1780 0b23 1E       		.byte	0x1e
 1781 0b24 02       		.byte	0x2
 1782 0b25 23       		.byte	0x23
 1783 0b26 00       		.uleb128 0
 1784 0b27 07       		.uleb128 0x7
 1785 0b28 00000000 		.4byte	.LASF90
 1786 0b2c 04       		.byte	0x4
 1787 0b2d 1552     		.2byte	0x1552
 1788 0b2f 0000008F 		.4byte	0x8f
 1789 0b33 04       		.byte	0x4
 1790 0b34 01       		.byte	0x1
 1791 0b35 1F       		.byte	0x1f
 1792 0b36 02       		.byte	0x2
 1793 0b37 23       		.byte	0x23
 1794 0b38 00       		.uleb128 0
 1795 0b39 00       		.byte	0
 1796 0b3a 08       		.uleb128 0x8
 1797 0b3b 04       		.byte	0x4
 1798 0b3c 04       		.byte	0x4
 1799 0b3d 1530     		.2byte	0x1530
 1800 0b3f 00000B58 		.4byte	0xb58
 1801 0b43 09       		.uleb128 0x9
 1802 0b44 5200     		.string	"R"
 1803 0b46 04       		.byte	0x4
 1804 0b47 1531     		.2byte	0x1531
 1805 0b49 0000008F 		.4byte	0x8f
 1806 0b4d 09       		.uleb128 0x9
 1807 0b4e 4200     		.string	"B"
 1808 0b50 04       		.byte	0x4
 1809 0b51 1553     		.2byte	0x1553
 1810 0b53 000008F0 		.4byte	0x8f0
 1811 0b57 00       		.byte	0
 1812 0b58 10       		.uleb128 0x10
 1813 0b59 00000000 		.4byte	.LASF92
 1814 0b5d 0420     		.2byte	0x420
 1815 0b5f 04       		.byte	0x4
 1816 0b60 14D4     		.2byte	0x14d4
 1817 0b62 00000BC0 		.4byte	0xbc0
 1818 0b66 0D       		.uleb128 0xd
 1819 0b67 4D435200 		.string	"MCR"
 1820 0b6b 04       		.byte	0x4
 1821 0b6c 14E2     		.2byte	0x14e2
 1822 0b6e 0000040C 		.4byte	0x40c
 1823 0b72 02       		.byte	0x2
 1824 0b73 23       		.byte	0x23
GAS LISTING C:\Users\marky\AppData\Local\Temp\ccEWhboZ.s 			page 33


 1825 0b74 00       		.uleb128 0
 1826 0b75 0D       		.uleb128 0xd
 1827 0b76 47465200 		.string	"GFR"
 1828 0b7a 04       		.byte	0x4
 1829 0b7b 1508     		.2byte	0x1508
 1830 0b7d 0000066A 		.4byte	0x66a
 1831 0b81 02       		.byte	0x2
 1832 0b82 23       		.byte	0x23
 1833 0b83 04       		.uleb128 0x4
 1834 0b84 0C       		.uleb128 0xc
 1835 0b85 00000000 		.4byte	.LASF93
 1836 0b89 04       		.byte	0x4
 1837 0b8a 152E     		.2byte	0x152e
 1838 0b8c 000008D2 		.4byte	0x8d2
 1839 0b90 02       		.byte	0x2
 1840 0b91 23       		.byte	0x23
 1841 0b92 08       		.uleb128 0x8
 1842 0b93 0C       		.uleb128 0xc
 1843 0b94 00000000 		.4byte	.LASF94
 1844 0b98 04       		.byte	0x4
 1845 0b99 1554     		.2byte	0x1554
 1846 0b9b 00000B3A 		.4byte	0xb3a
 1847 0b9f 02       		.byte	0x2
 1848 0ba0 23       		.byte	0x23
 1849 0ba1 0C       		.uleb128 0xc
 1850 0ba2 0C       		.uleb128 0xc
 1851 0ba3 00000000 		.4byte	.LASF95
 1852 0ba7 04       		.byte	0x4
 1853 0ba8 1556     		.2byte	0x1556
 1854 0baa 00000BC0 		.4byte	0xbc0
 1855 0bae 02       		.byte	0x2
 1856 0baf 23       		.byte	0x23
 1857 0bb0 10       		.uleb128 0x10
 1858 0bb1 0D       		.uleb128 0xd
 1859 0bb2 434800   		.string	"CH"
 1860 0bb5 04       		.byte	0x4
 1861 0bb6 1558     		.2byte	0x1558
 1862 0bb8 00000BD0 		.4byte	0xbd0
 1863 0bbc 02       		.byte	0x2
 1864 0bbd 23       		.byte	0x23
 1865 0bbe 20       		.uleb128 0x20
 1866 0bbf 00       		.byte	0
 1867 0bc0 0E       		.uleb128 0xe
 1868 0bc1 00000084 		.4byte	0x84
 1869 0bc5 00000BD0 		.4byte	0xbd0
 1870 0bc9 0F       		.uleb128 0xf
 1871 0bca 0000009F 		.4byte	0x9f
 1872 0bce 03       		.byte	0x3
 1873 0bcf 00       		.byte	0
 1874 0bd0 0E       		.uleb128 0xe
 1875 0bd1 00000321 		.4byte	0x321
 1876 0bd5 00000BE0 		.4byte	0xbe0
 1877 0bd9 0F       		.uleb128 0xf
 1878 0bda 0000009F 		.4byte	0x9f
 1879 0bde 1F       		.byte	0x1f
 1880 0bdf 00       		.byte	0
 1881 0be0 02       		.uleb128 0x2
GAS LISTING C:\Users\marky\AppData\Local\Temp\ccEWhboZ.s 			page 34


 1882 0be1 01       		.byte	0x1
 1883 0be2 08       		.byte	0x8
 1884 0be3 00000000 		.4byte	.LASF96
 1885 0be7 11       		.uleb128 0x11
 1886 0be8 00000000 		.4byte	.LASF97
 1887 0bec 05       		.byte	0x5
 1888 0bed 0412     		.2byte	0x412
 1889 0bef 00000BF3 		.4byte	0xbf3
 1890 0bf3 0B       		.uleb128 0xb
 1891 0bf4 00000000 		.4byte	.LASF97
 1892 0bf8 10       		.byte	0x10
 1893 0bf9 05       		.byte	0x5
 1894 0bfa 0461     		.2byte	0x461
 1895 0bfc 00000C3D 		.4byte	0xc3d
 1896 0c00 0C       		.uleb128 0xc
 1897 0c01 00000000 		.4byte	.LASF98
 1898 0c05 05       		.byte	0x5
 1899 0c06 0465     		.2byte	0x465
 1900 0c08 00000D2C 		.4byte	0xd2c
 1901 0c0c 02       		.byte	0x2
 1902 0c0d 23       		.byte	0x23
 1903 0c0e 00       		.uleb128 0
 1904 0c0f 0C       		.uleb128 0xc
 1905 0c10 00000000 		.4byte	.LASF99
 1906 0c14 05       		.byte	0x5
 1907 0c15 0469     		.2byte	0x469
 1908 0c17 00000C79 		.4byte	0xc79
 1909 0c1b 02       		.byte	0x2
 1910 0c1c 23       		.byte	0x23
 1911 0c1d 04       		.uleb128 0x4
 1912 0c1e 0C       		.uleb128 0xc
 1913 0c1f 00000000 		.4byte	.LASF100
 1914 0c23 05       		.byte	0x5
 1915 0c24 0471     		.2byte	0x471
 1916 0c26 00000D37 		.4byte	0xd37
 1917 0c2a 02       		.byte	0x2
 1918 0c2b 23       		.byte	0x23
 1919 0c2c 08       		.uleb128 0x8
 1920 0c2d 0C       		.uleb128 0xc
 1921 0c2e 00000000 		.4byte	.LASF101
 1922 0c32 05       		.byte	0x5
 1923 0c33 0476     		.2byte	0x476
 1924 0c35 00000C6D 		.4byte	0xc6d
 1925 0c39 02       		.byte	0x2
 1926 0c3a 23       		.byte	0x23
 1927 0c3b 0C       		.uleb128 0xc
 1928 0c3c 00       		.byte	0
 1929 0c3d 11       		.uleb128 0x11
 1930 0c3e 00000000 		.4byte	.LASF102
 1931 0c42 05       		.byte	0x5
 1932 0c43 0419     		.2byte	0x419
 1933 0c45 00000C49 		.4byte	0xc49
 1934 0c49 12       		.uleb128 0x12
 1935 0c4a 04       		.byte	0x4
 1936 0c4b 00000C4F 		.4byte	0xc4f
 1937 0c4f 13       		.uleb128 0x13
 1938 0c50 01       		.byte	0x1
GAS LISTING C:\Users\marky\AppData\Local\Temp\ccEWhboZ.s 			page 35


 1939 0c51 00000C5B 		.4byte	0xc5b
 1940 0c55 14       		.uleb128 0x14
 1941 0c56 00000C5B 		.4byte	0xc5b
 1942 0c5a 00       		.byte	0
 1943 0c5b 12       		.uleb128 0x12
 1944 0c5c 04       		.byte	0x4
 1945 0c5d 00000BE7 		.4byte	0xbe7
 1946 0c61 11       		.uleb128 0x11
 1947 0c62 00000000 		.4byte	.LASF103
 1948 0c66 05       		.byte	0x5
 1949 0c67 041E     		.2byte	0x41e
 1950 0c69 00000084 		.4byte	0x84
 1951 0c6d 11       		.uleb128 0x11
 1952 0c6e 00000000 		.4byte	.LASF104
 1953 0c72 05       		.byte	0x5
 1954 0c73 0423     		.2byte	0x423
 1955 0c75 00000079 		.4byte	0x79
 1956 0c79 11       		.uleb128 0x11
 1957 0c7a 00000000 		.4byte	.LASF105
 1958 0c7e 05       		.byte	0x5
 1959 0c7f 0428     		.2byte	0x428
 1960 0c81 00000084 		.4byte	0x84
 1961 0c85 06       		.uleb128 0x6
 1962 0c86 08       		.byte	0x8
 1963 0c87 05       		.byte	0x5
 1964 0c88 042F     		.2byte	0x42f
 1965 0c8a 00000CAD 		.4byte	0xcad
 1966 0c8e 0C       		.uleb128 0xc
 1967 0c8f 00000000 		.4byte	.LASF106
 1968 0c93 05       		.byte	0x5
 1969 0c94 0433     		.2byte	0x433
 1970 0c96 00000C61 		.4byte	0xc61
 1971 0c9a 02       		.byte	0x2
 1972 0c9b 23       		.byte	0x23
 1973 0c9c 00       		.uleb128 0
 1974 0c9d 0C       		.uleb128 0xc
 1975 0c9e 00000000 		.4byte	.LASF107
 1976 0ca2 05       		.byte	0x5
 1977 0ca3 0439     		.2byte	0x439
 1978 0ca5 00000C3D 		.4byte	0xc3d
 1979 0ca9 02       		.byte	0x2
 1980 0caa 23       		.byte	0x23
 1981 0cab 04       		.uleb128 0x4
 1982 0cac 00       		.byte	0
 1983 0cad 11       		.uleb128 0x11
 1984 0cae 00000000 		.4byte	.LASF108
 1985 0cb2 05       		.byte	0x5
 1986 0cb3 043B     		.2byte	0x43b
 1987 0cb5 00000C85 		.4byte	0xc85
 1988 0cb9 15       		.uleb128 0x15
 1989 0cba 0108     		.2byte	0x108
 1990 0cbc 05       		.byte	0x5
 1991 0cbd 0442     		.2byte	0x442
 1992 0cbf 00000D10 		.4byte	0xd10
 1993 0cc3 0D       		.uleb128 0xd
 1994 0cc4 70736300 		.string	"psc"
 1995 0cc8 05       		.byte	0x5
GAS LISTING C:\Users\marky\AppData\Local\Temp\ccEWhboZ.s 			page 36


 1996 0cc9 0446     		.2byte	0x446
 1997 0ccb 00000079 		.4byte	0x79
 1998 0ccf 02       		.byte	0x2
 1999 0cd0 23       		.byte	0x23
 2000 0cd1 00       		.uleb128 0
 2001 0cd2 0C       		.uleb128 0xc
 2002 0cd3 00000000 		.4byte	.LASF99
 2003 0cd7 05       		.byte	0x5
 2004 0cd8 044A     		.2byte	0x44a
 2005 0cda 00000C79 		.4byte	0xc79
 2006 0cde 02       		.byte	0x2
 2007 0cdf 23       		.byte	0x23
 2008 0ce0 04       		.uleb128 0x4
 2009 0ce1 0C       		.uleb128 0xc
 2010 0ce2 00000000 		.4byte	.LASF107
 2011 0ce6 05       		.byte	0x5
 2012 0ce7 0450     		.2byte	0x450
 2013 0ce9 00000C3D 		.4byte	0xc3d
 2014 0ced 02       		.byte	0x2
 2015 0cee 23       		.byte	0x23
 2016 0cef 08       		.uleb128 0x8
 2017 0cf0 0C       		.uleb128 0xc
 2018 0cf1 00000000 		.4byte	.LASF109
 2019 0cf5 05       		.byte	0x5
 2020 0cf6 0454     		.2byte	0x454
 2021 0cf8 00000D10 		.4byte	0xd10
 2022 0cfc 02       		.byte	0x2
 2023 0cfd 23       		.byte	0x23
 2024 0cfe 0C       		.uleb128 0xc
 2025 0cff 0C       		.uleb128 0xc
 2026 0d00 00000000 		.4byte	.LASF106
 2027 0d04 05       		.byte	0x5
 2028 0d05 0459     		.2byte	0x459
 2029 0d07 00000C61 		.4byte	0xc61
 2030 0d0b 03       		.byte	0x3
 2031 0d0c 23       		.byte	0x23
 2032 0d0d 8402     		.uleb128 0x104
 2033 0d0f 00       		.byte	0
 2034 0d10 0E       		.uleb128 0xe
 2035 0d11 00000CAD 		.4byte	0xcad
 2036 0d15 00000D20 		.4byte	0xd20
 2037 0d19 0F       		.uleb128 0xf
 2038 0d1a 0000009F 		.4byte	0x9f
 2039 0d1e 1E       		.byte	0x1e
 2040 0d1f 00       		.byte	0
 2041 0d20 11       		.uleb128 0x11
 2042 0d21 00000000 		.4byte	.LASF110
 2043 0d25 05       		.byte	0x5
 2044 0d26 045A     		.2byte	0x45a
 2045 0d28 00000CB9 		.4byte	0xcb9
 2046 0d2c 12       		.uleb128 0x12
 2047 0d2d 04       		.byte	0x4
 2048 0d2e 00000D32 		.4byte	0xd32
 2049 0d32 16       		.uleb128 0x16
 2050 0d33 00000D20 		.4byte	0xd20
 2051 0d37 12       		.uleb128 0x12
 2052 0d38 04       		.byte	0x4
GAS LISTING C:\Users\marky\AppData\Local\Temp\ccEWhboZ.s 			page 37


 2053 0d39 00000D3D 		.4byte	0xd3d
 2054 0d3d 05       		.uleb128 0x5
 2055 0d3e 00000B58 		.4byte	0xb58
 2056 0d42 17       		.uleb128 0x17
 2057 0d43 00000000 		.4byte	.LASF114
 2058 0d47 06       		.byte	0x6
 2059 0d48 27       		.byte	0x27
 2060 0d49 00000D32 		.4byte	0xd32
 2061 0d4d 01       		.byte	0x1
 2062 0d4e 05       		.byte	0x5
 2063 0d4f 03       		.byte	0x3
 2064 0d50 00000000 		.4byte	pwm_config_emios0
 2065 0d54 00       		.byte	0
 2066              		.section	.debug_abbrev,"",@progbits
 2067              	.Ldebug_abbrev0:
 2068 0000 01       		.uleb128 0x1
 2069 0001 11       		.uleb128 0x11
 2070 0002 01       		.byte	0x1
 2071 0003 25       		.uleb128 0x25
 2072 0004 0E       		.uleb128 0xe
 2073 0005 13       		.uleb128 0x13
 2074 0006 0B       		.uleb128 0xb
 2075 0007 03       		.uleb128 0x3
 2076 0008 0E       		.uleb128 0xe
 2077 0009 1B       		.uleb128 0x1b
 2078 000a 0E       		.uleb128 0xe
 2079 000b 10       		.uleb128 0x10
 2080 000c 06       		.uleb128 0x6
 2081 000d 00       		.byte	0
 2082 000e 00       		.byte	0
 2083 000f 02       		.uleb128 0x2
 2084 0010 24       		.uleb128 0x24
 2085 0011 00       		.byte	0
 2086 0012 0B       		.uleb128 0xb
 2087 0013 0B       		.uleb128 0xb
 2088 0014 3E       		.uleb128 0x3e
 2089 0015 0B       		.uleb128 0xb
 2090 0016 03       		.uleb128 0x3
 2091 0017 0E       		.uleb128 0xe
 2092 0018 00       		.byte	0
 2093 0019 00       		.byte	0
 2094 001a 03       		.uleb128 0x3
 2095 001b 16       		.uleb128 0x16
 2096 001c 00       		.byte	0
 2097 001d 03       		.uleb128 0x3
 2098 001e 0E       		.uleb128 0xe
 2099 001f 3A       		.uleb128 0x3a
 2100 0020 0B       		.uleb128 0xb
 2101 0021 3B       		.uleb128 0x3b
 2102 0022 0B       		.uleb128 0xb
 2103 0023 49       		.uleb128 0x49
 2104 0024 13       		.uleb128 0x13
 2105 0025 00       		.byte	0
 2106 0026 00       		.byte	0
 2107 0027 04       		.uleb128 0x4
 2108 0028 24       		.uleb128 0x24
 2109 0029 00       		.byte	0
GAS LISTING C:\Users\marky\AppData\Local\Temp\ccEWhboZ.s 			page 38


 2110 002a 0B       		.uleb128 0xb
 2111 002b 0B       		.uleb128 0xb
 2112 002c 3E       		.uleb128 0x3e
 2113 002d 0B       		.uleb128 0xb
 2114 002e 03       		.uleb128 0x3
 2115 002f 08       		.uleb128 0x8
 2116 0030 00       		.byte	0
 2117 0031 00       		.byte	0
 2118 0032 05       		.uleb128 0x5
 2119 0033 35       		.uleb128 0x35
 2120 0034 00       		.byte	0
 2121 0035 49       		.uleb128 0x49
 2122 0036 13       		.uleb128 0x13
 2123 0037 00       		.byte	0
 2124 0038 00       		.byte	0
 2125 0039 06       		.uleb128 0x6
 2126 003a 13       		.uleb128 0x13
 2127 003b 01       		.byte	0x1
 2128 003c 0B       		.uleb128 0xb
 2129 003d 0B       		.uleb128 0xb
 2130 003e 3A       		.uleb128 0x3a
 2131 003f 0B       		.uleb128 0xb
 2132 0040 3B       		.uleb128 0x3b
 2133 0041 05       		.uleb128 0x5
 2134 0042 01       		.uleb128 0x1
 2135 0043 13       		.uleb128 0x13
 2136 0044 00       		.byte	0
 2137 0045 00       		.byte	0
 2138 0046 07       		.uleb128 0x7
 2139 0047 0D       		.uleb128 0xd
 2140 0048 00       		.byte	0
 2141 0049 03       		.uleb128 0x3
 2142 004a 0E       		.uleb128 0xe
 2143 004b 3A       		.uleb128 0x3a
 2144 004c 0B       		.uleb128 0xb
 2145 004d 3B       		.uleb128 0x3b
 2146 004e 05       		.uleb128 0x5
 2147 004f 49       		.uleb128 0x49
 2148 0050 13       		.uleb128 0x13
 2149 0051 0B       		.uleb128 0xb
 2150 0052 0B       		.uleb128 0xb
 2151 0053 0D       		.uleb128 0xd
 2152 0054 0B       		.uleb128 0xb
 2153 0055 0C       		.uleb128 0xc
 2154 0056 0B       		.uleb128 0xb
 2155 0057 38       		.uleb128 0x38
 2156 0058 0A       		.uleb128 0xa
 2157 0059 00       		.byte	0
 2158 005a 00       		.byte	0
 2159 005b 08       		.uleb128 0x8
 2160 005c 17       		.uleb128 0x17
 2161 005d 01       		.byte	0x1
 2162 005e 0B       		.uleb128 0xb
 2163 005f 0B       		.uleb128 0xb
 2164 0060 3A       		.uleb128 0x3a
 2165 0061 0B       		.uleb128 0xb
 2166 0062 3B       		.uleb128 0x3b
GAS LISTING C:\Users\marky\AppData\Local\Temp\ccEWhboZ.s 			page 39


 2167 0063 05       		.uleb128 0x5
 2168 0064 01       		.uleb128 0x1
 2169 0065 13       		.uleb128 0x13
 2170 0066 00       		.byte	0
 2171 0067 00       		.byte	0
 2172 0068 09       		.uleb128 0x9
 2173 0069 0D       		.uleb128 0xd
 2174 006a 00       		.byte	0
 2175 006b 03       		.uleb128 0x3
 2176 006c 08       		.uleb128 0x8
 2177 006d 3A       		.uleb128 0x3a
 2178 006e 0B       		.uleb128 0xb
 2179 006f 3B       		.uleb128 0x3b
 2180 0070 05       		.uleb128 0x5
 2181 0071 49       		.uleb128 0x49
 2182 0072 13       		.uleb128 0x13
 2183 0073 00       		.byte	0
 2184 0074 00       		.byte	0
 2185 0075 0A       		.uleb128 0xa
 2186 0076 0D       		.uleb128 0xd
 2187 0077 00       		.byte	0
 2188 0078 03       		.uleb128 0x3
 2189 0079 08       		.uleb128 0x8
 2190 007a 3A       		.uleb128 0x3a
 2191 007b 0B       		.uleb128 0xb
 2192 007c 3B       		.uleb128 0x3b
 2193 007d 05       		.uleb128 0x5
 2194 007e 49       		.uleb128 0x49
 2195 007f 13       		.uleb128 0x13
 2196 0080 0B       		.uleb128 0xb
 2197 0081 0B       		.uleb128 0xb
 2198 0082 0D       		.uleb128 0xd
 2199 0083 0B       		.uleb128 0xb
 2200 0084 0C       		.uleb128 0xc
 2201 0085 0B       		.uleb128 0xb
 2202 0086 38       		.uleb128 0x38
 2203 0087 0A       		.uleb128 0xa
 2204 0088 00       		.byte	0
 2205 0089 00       		.byte	0
 2206 008a 0B       		.uleb128 0xb
 2207 008b 13       		.uleb128 0x13
 2208 008c 01       		.byte	0x1
 2209 008d 03       		.uleb128 0x3
 2210 008e 0E       		.uleb128 0xe
 2211 008f 0B       		.uleb128 0xb
 2212 0090 0B       		.uleb128 0xb
 2213 0091 3A       		.uleb128 0x3a
 2214 0092 0B       		.uleb128 0xb
 2215 0093 3B       		.uleb128 0x3b
 2216 0094 05       		.uleb128 0x5
 2217 0095 01       		.uleb128 0x1
 2218 0096 13       		.uleb128 0x13
 2219 0097 00       		.byte	0
 2220 0098 00       		.byte	0
 2221 0099 0C       		.uleb128 0xc
 2222 009a 0D       		.uleb128 0xd
 2223 009b 00       		.byte	0
GAS LISTING C:\Users\marky\AppData\Local\Temp\ccEWhboZ.s 			page 40


 2224 009c 03       		.uleb128 0x3
 2225 009d 0E       		.uleb128 0xe
 2226 009e 3A       		.uleb128 0x3a
 2227 009f 0B       		.uleb128 0xb
 2228 00a0 3B       		.uleb128 0x3b
 2229 00a1 05       		.uleb128 0x5
 2230 00a2 49       		.uleb128 0x49
 2231 00a3 13       		.uleb128 0x13
 2232 00a4 38       		.uleb128 0x38
 2233 00a5 0A       		.uleb128 0xa
 2234 00a6 00       		.byte	0
 2235 00a7 00       		.byte	0
 2236 00a8 0D       		.uleb128 0xd
 2237 00a9 0D       		.uleb128 0xd
 2238 00aa 00       		.byte	0
 2239 00ab 03       		.uleb128 0x3
 2240 00ac 08       		.uleb128 0x8
 2241 00ad 3A       		.uleb128 0x3a
 2242 00ae 0B       		.uleb128 0xb
 2243 00af 3B       		.uleb128 0x3b
 2244 00b0 05       		.uleb128 0x5
 2245 00b1 49       		.uleb128 0x49
 2246 00b2 13       		.uleb128 0x13
 2247 00b3 38       		.uleb128 0x38
 2248 00b4 0A       		.uleb128 0xa
 2249 00b5 00       		.byte	0
 2250 00b6 00       		.byte	0
 2251 00b7 0E       		.uleb128 0xe
 2252 00b8 01       		.uleb128 0x1
 2253 00b9 01       		.byte	0x1
 2254 00ba 49       		.uleb128 0x49
 2255 00bb 13       		.uleb128 0x13
 2256 00bc 01       		.uleb128 0x1
 2257 00bd 13       		.uleb128 0x13
 2258 00be 00       		.byte	0
 2259 00bf 00       		.byte	0
 2260 00c0 0F       		.uleb128 0xf
 2261 00c1 21       		.uleb128 0x21
 2262 00c2 00       		.byte	0
 2263 00c3 49       		.uleb128 0x49
 2264 00c4 13       		.uleb128 0x13
 2265 00c5 2F       		.uleb128 0x2f
 2266 00c6 0B       		.uleb128 0xb
 2267 00c7 00       		.byte	0
 2268 00c8 00       		.byte	0
 2269 00c9 10       		.uleb128 0x10
 2270 00ca 13       		.uleb128 0x13
 2271 00cb 01       		.byte	0x1
 2272 00cc 03       		.uleb128 0x3
 2273 00cd 0E       		.uleb128 0xe
 2274 00ce 0B       		.uleb128 0xb
 2275 00cf 05       		.uleb128 0x5
 2276 00d0 3A       		.uleb128 0x3a
 2277 00d1 0B       		.uleb128 0xb
 2278 00d2 3B       		.uleb128 0x3b
 2279 00d3 05       		.uleb128 0x5
 2280 00d4 01       		.uleb128 0x1
GAS LISTING C:\Users\marky\AppData\Local\Temp\ccEWhboZ.s 			page 41


 2281 00d5 13       		.uleb128 0x13
 2282 00d6 00       		.byte	0
 2283 00d7 00       		.byte	0
 2284 00d8 11       		.uleb128 0x11
 2285 00d9 16       		.uleb128 0x16
 2286 00da 00       		.byte	0
 2287 00db 03       		.uleb128 0x3
 2288 00dc 0E       		.uleb128 0xe
 2289 00dd 3A       		.uleb128 0x3a
 2290 00de 0B       		.uleb128 0xb
 2291 00df 3B       		.uleb128 0x3b
 2292 00e0 05       		.uleb128 0x5
 2293 00e1 49       		.uleb128 0x49
 2294 00e2 13       		.uleb128 0x13
 2295 00e3 00       		.byte	0
 2296 00e4 00       		.byte	0
 2297 00e5 12       		.uleb128 0x12
 2298 00e6 0F       		.uleb128 0xf
 2299 00e7 00       		.byte	0
 2300 00e8 0B       		.uleb128 0xb
 2301 00e9 0B       		.uleb128 0xb
 2302 00ea 49       		.uleb128 0x49
 2303 00eb 13       		.uleb128 0x13
 2304 00ec 00       		.byte	0
 2305 00ed 00       		.byte	0
 2306 00ee 13       		.uleb128 0x13
 2307 00ef 15       		.uleb128 0x15
 2308 00f0 01       		.byte	0x1
 2309 00f1 27       		.uleb128 0x27
 2310 00f2 0C       		.uleb128 0xc
 2311 00f3 01       		.uleb128 0x1
 2312 00f4 13       		.uleb128 0x13
 2313 00f5 00       		.byte	0
 2314 00f6 00       		.byte	0
 2315 00f7 14       		.uleb128 0x14
 2316 00f8 05       		.uleb128 0x5
 2317 00f9 00       		.byte	0
 2318 00fa 49       		.uleb128 0x49
 2319 00fb 13       		.uleb128 0x13
 2320 00fc 00       		.byte	0
 2321 00fd 00       		.byte	0
 2322 00fe 15       		.uleb128 0x15
 2323 00ff 13       		.uleb128 0x13
 2324 0100 01       		.byte	0x1
 2325 0101 0B       		.uleb128 0xb
 2326 0102 05       		.uleb128 0x5
 2327 0103 3A       		.uleb128 0x3a
 2328 0104 0B       		.uleb128 0xb
 2329 0105 3B       		.uleb128 0x3b
 2330 0106 05       		.uleb128 0x5
 2331 0107 01       		.uleb128 0x1
 2332 0108 13       		.uleb128 0x13
 2333 0109 00       		.byte	0
 2334 010a 00       		.byte	0
 2335 010b 16       		.uleb128 0x16
 2336 010c 26       		.uleb128 0x26
 2337 010d 00       		.byte	0
GAS LISTING C:\Users\marky\AppData\Local\Temp\ccEWhboZ.s 			page 42


 2338 010e 49       		.uleb128 0x49
 2339 010f 13       		.uleb128 0x13
 2340 0110 00       		.byte	0
 2341 0111 00       		.byte	0
 2342 0112 17       		.uleb128 0x17
 2343 0113 34       		.uleb128 0x34
 2344 0114 00       		.byte	0
 2345 0115 03       		.uleb128 0x3
 2346 0116 0E       		.uleb128 0xe
 2347 0117 3A       		.uleb128 0x3a
 2348 0118 0B       		.uleb128 0xb
 2349 0119 3B       		.uleb128 0x3b
 2350 011a 0B       		.uleb128 0xb
 2351 011b 49       		.uleb128 0x49
 2352 011c 13       		.uleb128 0x13
 2353 011d 3F       		.uleb128 0x3f
 2354 011e 0C       		.uleb128 0xc
 2355 011f 02       		.uleb128 0x2
 2356 0120 0A       		.uleb128 0xa
 2357 0121 00       		.byte	0
 2358 0122 00       		.byte	0
 2359 0123 00       		.byte	0
 2360              		.section	.debug_aranges,"",@progbits
 2361 0000 00000014 		.4byte	0x14
 2362 0004 0002     		.2byte	0x2
 2363 0006 00000000 		.4byte	.Ldebug_info0
 2364 000a 04       		.byte	0x4
 2365 000b 00       		.byte	0
 2366 000c 0000     		.2byte	0
 2367 000e 0000     		.2byte	0
 2368 0010 00000000 		.4byte	0
 2369 0014 00000000 		.4byte	0
 2370              		.section	.debug_line,"",@progbits
 2371              	.Ldebug_line0:
 2372 0000 00000232 		.section	.debug_str,"MS",@progbits,1
 2372      00020000 
 2372      022C0201 
 2372      FB0E0D00 
 2372      01010101 
 2373              	.LASF104:
 2374 0000 70776D63 		.string	"pwmchannel_t"
 2374      68616E6E 
 2374      656C5F74 
 2374      00
 2375              	.LASF67:
 2376 000d 43484449 		.string	"CHDIS23"
 2376      53323300 
 2377              	.LASF80:
 2378 0015 43484449 		.string	"CHDIS10"
 2378      53313000 
 2379              	.LASF5:
 2380 001d 5F5F7569 		.string	"__uint8_t"
 2380      6E74385F 
 2380      7400
 2381              	.LASF72:
 2382 0027 43484449 		.string	"CHDIS18"
 2382      53313800 
GAS LISTING C:\Users\marky\AppData\Local\Temp\ccEWhboZ.s 			page 43


 2383              	.LASF4:
 2384 002f 6C6F6E67 		.string	"long int"
 2384      20696E74 
 2384      00
 2385              	.LASF48:
 2386 0038 4F553230 		.string	"OU20"
 2386      00
 2387              	.LASF47:
 2388 003d 4F553231 		.string	"OU21"
 2388      00
 2389              	.LASF46:
 2390 0042 4F553232 		.string	"OU22"
 2390      00
 2391              	.LASF45:
 2392 0047 4F553233 		.string	"OU23"
 2392      00
 2393              	.LASF44:
 2394 004c 4F553234 		.string	"OU24"
 2394      00
 2395              	.LASF42:
 2396 0051 4F553236 		.string	"OU26"
 2396      00
 2397              	.LASF41:
 2398 0056 4F553237 		.string	"OU27"
 2398      00
 2399              	.LASF40:
 2400 005b 4F553238 		.string	"OU28"
 2400      00
 2401              	.LASF39:
 2402 0060 4F553239 		.string	"OU29"
 2402      00
 2403              	.LASF43:
 2404 0065 4F553235 		.string	"OU25"
 2404      00
 2405              	.LASF36:
 2406 006a 47505245 		.string	"GPRE"
 2406      00
 2407              	.LASF8:
 2408 006f 6C6F6E67 		.string	"long long int"
 2408      206C6F6E 
 2408      6720696E 
 2408      7400
 2409              	.LASF0:
 2410 007d 7369676E 		.string	"signed char"
 2410      65642063 
 2410      68617200 
 2411              	.LASF9:
 2412 0089 6C6F6E67 		.string	"long long unsigned int"
 2412      206C6F6E 
 2412      6720756E 
 2412      7369676E 
 2412      65642069 
 2413              	.LASF103:
 2414 00a0 70776D6D 		.string	"pwmmode_t"
 2414      6F64655F 
 2414      7400
 2415              	.LASF18:
GAS LISTING C:\Users\marky\AppData\Local\Temp\ccEWhboZ.s 			page 44


 2416 00aa 4652454E 		.string	"FREN"
 2416      00
 2417              	.LASF90:
 2418 00af 43484449 		.string	"CHDIS0"
 2418      533000
 2419              	.LASF89:
 2420 00b6 43484449 		.string	"CHDIS1"
 2420      533100
 2421              	.LASF88:
 2422 00bd 43484449 		.string	"CHDIS2"
 2422      533200
 2423              	.LASF87:
 2424 00c4 43484449 		.string	"CHDIS3"
 2424      533300
 2425              	.LASF86:
 2426 00cb 43484449 		.string	"CHDIS4"
 2426      533400
 2427              	.LASF114:
 2428 00d2 70776D5F 		.string	"pwm_config_emios0"
 2428      636F6E66 
 2428      69675F65 
 2428      6D696F73 
 2428      3000
 2429              	.LASF84:
 2430 00e4 43484449 		.string	"CHDIS6"
 2430      533600
 2431              	.LASF83:
 2432 00eb 43484449 		.string	"CHDIS7"
 2432      533700
 2433              	.LASF82:
 2434 00f2 43484449 		.string	"CHDIS8"
 2434      533800
 2435              	.LASF81:
 2436 00f9 43484449 		.string	"CHDIS9"
 2436      533900
 2437              	.LASF38:
 2438 0100 4F553330 		.string	"OU30"
 2438      00
 2439              	.LASF37:
 2440 0105 4F553331 		.string	"OU31"
 2440      00
 2441              	.LASF22:
 2442 010a 464F5243 		.string	"FORCMB"
 2442      4D4200
 2443              	.LASF111:
 2444 0111 474E5520 		.ascii	"GNU C 4.9.4 20160726 (Sat May 27 11:09:55 CDT 2017         b"
 2444      4320342E 
 2444      392E3420 
 2444      32303136 
 2444      30373236 
 2445 014d 75696C64 		.ascii	"uild.sh rev=gd8b6c"
 2445      2E736820 
 2445      7265763D 
 2445      67643862 
 2445      3663
 2446 015f 32302073 		.string	"20 s=F494 ELe200 -V release_gd8b6c20_build_Fed_ELe200_ML0) -mcall-sysv -mcpu=e200z0 -mvle
 2446      3D463439 
GAS LISTING C:\Users\marky\AppData\Local\Temp\ccEWhboZ.s 			page 45


 2446      3420454C 
 2446      65323030 
 2446      202D5620 
 2447              	.LASF105:
 2448 0260 70776D63 		.string	"pwmcnt_t"
 2448      6E745F74 
 2448      00
 2449              	.LASF112:
 2450 0269 2E2F636F 		.string	"./components/spc560bxx_low_level_drivers_component_rla/cfg/pwm_lld_cfg.c"
 2450      6D706F6E 
 2450      656E7473 
 2450      2F737063 
 2450      35363062 
 2451              	.LASF16:
 2452 02b2 43424452 		.string	"CBDR"
 2452      00
 2453              	.LASF6:
 2454 02b7 5F5F7569 		.string	"__uint32_t"
 2454      6E743332 
 2454      5F7400
 2455              	.LASF17:
 2456 02c2 43434E54 		.string	"CCNTR"
 2456      5200
 2457              	.LASF68:
 2458 02c8 43484449 		.string	"CHDIS22"
 2458      53323200 
 2459              	.LASF100:
 2460 02d0 656D696F 		.string	"emiosp"
 2460      737000
 2461              	.LASF10:
 2462 02d7 756E7369 		.string	"unsigned int"
 2462      676E6564 
 2462      20696E74 
 2462      00
 2463              	.LASF7:
 2464 02e4 6C6F6E67 		.string	"long unsigned int"
 2464      20756E73 
 2464      69676E65 
 2464      6420696E 
 2464      7400
 2465              	.LASF101:
 2466 02f6 70657269 		.string	"period_ch"
 2466      6F645F63 
 2466      6800
 2467              	.LASF21:
 2468 0300 464F5243 		.string	"FORCMA"
 2468      4D4100
 2469              	.LASF3:
 2470 0307 73686F72 		.string	"short unsigned int"
 2470      7420756E 
 2470      7369676E 
 2470      65642069 
 2470      6E7400
 2471              	.LASF24:
 2472 031a 4544504F 		.string	"EDPOL"
 2472      4C00
 2473              	.LASF13:
GAS LISTING C:\Users\marky\AppData\Local\Temp\ccEWhboZ.s 			page 46


 2474 0320 7675696E 		.string	"vuint32_t"
 2474      7433325F 
 2474      7400
 2475              	.LASF109:
 2476 032a 6368616E 		.string	"channels"
 2476      6E656C73 
 2476      00
 2477              	.LASF107:
 2478 0333 63616C6C 		.string	"callback"
 2478      6261636B 
 2478      00
 2479              	.LASF2:
 2480 033c 73686F72 		.string	"short int"
 2480      7420696E 
 2480      7400
 2481              	.LASF15:
 2482 0346 43414452 		.string	"CADR"
 2482      00
 2483              	.LASF91:
 2484 034b 454D494F 		.string	"EMIOS_CHANNEL_tag"
 2484      535F4348 
 2484      414E4E45 
 2484      4C5F7461 
 2484      6700
 2485              	.LASF33:
 2486 035d 4D444953 		.string	"MDIS"
 2486      00
 2487              	.LASF79:
 2488 0362 43484449 		.string	"CHDIS11"
 2488      53313100 
 2489              	.LASF78:
 2490 036a 43484449 		.string	"CHDIS12"
 2490      53313200 
 2491              	.LASF77:
 2492 0372 43484449 		.string	"CHDIS13"
 2492      53313300 
 2493              	.LASF76:
 2494 037a 43484449 		.string	"CHDIS14"
 2494      53313400 
 2495              	.LASF75:
 2496 0382 43484449 		.string	"CHDIS15"
 2496      53313500 
 2497              	.LASF74:
 2498 038a 43484449 		.string	"CHDIS16"
 2498      53313600 
 2499              	.LASF73:
 2500 0392 43484449 		.string	"CHDIS17"
 2500      53313700 
 2501              	.LASF71:
 2502 039a 43484449 		.string	"CHDIS19"
 2502      53313900 
 2503              	.LASF85:
 2504 03a2 43484449 		.string	"CHDIS5"
 2504      533500
 2505              	.LASF94:
 2506 03a9 55434449 		.string	"UCDIS"
 2506      5300
GAS LISTING C:\Users\marky\AppData\Local\Temp\ccEWhboZ.s 			page 47


 2507              	.LASF95:
 2508 03af 656D696F 		.string	"emios_reserved1"
 2508      735F7265 
 2508      73657276 
 2508      65643100 
 2509              	.LASF20:
 2510 03bf 55435045 		.string	"UCPEN"
 2510      4E00
 2511              	.LASF14:
 2512 03c5 73697A65 		.string	"sizetype"
 2512      74797065 
 2512      00
 2513              	.LASF93:
 2514 03ce 4F554452 		.string	"OUDR"
 2514      00
 2515              	.LASF23:
 2516 03d3 45445345 		.string	"EDSEL"
 2516      4C00
 2517              	.LASF32:
 2518 03d9 656D696F 		.string	"emios_channel_reserved"
 2518      735F6368 
 2518      616E6E65 
 2518      6C5F7265 
 2518      73657276 
 2519              	.LASF28:
 2520 03f0 55434F55 		.string	"UCOUT"
 2520      5400
 2521              	.LASF26:
 2522 03f6 4F56464C 		.string	"OVFL"
 2522      00
 2523              	.LASF92:
 2524 03fb 454D494F 		.string	"EMIOS_tag"
 2524      535F7461 
 2524      6700
 2525              	.LASF70:
 2526 0405 43484449 		.string	"CHDIS20"
 2526      53323000 
 2527              	.LASF69:
 2528 040d 43484449 		.string	"CHDIS21"
 2528      53323100 
 2529              	.LASF102:
 2530 0415 70776D63 		.string	"pwmcallback_t"
 2530      616C6C62 
 2530      61636B5F 
 2530      7400
 2531              	.LASF113:
 2532 0423 433A5C53 		.string	"C:\\SPC5Studio\\workspace\\SPC560Bxx_RLA FreeRTOS SERIAL Test Application for Discovery"
 2532      50433553 
 2532      74756469 
 2532      6F5C776F 
 2532      726B7370 
 2533              	.LASF66:
 2534 0478 43484449 		.string	"CHDIS24"
 2534      53323400 
 2535              	.LASF65:
 2536 0480 43484449 		.string	"CHDIS25"
 2536      53323500 
GAS LISTING C:\Users\marky\AppData\Local\Temp\ccEWhboZ.s 			page 48


 2537              	.LASF64:
 2538 0488 43484449 		.string	"CHDIS26"
 2538      53323600 
 2539              	.LASF63:
 2540 0490 43484449 		.string	"CHDIS27"
 2540      53323700 
 2541              	.LASF62:
 2542 0498 43484449 		.string	"CHDIS28"
 2542      53323800 
 2543              	.LASF61:
 2544 04a0 43484449 		.string	"CHDIS29"
 2544      53323900 
 2545              	.LASF1:
 2546 04a8 756E7369 		.string	"unsigned char"
 2546      676E6564 
 2546      20636861 
 2546      7200
 2547              	.LASF35:
 2548 04b6 47505245 		.string	"GPREN"
 2548      4E00
 2549              	.LASF29:
 2550 04bc 464C4147 		.string	"FLAG"
 2550      00
 2551              	.LASF60:
 2552 04c1 43484449 		.string	"CHDIS30"
 2552      53333000 
 2553              	.LASF59:
 2554 04c9 43484449 		.string	"CHDIS31"
 2554      53333100 
 2555              	.LASF12:
 2556 04d1 75696E74 		.string	"uint32_t"
 2556      33325F74 
 2556      00
 2557              	.LASF110:
 2558 04da 50574D43 		.string	"PWMConfig"
 2558      6F6E6669 
 2558      6700
 2559              	.LASF30:
 2560 04e4 414C5441 		.string	"ALTA"
 2560      00
 2561              	.LASF27:
 2562 04e9 5543494E 		.string	"UCIN"
 2562      00
 2563              	.LASF96:
 2564 04ee 63686172 		.string	"char"
 2564      00
 2565              	.LASF106:
 2566 04f3 6D6F6465 		.string	"mode"
 2566      00
 2567              	.LASF31:
 2568 04f8 414C5443 		.string	"ALTCADR"
 2568      41445200 
 2569              	.LASF98:
 2570 0500 636F6E66 		.string	"config"
 2570      696700
 2571              	.LASF25:
 2572 0507 4D4F4445 		.string	"MODE"
GAS LISTING C:\Users\marky\AppData\Local\Temp\ccEWhboZ.s 			page 49


 2572      00
 2573              	.LASF99:
 2574 050c 70657269 		.string	"period"
 2574      6F6400
 2575              	.LASF34:
 2576 0513 47544245 		.string	"GTBE"
 2576      00
 2577              	.LASF108:
 2578 0518 50574D43 		.string	"PWMChannelConfig"
 2578      68616E6E 
 2578      656C436F 
 2578      6E666967 
 2578      00
 2579              	.LASF19:
 2580 0529 55435052 		.string	"UCPRE"
 2580      4500
 2581              	.LASF11:
 2582 052f 75696E74 		.string	"uint8_t"
 2582      385F7400 
 2583              	.LASF97:
 2584 0537 50574D44 		.string	"PWMDriver"
 2584      72697665 
 2584      7200
 2585              	.LASF58:
 2586 0541 4F553130 		.string	"OU10"
 2586      00
 2587              	.LASF57:
 2588 0546 4F553131 		.string	"OU11"
 2588      00
 2589              	.LASF56:
 2590 054b 4F553132 		.string	"OU12"
 2590      00
 2591              	.LASF55:
 2592 0550 4F553133 		.string	"OU13"
 2592      00
 2593              	.LASF54:
 2594 0555 4F553134 		.string	"OU14"
 2594      00
 2595              	.LASF53:
 2596 055a 4F553135 		.string	"OU15"
 2596      00
 2597              	.LASF52:
 2598 055f 4F553136 		.string	"OU16"
 2598      00
 2599              	.LASF51:
 2600 0564 4F553137 		.string	"OU17"
 2600      00
 2601              	.LASF50:
 2602 0569 4F553138 		.string	"OU18"
 2602      00
 2603              	.LASF49:
 2604 056e 4F553139 		.string	"OU19"
 2604      00
 2605              		.ident	"GCC: (GNU) 4.9.4 20160726 (Sat May 27 11:09:55 CDT 2017         build.sh rev=gd8b6c20 s=F4
GAS LISTING C:\Users\marky\AppData\Local\Temp\ccEWhboZ.s 			page 50


DEFINED SYMBOLS
                            *ABS*:00000000 pwm_lld_cfg.c
C:\Users\marky\AppData\Local\Temp\ccEWhboZ.s:10     .rodata.pwm_config_emios0:00000000 pwm_config_emios0

NO UNDEFINED SYMBOLS
