GAS LISTING C:\Users\marky\AppData\Local\Temp\cc6mzIzK.s 			page 1


   1              		.file	"serial_lld_cfg.c"
   2              		.section	".text","axv"
   3              	.Ltext0:
   4              		.cfi_sections	.debug_frame
   5              	.Letext0:
   6              		.section	.debug_info,"",@progbits
   7              	.Ldebug_info0:
   8 0000 0000006E 		.4byte	0x6e
   9 0004 0002     		.2byte	0x2
  10 0006 00000000 		.4byte	.Ldebug_abbrev0
  11 000a 04       		.byte	0x4
  12 000b 01       		.uleb128 0x1
  13 000c 00000000 		.4byte	.LASF11
  14 0010 01       		.byte	0x1
  15 0011 00000000 		.4byte	.LASF12
  16 0015 00000000 		.4byte	.LASF13
  17 0019 00000000 		.4byte	.Ldebug_line0
  18 001d 02       		.uleb128 0x2
  19 001e 01       		.byte	0x1
  20 001f 06       		.byte	0x6
  21 0020 00000000 		.4byte	.LASF0
  22 0024 02       		.uleb128 0x2
  23 0025 01       		.byte	0x1
  24 0026 08       		.byte	0x8
  25 0027 00000000 		.4byte	.LASF1
  26 002b 02       		.uleb128 0x2
  27 002c 02       		.byte	0x2
  28 002d 05       		.byte	0x5
  29 002e 00000000 		.4byte	.LASF2
  30 0032 02       		.uleb128 0x2
  31 0033 02       		.byte	0x2
  32 0034 07       		.byte	0x7
  33 0035 00000000 		.4byte	.LASF3
  34 0039 02       		.uleb128 0x2
  35 003a 04       		.byte	0x4
  36 003b 05       		.byte	0x5
  37 003c 00000000 		.4byte	.LASF4
  38 0040 02       		.uleb128 0x2
  39 0041 04       		.byte	0x4
  40 0042 07       		.byte	0x7
  41 0043 00000000 		.4byte	.LASF5
  42 0047 02       		.uleb128 0x2
  43 0048 08       		.byte	0x8
  44 0049 05       		.byte	0x5
  45 004a 00000000 		.4byte	.LASF6
  46 004e 02       		.uleb128 0x2
  47 004f 08       		.byte	0x8
  48 0050 07       		.byte	0x7
  49 0051 00000000 		.4byte	.LASF7
  50 0055 03       		.uleb128 0x3
  51 0056 04       		.byte	0x4
  52 0057 05       		.byte	0x5
  53 0058 696E7400 		.string	"int"
  54 005c 02       		.uleb128 0x2
  55 005d 04       		.byte	0x4
  56 005e 07       		.byte	0x7
  57 005f 00000000 		.4byte	.LASF8
GAS LISTING C:\Users\marky\AppData\Local\Temp\cc6mzIzK.s 			page 2


  58 0063 02       		.uleb128 0x2
  59 0064 04       		.byte	0x4
  60 0065 07       		.byte	0x7
  61 0066 00000000 		.4byte	.LASF9
  62 006a 02       		.uleb128 0x2
  63 006b 01       		.byte	0x1
  64 006c 08       		.byte	0x8
  65 006d 00000000 		.4byte	.LASF10
  66 0071 00       		.byte	0
  67              		.section	.debug_abbrev,"",@progbits
  68              	.Ldebug_abbrev0:
  69 0000 01       		.uleb128 0x1
  70 0001 11       		.uleb128 0x11
  71 0002 01       		.byte	0x1
  72 0003 25       		.uleb128 0x25
  73 0004 0E       		.uleb128 0xe
  74 0005 13       		.uleb128 0x13
  75 0006 0B       		.uleb128 0xb
  76 0007 03       		.uleb128 0x3
  77 0008 0E       		.uleb128 0xe
  78 0009 1B       		.uleb128 0x1b
  79 000a 0E       		.uleb128 0xe
  80 000b 10       		.uleb128 0x10
  81 000c 06       		.uleb128 0x6
  82 000d 00       		.byte	0
  83 000e 00       		.byte	0
  84 000f 02       		.uleb128 0x2
  85 0010 24       		.uleb128 0x24
  86 0011 00       		.byte	0
  87 0012 0B       		.uleb128 0xb
  88 0013 0B       		.uleb128 0xb
  89 0014 3E       		.uleb128 0x3e
  90 0015 0B       		.uleb128 0xb
  91 0016 03       		.uleb128 0x3
  92 0017 0E       		.uleb128 0xe
  93 0018 00       		.byte	0
  94 0019 00       		.byte	0
  95 001a 03       		.uleb128 0x3
  96 001b 24       		.uleb128 0x24
  97 001c 00       		.byte	0
  98 001d 0B       		.uleb128 0xb
  99 001e 0B       		.uleb128 0xb
 100 001f 3E       		.uleb128 0x3e
 101 0020 0B       		.uleb128 0xb
 102 0021 03       		.uleb128 0x3
 103 0022 08       		.uleb128 0x8
 104 0023 00       		.byte	0
 105 0024 00       		.byte	0
 106 0025 00       		.byte	0
 107              		.section	.debug_aranges,"",@progbits
 108 0000 00000014 		.4byte	0x14
 109 0004 0002     		.2byte	0x2
 110 0006 00000000 		.4byte	.Ldebug_info0
 111 000a 04       		.byte	0x4
 112 000b 00       		.byte	0
 113 000c 0000     		.2byte	0
 114 000e 0000     		.2byte	0
GAS LISTING C:\Users\marky\AppData\Local\Temp\cc6mzIzK.s 			page 3


 115 0010 00000000 		.4byte	0
 116 0014 00000000 		.4byte	0
 117              		.section	.debug_line,"",@progbits
 118              	.Ldebug_line0:
 119 0000 00000019 		.section	.debug_str,"MS",@progbits,1
 119      00020000 
 119      00130201 
 119      FB0E0D00 
 119      01010101 
 120              	.LASF8:
 121 0000 756E7369 		.string	"unsigned int"
 121      676E6564 
 121      20696E74 
 121      00
 122              	.LASF5:
 123 000d 6C6F6E67 		.string	"long unsigned int"
 123      20756E73 
 123      69676E65 
 123      6420696E 
 123      7400
 124              	.LASF0:
 125 001f 7369676E 		.string	"signed char"
 125      65642063 
 125      68617200 
 126              	.LASF3:
 127 002b 73686F72 		.string	"short unsigned int"
 127      7420756E 
 127      7369676E 
 127      65642069 
 127      6E7400
 128              	.LASF2:
 129 003e 73686F72 		.string	"short int"
 129      7420696E 
 129      7400
 130              	.LASF13:
 131 0048 433A5C53 		.string	"C:\\SPC5Studio\\workspace\\SPC560Bxx_RLA FreeRTOS SERIAL Test Application for Discovery"
 131      50433553 
 131      74756469 
 131      6F5C776F 
 131      726B7370 
 132              	.LASF7:
 133 009d 6C6F6E67 		.string	"long long unsigned int"
 133      206C6F6E 
 133      6720756E 
 133      7369676E 
 133      65642069 
 134              	.LASF1:
 135 00b4 756E7369 		.string	"unsigned char"
 135      676E6564 
 135      20636861 
 135      7200
 136              	.LASF4:
 137 00c2 6C6F6E67 		.string	"long int"
 137      20696E74 
 137      00
 138              	.LASF9:
 139 00cb 73697A65 		.string	"sizetype"
GAS LISTING C:\Users\marky\AppData\Local\Temp\cc6mzIzK.s 			page 4


 139      74797065 
 139      00
 140              	.LASF12:
 141 00d4 2E2F636F 		.string	"./components/spc560bxx_low_level_drivers_component_rla/cfg/serial_lld_cfg.c"
 141      6D706F6E 
 141      656E7473 
 141      2F737063 
 141      35363062 
 142              	.LASF11:
 143 0120 474E5520 		.ascii	"GNU C 4.9.4 20160726 (Sat May 27 11:09:55 CDT 2017         b"
 143      4320342E 
 143      392E3420 
 143      32303136 
 143      30373236 
 144 015c 75696C64 		.ascii	"uild.sh rev=gd8b6c"
 144      2E736820 
 144      7265763D 
 144      67643862 
 144      3663
 145 016e 32302073 		.string	"20 s=F494 ELe200 -V release_gd8b6c20_build_Fed_ELe200_ML0) -mcall-sysv -mcpu=e200z0 -mvle
 145      3D463439 
 145      3420454C 
 145      65323030 
 145      202D5620 
 146              	.LASF10:
 147 026f 63686172 		.string	"char"
 147      00
 148              	.LASF6:
 149 0274 6C6F6E67 		.string	"long long int"
 149      206C6F6E 
 149      6720696E 
 149      7400
 150              		.ident	"GCC: (GNU) 4.9.4 20160726 (Sat May 27 11:09:55 CDT 2017         build.sh rev=gd8b6c20 s=F4
GAS LISTING C:\Users\marky\AppData\Local\Temp\cc6mzIzK.s 			page 5


DEFINED SYMBOLS
                            *ABS*:00000000 serial_lld_cfg.c

NO UNDEFINED SYMBOLS
