GAS LISTING C:\Users\marky\AppData\Local\Temp\ccgS849w.s 			page 1


   1              		.file	"spc5_linflex.c"
   2              		.section	".text","axv"
   3              	.Ltext0:
   4              		.cfi_sections	.debug_frame
   5              		.section	.text.vector79,"axv",@progbits
   6              		.align 1
   7              		.p2align 4,,15
   8              		.globl vector79
   9              		.type	vector79, @function
  10              	vector79:
  11              	.LFB4:
  12              		.file 1 "./components/spc560bxx_low_level_drivers_component_rla/lib/src/spc5_linflex.c"
  13              		.loc 1 233 0
  14              		.cfi_startproc
  15              		.loc 1 236 0
  16 0000 70E0E000 		e_lis %r7,.LANCHOR0@ha
  17 0004 1CC70000 		e_la %r6,.LANCHOR0@l(%r7)
  18 0008 50670000 		e_lwz %r3,.LANCHOR0@l(%r7)
  19 000c C176     		se_lwz %r7,4(%r6)
  20              		.loc 1 239 0
  21              		.loc 1 236 0
  22 000e 00B7     		se_mtctr %r7
  23 0010 0006     		se_bctr
  24              	.LVL0:
  25              		.cfi_endproc
  26              	.LFE4:
  27              		.size	vector79, .-vector79
  28              		.section	.text.vector80,"axv",@progbits
  29              		.align 1
  30              		.p2align 4,,15
  31              		.globl vector80
  32              		.type	vector80, @function
  33              	vector80:
  34              	.LFB5:
  35              		.loc 1 249 0
  36              		.cfi_startproc
  37              		.loc 1 253 0
  38 0000 70E0E000 		e_lis %r7,.LANCHOR0@ha
  39 0004 1CC70000 		e_la %r6,.LANCHOR0@l(%r7)
  40 0008 50670000 		e_lwz %r3,.LANCHOR0@l(%r7)
  41 000c C276     		se_lwz %r7,8(%r6)
  42              		.loc 1 256 0
  43              		.loc 1 253 0
  44 000e 00B7     		se_mtctr %r7
  45 0010 0006     		se_bctr
  46              	.LVL1:
  47              		.cfi_endproc
  48              	.LFE5:
  49              		.size	vector80, .-vector80
  50              		.section	.text.vector81,"axv",@progbits
  51              		.align 1
  52              		.p2align 4,,15
  53              		.globl vector81
  54              		.type	vector81, @function
  55              	vector81:
  56              	.LFB6:
  57              		.loc 1 266 0
GAS LISTING C:\Users\marky\AppData\Local\Temp\ccgS849w.s 			page 2


  58              		.cfi_startproc
  59              		.loc 1 270 0
  60 0000 70E0E000 		e_lis %r7,.LANCHOR0@ha
  61 0004 1CC70000 		e_la %r6,.LANCHOR0@l(%r7)
  62 0008 50670000 		e_lwz %r3,.LANCHOR0@l(%r7)
  63 000c C376     		se_lwz %r7,12(%r6)
  64              		.loc 1 273 0
  65              		.loc 1 270 0
  66 000e 00B7     		se_mtctr %r7
  67 0010 0006     		se_bctr
  68              	.LVL2:
  69              		.cfi_endproc
  70              	.LFE6:
  71              		.size	vector81, .-vector81
  72              		.section	.text.linflex_lld_init,"axv",@progbits
  73              		.align 1
  74              		.p2align 4,,15
  75              		.globl linflex_lld_init
  76              		.type	linflex_lld_init, @function
  77              	linflex_lld_init:
  78              	.LFB7:
  79              		.loc 1 1504 0
  80              		.cfi_startproc
  81              		.loc 1 1508 0
  82 0000 70C0E000 		e_lis %r6,.LANCHOR1@ha
  83 0004 30E60000 		e_lbz %r7,.LANCHOR1@l(%r6)
  84 0008 2A07     		se_cmpi %r7,0
  85 000a 7A02001A 		e_bne %cr0,.L4
  86              		.loc 1 1512 0
  87 000e 4887     		se_li %r7,8
  88              		.loc 1 1509 0
  89 0010 4815     		se_li %r5,1
  90 0012 34A60000 		e_stb %r5,.LANCHOR1@l(%r6)
  91              		.loc 1 1512 0
  92 0016 70DFE7F4 		e_lis %r6,0xfff4
  93 001a 70D0C08F 		e_or2i %r6,32911
  94 001e 9076     		se_stb %r7,0(%r6)
  95              		.loc 1 1513 0
  96 0020 9176     		se_stb %r7,1(%r6)
  97              		.loc 1 1514 0
  98 0022 9276     		se_stb %r7,2(%r6)
  99              	.L4:
 100 0024 0004     		se_blr
 101              		.cfi_endproc
 102              	.LFE7:
 103              		.size	linflex_lld_init, .-linflex_lld_init
 104              		.globl LinflexD1
 105              		.section	.bss.LinflexD1,"aw",@nobits
 106              		.align 2
 107              		.set	.LANCHOR0,. + 0
 108              		.type	LinflexD1, @object
 109              		.size	LinflexD1, 16
 110              	LinflexD1:
 111 0000 00000000 		.zero	16
 111      00000000 
 111      00000000 
 111      00000000 
GAS LISTING C:\Users\marky\AppData\Local\Temp\ccgS849w.s 			page 3


 112              		.section	.bss.linflex_initialization,"aw",@nobits
 113              		.set	.LANCHOR1,. + 0
 114              		.type	linflex_initialization, @object
 115              		.size	linflex_initialization, 1
 116              	linflex_initialization:
 117 0000 00       		.zero	1
 118              		.section	".text","axv"
 119              	.Letext0:
 120              		.file 2 "c:\\spc5studio\\eclipse\\plugins\\com.st.tools.spc5.tools.gnu.gcc.ppcvle.win32_4.9.4.2018
 121              		.file 3 "c:\\spc5studio\\eclipse\\plugins\\com.st.tools.spc5.tools.gnu.gcc.ppcvle.win32_4.9.4.2018
 122              		.file 4 "./components/spc560bxx_low_level_drivers_component_rla/lib/include/spc5_linflex.h"
 123              		.section	.debug_info,"",@progbits
 124              	.Ldebug_info0:
 125 0000 000001A6 		.4byte	0x1a6
 126 0004 0002     		.2byte	0x2
 127 0006 00000000 		.4byte	.Ldebug_abbrev0
 128 000a 04       		.byte	0x4
 129 000b 01       		.uleb128 0x1
 130 000c 00000000 		.4byte	.LASF26
 131 0010 01       		.byte	0x1
 132 0011 00000000 		.4byte	.LASF27
 133 0015 00000000 		.4byte	.LASF28
 134 0019 00000000 		.4byte	.Ldebug_ranges0+0
 135 001d 00000000 		.4byte	0
 136 0021 00000000 		.4byte	0
 137 0025 00000000 		.4byte	.Ldebug_line0
 138 0029 02       		.uleb128 0x2
 139 002a 01       		.byte	0x1
 140 002b 06       		.byte	0x6
 141 002c 00000000 		.4byte	.LASF0
 142 0030 03       		.uleb128 0x3
 143 0031 00000000 		.4byte	.LASF3
 144 0035 02       		.byte	0x2
 145 0036 1D       		.byte	0x1d
 146 0037 0000003B 		.4byte	0x3b
 147 003b 02       		.uleb128 0x2
 148 003c 01       		.byte	0x1
 149 003d 08       		.byte	0x8
 150 003e 00000000 		.4byte	.LASF1
 151 0042 02       		.uleb128 0x2
 152 0043 02       		.byte	0x2
 153 0044 05       		.byte	0x5
 154 0045 00000000 		.4byte	.LASF2
 155 0049 03       		.uleb128 0x3
 156 004a 00000000 		.4byte	.LASF4
 157 004e 02       		.byte	0x2
 158 004f 2B       		.byte	0x2b
 159 0050 00000054 		.4byte	0x54
 160 0054 02       		.uleb128 0x2
 161 0055 02       		.byte	0x2
 162 0056 07       		.byte	0x7
 163 0057 00000000 		.4byte	.LASF5
 164 005b 02       		.uleb128 0x2
 165 005c 04       		.byte	0x4
 166 005d 05       		.byte	0x5
 167 005e 00000000 		.4byte	.LASF6
 168 0062 03       		.uleb128 0x3
GAS LISTING C:\Users\marky\AppData\Local\Temp\ccgS849w.s 			page 4


 169 0063 00000000 		.4byte	.LASF7
 170 0067 02       		.byte	0x2
 171 0068 41       		.byte	0x41
 172 0069 0000006D 		.4byte	0x6d
 173 006d 02       		.uleb128 0x2
 174 006e 04       		.byte	0x4
 175 006f 07       		.byte	0x7
 176 0070 00000000 		.4byte	.LASF8
 177 0074 02       		.uleb128 0x2
 178 0075 08       		.byte	0x8
 179 0076 05       		.byte	0x5
 180 0077 00000000 		.4byte	.LASF9
 181 007b 02       		.uleb128 0x2
 182 007c 08       		.byte	0x8
 183 007d 07       		.byte	0x7
 184 007e 00000000 		.4byte	.LASF10
 185 0082 04       		.uleb128 0x4
 186 0083 04       		.byte	0x4
 187 0084 05       		.byte	0x5
 188 0085 696E7400 		.string	"int"
 189 0089 02       		.uleb128 0x2
 190 008a 04       		.byte	0x4
 191 008b 07       		.byte	0x7
 192 008c 00000000 		.4byte	.LASF11
 193 0090 03       		.uleb128 0x3
 194 0091 00000000 		.4byte	.LASF12
 195 0095 03       		.byte	0x3
 196 0096 15       		.byte	0x15
 197 0097 00000030 		.4byte	0x30
 198 009b 03       		.uleb128 0x3
 199 009c 00000000 		.4byte	.LASF13
 200 00a0 03       		.byte	0x3
 201 00a1 21       		.byte	0x21
 202 00a2 00000049 		.4byte	0x49
 203 00a6 03       		.uleb128 0x3
 204 00a7 00000000 		.4byte	.LASF14
 205 00ab 03       		.byte	0x3
 206 00ac 2D       		.byte	0x2d
 207 00ad 00000062 		.4byte	0x62
 208 00b1 02       		.uleb128 0x2
 209 00b2 04       		.byte	0x4
 210 00b3 07       		.byte	0x7
 211 00b4 00000000 		.4byte	.LASF15
 212 00b8 02       		.uleb128 0x2
 213 00b9 01       		.byte	0x1
 214 00ba 08       		.byte	0x8
 215 00bb 00000000 		.4byte	.LASF16
 216 00bf 05       		.uleb128 0x5
 217 00c0 00000000 		.4byte	.LASF17
 218 00c4 04       		.byte	0x4
 219 00c5 059A     		.2byte	0x59a
 220 00c7 000000CB 		.4byte	0xcb
 221 00cb 06       		.uleb128 0x6
 222 00cc 04       		.byte	0x4
 223 00cd 000000D1 		.4byte	0xd1
 224 00d1 07       		.uleb128 0x7
 225 00d2 01       		.byte	0x1
GAS LISTING C:\Users\marky\AppData\Local\Temp\ccgS849w.s 			page 5


 226 00d3 000000DD 		.4byte	0xdd
 227 00d7 08       		.uleb128 0x8
 228 00d8 000000A6 		.4byte	0xa6
 229 00dc 00       		.byte	0
 230 00dd 05       		.uleb128 0x5
 231 00de 00000000 		.4byte	.LASF18
 232 00e2 04       		.byte	0x4
 233 00e3 059F     		.2byte	0x59f
 234 00e5 000000E9 		.4byte	0xe9
 235 00e9 09       		.uleb128 0x9
 236 00ea 00000000 		.4byte	.LASF18
 237 00ee 10       		.byte	0x10
 238 00ef 04       		.byte	0x4
 239 00f0 05A4     		.2byte	0x5a4
 240 00f2 00000133 		.4byte	0x133
 241 00f6 0A       		.uleb128 0xa
 242 00f7 00000000 		.4byte	.LASF19
 243 00fb 04       		.byte	0x4
 244 00fc 05A5     		.2byte	0x5a5
 245 00fe 000000A6 		.4byte	0xa6
 246 0102 02       		.byte	0x2
 247 0103 23       		.byte	0x23
 248 0104 00       		.uleb128 0
 249 0105 0A       		.uleb128 0xa
 250 0106 00000000 		.4byte	.LASF20
 251 010a 04       		.byte	0x4
 252 010b 05A7     		.2byte	0x5a7
 253 010d 000000BF 		.4byte	0xbf
 254 0111 02       		.byte	0x2
 255 0112 23       		.byte	0x23
 256 0113 04       		.uleb128 0x4
 257 0114 0A       		.uleb128 0xa
 258 0115 00000000 		.4byte	.LASF21
 259 0119 04       		.byte	0x4
 260 011a 05A9     		.2byte	0x5a9
 261 011c 000000BF 		.4byte	0xbf
 262 0120 02       		.byte	0x2
 263 0121 23       		.byte	0x23
 264 0122 08       		.uleb128 0x8
 265 0123 0A       		.uleb128 0xa
 266 0124 00000000 		.4byte	.LASF22
 267 0128 04       		.byte	0x4
 268 0129 05AB     		.2byte	0x5ab
 269 012b 000000BF 		.4byte	0xbf
 270 012f 02       		.byte	0x2
 271 0130 23       		.byte	0x23
 272 0131 0C       		.uleb128 0xc
 273 0132 00       		.byte	0
 274 0133 0B       		.uleb128 0xb
 275 0134 01       		.byte	0x1
 276 0135 00000000 		.4byte	.LASF23
 277 0139 01       		.byte	0x1
 278 013a E9       		.byte	0xe9
 279 013b 01       		.byte	0x1
 280 013c 00000000 		.4byte	.LFB4
 281 0140 00000000 		.4byte	.LFE4
 282 0144 02       		.byte	0x2
GAS LISTING C:\Users\marky\AppData\Local\Temp\ccgS849w.s 			page 6


 283 0145 71       		.byte	0x71
 284 0146 00       		.sleb128 0
 285 0147 0B       		.uleb128 0xb
 286 0148 01       		.byte	0x1
 287 0149 00000000 		.4byte	.LASF24
 288 014d 01       		.byte	0x1
 289 014e F9       		.byte	0xf9
 290 014f 01       		.byte	0x1
 291 0150 00000000 		.4byte	.LFB5
 292 0154 00000000 		.4byte	.LFE5
 293 0158 02       		.byte	0x2
 294 0159 71       		.byte	0x71
 295 015a 00       		.sleb128 0
 296 015b 0C       		.uleb128 0xc
 297 015c 01       		.byte	0x1
 298 015d 00000000 		.4byte	.LASF25
 299 0161 01       		.byte	0x1
 300 0162 010A     		.2byte	0x10a
 301 0164 01       		.byte	0x1
 302 0165 00000000 		.4byte	.LFB6
 303 0169 00000000 		.4byte	.LFE6
 304 016d 02       		.byte	0x2
 305 016e 71       		.byte	0x71
 306 016f 00       		.sleb128 0
 307 0170 0D       		.uleb128 0xd
 308 0171 01       		.byte	0x1
 309 0172 00000000 		.4byte	.LASF29
 310 0176 01       		.byte	0x1
 311 0177 05E0     		.2byte	0x5e0
 312 0179 01       		.byte	0x1
 313 017a 00000000 		.4byte	.LFB7
 314 017e 00000000 		.4byte	.LFE7
 315 0182 02       		.byte	0x2
 316 0183 71       		.byte	0x71
 317 0184 00       		.sleb128 0
 318 0185 01       		.byte	0x1
 319 0186 0E       		.uleb128 0xe
 320 0187 00000000 		.4byte	.LASF30
 321 018b 01       		.byte	0x1
 322 018c 26       		.byte	0x26
 323 018d 00000090 		.4byte	0x90
 324 0191 05       		.byte	0x5
 325 0192 03       		.byte	0x3
 326 0193 00000000 		.4byte	linflex_initialization
 327 0197 0F       		.uleb128 0xf
 328 0198 00000000 		.4byte	.LASF31
 329 019c 01       		.byte	0x1
 330 019d 30       		.byte	0x30
 331 019e 000000DD 		.4byte	0xdd
 332 01a2 01       		.byte	0x1
 333 01a3 05       		.byte	0x5
 334 01a4 03       		.byte	0x3
 335 01a5 00000000 		.4byte	LinflexD1
 336 01a9 00       		.byte	0
 337              		.section	.debug_abbrev,"",@progbits
 338              	.Ldebug_abbrev0:
 339 0000 01       		.uleb128 0x1
GAS LISTING C:\Users\marky\AppData\Local\Temp\ccgS849w.s 			page 7


 340 0001 11       		.uleb128 0x11
 341 0002 01       		.byte	0x1
 342 0003 25       		.uleb128 0x25
 343 0004 0E       		.uleb128 0xe
 344 0005 13       		.uleb128 0x13
 345 0006 0B       		.uleb128 0xb
 346 0007 03       		.uleb128 0x3
 347 0008 0E       		.uleb128 0xe
 348 0009 1B       		.uleb128 0x1b
 349 000a 0E       		.uleb128 0xe
 350 000b 55       		.uleb128 0x55
 351 000c 06       		.uleb128 0x6
 352 000d 11       		.uleb128 0x11
 353 000e 01       		.uleb128 0x1
 354 000f 52       		.uleb128 0x52
 355 0010 01       		.uleb128 0x1
 356 0011 10       		.uleb128 0x10
 357 0012 06       		.uleb128 0x6
 358 0013 00       		.byte	0
 359 0014 00       		.byte	0
 360 0015 02       		.uleb128 0x2
 361 0016 24       		.uleb128 0x24
 362 0017 00       		.byte	0
 363 0018 0B       		.uleb128 0xb
 364 0019 0B       		.uleb128 0xb
 365 001a 3E       		.uleb128 0x3e
 366 001b 0B       		.uleb128 0xb
 367 001c 03       		.uleb128 0x3
 368 001d 0E       		.uleb128 0xe
 369 001e 00       		.byte	0
 370 001f 00       		.byte	0
 371 0020 03       		.uleb128 0x3
 372 0021 16       		.uleb128 0x16
 373 0022 00       		.byte	0
 374 0023 03       		.uleb128 0x3
 375 0024 0E       		.uleb128 0xe
 376 0025 3A       		.uleb128 0x3a
 377 0026 0B       		.uleb128 0xb
 378 0027 3B       		.uleb128 0x3b
 379 0028 0B       		.uleb128 0xb
 380 0029 49       		.uleb128 0x49
 381 002a 13       		.uleb128 0x13
 382 002b 00       		.byte	0
 383 002c 00       		.byte	0
 384 002d 04       		.uleb128 0x4
 385 002e 24       		.uleb128 0x24
 386 002f 00       		.byte	0
 387 0030 0B       		.uleb128 0xb
 388 0031 0B       		.uleb128 0xb
 389 0032 3E       		.uleb128 0x3e
 390 0033 0B       		.uleb128 0xb
 391 0034 03       		.uleb128 0x3
 392 0035 08       		.uleb128 0x8
 393 0036 00       		.byte	0
 394 0037 00       		.byte	0
 395 0038 05       		.uleb128 0x5
 396 0039 16       		.uleb128 0x16
GAS LISTING C:\Users\marky\AppData\Local\Temp\ccgS849w.s 			page 8


 397 003a 00       		.byte	0
 398 003b 03       		.uleb128 0x3
 399 003c 0E       		.uleb128 0xe
 400 003d 3A       		.uleb128 0x3a
 401 003e 0B       		.uleb128 0xb
 402 003f 3B       		.uleb128 0x3b
 403 0040 05       		.uleb128 0x5
 404 0041 49       		.uleb128 0x49
 405 0042 13       		.uleb128 0x13
 406 0043 00       		.byte	0
 407 0044 00       		.byte	0
 408 0045 06       		.uleb128 0x6
 409 0046 0F       		.uleb128 0xf
 410 0047 00       		.byte	0
 411 0048 0B       		.uleb128 0xb
 412 0049 0B       		.uleb128 0xb
 413 004a 49       		.uleb128 0x49
 414 004b 13       		.uleb128 0x13
 415 004c 00       		.byte	0
 416 004d 00       		.byte	0
 417 004e 07       		.uleb128 0x7
 418 004f 15       		.uleb128 0x15
 419 0050 01       		.byte	0x1
 420 0051 27       		.uleb128 0x27
 421 0052 0C       		.uleb128 0xc
 422 0053 01       		.uleb128 0x1
 423 0054 13       		.uleb128 0x13
 424 0055 00       		.byte	0
 425 0056 00       		.byte	0
 426 0057 08       		.uleb128 0x8
 427 0058 05       		.uleb128 0x5
 428 0059 00       		.byte	0
 429 005a 49       		.uleb128 0x49
 430 005b 13       		.uleb128 0x13
 431 005c 00       		.byte	0
 432 005d 00       		.byte	0
 433 005e 09       		.uleb128 0x9
 434 005f 13       		.uleb128 0x13
 435 0060 01       		.byte	0x1
 436 0061 03       		.uleb128 0x3
 437 0062 0E       		.uleb128 0xe
 438 0063 0B       		.uleb128 0xb
 439 0064 0B       		.uleb128 0xb
 440 0065 3A       		.uleb128 0x3a
 441 0066 0B       		.uleb128 0xb
 442 0067 3B       		.uleb128 0x3b
 443 0068 05       		.uleb128 0x5
 444 0069 01       		.uleb128 0x1
 445 006a 13       		.uleb128 0x13
 446 006b 00       		.byte	0
 447 006c 00       		.byte	0
 448 006d 0A       		.uleb128 0xa
 449 006e 0D       		.uleb128 0xd
 450 006f 00       		.byte	0
 451 0070 03       		.uleb128 0x3
 452 0071 0E       		.uleb128 0xe
 453 0072 3A       		.uleb128 0x3a
GAS LISTING C:\Users\marky\AppData\Local\Temp\ccgS849w.s 			page 9


 454 0073 0B       		.uleb128 0xb
 455 0074 3B       		.uleb128 0x3b
 456 0075 05       		.uleb128 0x5
 457 0076 49       		.uleb128 0x49
 458 0077 13       		.uleb128 0x13
 459 0078 38       		.uleb128 0x38
 460 0079 0A       		.uleb128 0xa
 461 007a 00       		.byte	0
 462 007b 00       		.byte	0
 463 007c 0B       		.uleb128 0xb
 464 007d 2E       		.uleb128 0x2e
 465 007e 00       		.byte	0
 466 007f 3F       		.uleb128 0x3f
 467 0080 0C       		.uleb128 0xc
 468 0081 03       		.uleb128 0x3
 469 0082 0E       		.uleb128 0xe
 470 0083 3A       		.uleb128 0x3a
 471 0084 0B       		.uleb128 0xb
 472 0085 3B       		.uleb128 0x3b
 473 0086 0B       		.uleb128 0xb
 474 0087 27       		.uleb128 0x27
 475 0088 0C       		.uleb128 0xc
 476 0089 11       		.uleb128 0x11
 477 008a 01       		.uleb128 0x1
 478 008b 12       		.uleb128 0x12
 479 008c 01       		.uleb128 0x1
 480 008d 40       		.uleb128 0x40
 481 008e 0A       		.uleb128 0xa
 482 008f 00       		.byte	0
 483 0090 00       		.byte	0
 484 0091 0C       		.uleb128 0xc
 485 0092 2E       		.uleb128 0x2e
 486 0093 00       		.byte	0
 487 0094 3F       		.uleb128 0x3f
 488 0095 0C       		.uleb128 0xc
 489 0096 03       		.uleb128 0x3
 490 0097 0E       		.uleb128 0xe
 491 0098 3A       		.uleb128 0x3a
 492 0099 0B       		.uleb128 0xb
 493 009a 3B       		.uleb128 0x3b
 494 009b 05       		.uleb128 0x5
 495 009c 27       		.uleb128 0x27
 496 009d 0C       		.uleb128 0xc
 497 009e 11       		.uleb128 0x11
 498 009f 01       		.uleb128 0x1
 499 00a0 12       		.uleb128 0x12
 500 00a1 01       		.uleb128 0x1
 501 00a2 40       		.uleb128 0x40
 502 00a3 0A       		.uleb128 0xa
 503 00a4 00       		.byte	0
 504 00a5 00       		.byte	0
 505 00a6 0D       		.uleb128 0xd
 506 00a7 2E       		.uleb128 0x2e
 507 00a8 00       		.byte	0
 508 00a9 3F       		.uleb128 0x3f
 509 00aa 0C       		.uleb128 0xc
 510 00ab 03       		.uleb128 0x3
GAS LISTING C:\Users\marky\AppData\Local\Temp\ccgS849w.s 			page 10


 511 00ac 0E       		.uleb128 0xe
 512 00ad 3A       		.uleb128 0x3a
 513 00ae 0B       		.uleb128 0xb
 514 00af 3B       		.uleb128 0x3b
 515 00b0 05       		.uleb128 0x5
 516 00b1 27       		.uleb128 0x27
 517 00b2 0C       		.uleb128 0xc
 518 00b3 11       		.uleb128 0x11
 519 00b4 01       		.uleb128 0x1
 520 00b5 12       		.uleb128 0x12
 521 00b6 01       		.uleb128 0x1
 522 00b7 40       		.uleb128 0x40
 523 00b8 0A       		.uleb128 0xa
 524 00b9 9742     		.uleb128 0x2117
 525 00bb 0C       		.uleb128 0xc
 526 00bc 00       		.byte	0
 527 00bd 00       		.byte	0
 528 00be 0E       		.uleb128 0xe
 529 00bf 34       		.uleb128 0x34
 530 00c0 00       		.byte	0
 531 00c1 03       		.uleb128 0x3
 532 00c2 0E       		.uleb128 0xe
 533 00c3 3A       		.uleb128 0x3a
 534 00c4 0B       		.uleb128 0xb
 535 00c5 3B       		.uleb128 0x3b
 536 00c6 0B       		.uleb128 0xb
 537 00c7 49       		.uleb128 0x49
 538 00c8 13       		.uleb128 0x13
 539 00c9 02       		.uleb128 0x2
 540 00ca 0A       		.uleb128 0xa
 541 00cb 00       		.byte	0
 542 00cc 00       		.byte	0
 543 00cd 0F       		.uleb128 0xf
 544 00ce 34       		.uleb128 0x34
 545 00cf 00       		.byte	0
 546 00d0 03       		.uleb128 0x3
 547 00d1 0E       		.uleb128 0xe
 548 00d2 3A       		.uleb128 0x3a
 549 00d3 0B       		.uleb128 0xb
 550 00d4 3B       		.uleb128 0x3b
 551 00d5 0B       		.uleb128 0xb
 552 00d6 49       		.uleb128 0x49
 553 00d7 13       		.uleb128 0x13
 554 00d8 3F       		.uleb128 0x3f
 555 00d9 0C       		.uleb128 0xc
 556 00da 02       		.uleb128 0x2
 557 00db 0A       		.uleb128 0xa
 558 00dc 00       		.byte	0
 559 00dd 00       		.byte	0
 560 00de 00       		.byte	0
 561              		.section	.debug_aranges,"",@progbits
 562 0000 00000034 		.4byte	0x34
 563 0004 0002     		.2byte	0x2
 564 0006 00000000 		.4byte	.Ldebug_info0
 565 000a 04       		.byte	0x4
 566 000b 00       		.byte	0
 567 000c 0000     		.2byte	0
GAS LISTING C:\Users\marky\AppData\Local\Temp\ccgS849w.s 			page 11


 568 000e 0000     		.2byte	0
 569 0010 00000000 		.4byte	.LFB4
 570 0014 00000012 		.4byte	.LFE4-.LFB4
 571 0018 00000000 		.4byte	.LFB5
 572 001c 00000012 		.4byte	.LFE5-.LFB5
 573 0020 00000000 		.4byte	.LFB6
 574 0024 00000012 		.4byte	.LFE6-.LFB6
 575 0028 00000000 		.4byte	.LFB7
 576 002c 00000026 		.4byte	.LFE7-.LFB7
 577 0030 00000000 		.4byte	0
 578 0034 00000000 		.4byte	0
 579              		.section	.debug_ranges,"",@progbits
 580              	.Ldebug_ranges0:
 581 0000 00000000 		.4byte	.LFB4
 582 0004 00000000 		.4byte	.LFE4
 583 0008 00000000 		.4byte	.LFB5
 584 000c 00000000 		.4byte	.LFE5
 585 0010 00000000 		.4byte	.LFB6
 586 0014 00000000 		.4byte	.LFE6
 587 0018 00000000 		.4byte	.LFB7
 588 001c 00000000 		.4byte	.LFE7
 589 0020 00000000 		.4byte	0
 590 0024 00000000 		.4byte	0
 591              		.section	.debug_line,"",@progbits
 592              	.Ldebug_line0:
 593 0000 00000236 		.section	.debug_str,"MS",@progbits,1
 593      00020000 
 593      01E10201 
 593      FB0E0D00 
 593      01010101 
 594              	.LASF3:
 595 0000 5F5F7569 		.string	"__uint8_t"
 595      6E74385F 
 595      7400
 596              	.LASF22:
 597 000a 6572725F 		.string	"err_lincallback"
 597      6C696E63 
 597      616C6C62 
 597      61636B00 
 598              	.LASF17:
 599 001a 6C696E63 		.string	"lincallback_t"
 599      616C6C62 
 599      61636B5F 
 599      7400
 600              	.LASF21:
 601 0028 7478695F 		.string	"txi_lincallback"
 601      6C696E63 
 601      616C6C62 
 601      61636B00 
 602              	.LASF20:
 603 0038 7278695F 		.string	"rxi_lincallback"
 603      6C696E63 
 603      616C6C62 
 603      61636B00 
 604              	.LASF23:
 605 0048 76656374 		.string	"vector79"
 605      6F723739 
GAS LISTING C:\Users\marky\AppData\Local\Temp\ccgS849w.s 			page 12


 605      00
 606              	.LASF1:
 607 0051 756E7369 		.string	"unsigned char"
 607      676E6564 
 607      20636861 
 607      7200
 608              	.LASF27:
 609 005f 2E2F636F 		.string	"./components/spc560bxx_low_level_drivers_component_rla/lib/src/spc5_linflex.c"
 609      6D706F6E 
 609      656E7473 
 609      2F737063 
 609      35363062 
 610              	.LASF8:
 611 00ad 6C6F6E67 		.string	"long unsigned int"
 611      20756E73 
 611      69676E65 
 611      6420696E 
 611      7400
 612              	.LASF5:
 613 00bf 73686F72 		.string	"short unsigned int"
 613      7420756E 
 613      7369676E 
 613      65642069 
 613      6E7400
 614              	.LASF4:
 615 00d2 5F5F7569 		.string	"__uint16_t"
 615      6E743136 
 615      5F7400
 616              	.LASF29:
 617 00dd 6C696E66 		.string	"linflex_lld_init"
 617      6C65785F 
 617      6C6C645F 
 617      696E6974 
 617      00
 618              	.LASF26:
 619 00ee 474E5520 		.ascii	"GNU C 4.9.4 20160726 (Sat May 27 11:09:55 CDT 2017         b"
 619      4320342E 
 619      392E3420 
 619      32303136 
 619      30373236 
 620 012a 75696C64 		.ascii	"uild.sh rev=gd8b6c"
 620      2E736820 
 620      7265763D 
 620      67643862 
 620      3663
 621 013c 32302073 		.string	"20 s=F494 ELe200 -V release_gd8b6c20_build_Fed_ELe200_ML0) -mcall-sysv -mcpu=e200z0 -mvle
 621      3D463439 
 621      3420454C 
 621      65323030 
 621      202D5620 
 622              	.LASF7:
 623 023d 5F5F7569 		.string	"__uint32_t"
 623      6E743332 
 623      5F7400
 624              	.LASF18:
 625 0248 4C696E66 		.string	"LinflexDriver"
 625      6C657844 
GAS LISTING C:\Users\marky\AppData\Local\Temp\ccgS849w.s 			page 13


 625      72697665 
 625      7200
 626              	.LASF30:
 627 0256 6C696E66 		.string	"linflex_initialization"
 627      6C65785F 
 627      696E6974 
 627      69616C69 
 627      7A617469 
 628              	.LASF11:
 629 026d 756E7369 		.string	"unsigned int"
 629      676E6564 
 629      20696E74 
 629      00
 630              	.LASF16:
 631 027a 63686172 		.string	"char"
 631      00
 632              	.LASF12:
 633 027f 75696E74 		.string	"uint8_t"
 633      385F7400 
 634              	.LASF10:
 635 0287 6C6F6E67 		.string	"long long unsigned int"
 635      206C6F6E 
 635      6720756E 
 635      7369676E 
 635      65642069 
 636              	.LASF15:
 637 029e 73697A65 		.string	"sizetype"
 637      74797065 
 637      00
 638              	.LASF9:
 639 02a7 6C6F6E67 		.string	"long long int"
 639      206C6F6E 
 639      6720696E 
 639      7400
 640              	.LASF24:
 641 02b5 76656374 		.string	"vector80"
 641      6F723830 
 641      00
 642              	.LASF25:
 643 02be 76656374 		.string	"vector81"
 643      6F723831 
 643      00
 644              	.LASF28:
 645 02c7 433A5C53 		.string	"C:\\SPC5Studio\\workspace\\SPC560Bxx_RLA FreeRTOS SERIAL Test Application for Discovery"
 645      50433553 
 645      74756469 
 645      6F5C776F 
 645      726B7370 
 646              	.LASF2:
 647 031c 73686F72 		.string	"short int"
 647      7420696E 
 647      7400
 648              	.LASF13:
 649 0326 75696E74 		.string	"uint16_t"
 649      31365F74 
 649      00
 650              	.LASF14:
GAS LISTING C:\Users\marky\AppData\Local\Temp\ccgS849w.s 			page 14


 651 032f 75696E74 		.string	"uint32_t"
 651      33325F74 
 651      00
 652              	.LASF6:
 653 0338 6C6F6E67 		.string	"long int"
 653      20696E74 
 653      00
 654              	.LASF19:
 655 0341 64657669 		.string	"device"
 655      636500
 656              	.LASF0:
 657 0348 7369676E 		.string	"signed char"
 657      65642063 
 657      68617200 
 658              	.LASF31:
 659 0354 4C696E66 		.string	"LinflexD1"
 659      6C657844 
 659      3100
 660              		.ident	"GCC: (GNU) 4.9.4 20160726 (Sat May 27 11:09:55 CDT 2017         build.sh rev=gd8b6c20 s=F4
GAS LISTING C:\Users\marky\AppData\Local\Temp\ccgS849w.s 			page 15


DEFINED SYMBOLS
                            *ABS*:00000000 spc5_linflex.c
C:\Users\marky\AppData\Local\Temp\ccgS849w.s:10     .text.vector79:00000000 vector79
C:\Users\marky\AppData\Local\Temp\ccgS849w.s:33     .text.vector80:00000000 vector80
C:\Users\marky\AppData\Local\Temp\ccgS849w.s:55     .text.vector81:00000000 vector81
C:\Users\marky\AppData\Local\Temp\ccgS849w.s:77     .text.linflex_lld_init:00000000 linflex_lld_init
C:\Users\marky\AppData\Local\Temp\ccgS849w.s:110    .bss.LinflexD1:00000000 LinflexD1
C:\Users\marky\AppData\Local\Temp\ccgS849w.s:116    .bss.linflex_initialization:00000000 linflex_initialization

NO UNDEFINED SYMBOLS
