GAS LISTING C:\Users\marky\AppData\Local\Temp\ccUZFniT.s 			page 1


   1              		.file	"systimer.c"
   2              		.section	".text","axv"
   3              	.Ltext0:
   4              		.cfi_sections	.debug_frame
   5              		.section	.text.sysTimeSetup,"axv",@progbits
   6              		.align 1
   7              		.p2align 4,,15
   8              		.globl sysTimeSetup
   9              		.type	sysTimeSetup, @function
  10              	sysTimeSetup:
  11              	.LFB4:
  12              		.file 1 "./components/spc560bxx_osal_component_rla/lib/src/systimer.c"
  13              		.loc 1 56 0
  14              		.cfi_startproc
  15              	.LVL0:
  16 0000 182106F0 		e_stwu %r1,-16(%r1)
  17              	.LCFI0:
  18              		.cfi_def_cfa_offset 16
  19 0004 0080     		se_mflr %r0
  20 0006 D3F1     		se_stw %r31,12(%r1)
  21 0008 D501     		se_stw %r0,20(%r1)
  22              		.cfi_offset 65, 4
  23              		.cfi_offset 31, -4
  24              		.loc 1 62 0
  25 000a 4846     		se_li %r6,4
  26              		.loc 1 56 0
  27 000c 013F     		se_mr %r31,%r3
  28              		.loc 1 63 0
  29 000e 4924     		se_li %r4,18
  30 0010 4DC3     		se_li %r3,92
  31              	.LVL1:
  32              		.loc 1 62 0
  33 0012 70FFE7F4 		e_lis %r7,0xfff4
  34 0016 70F0C07B 		e_or2i %r7,32891
  35 001a 9067     		se_stb %r6,0(%r7)
  36              		.loc 1 63 0
  37 001c 78000001 		e_bl SPCSetPeripheralClockMode
  38              	.LVL2:
  39              		.loc 1 64 0
  40 0020 4803     		se_li %r3,0
  41 0022 78000001 		e_bl SPCGetPeripheralClock
  42              	.LVL3:
  43              		.loc 1 65 0
  44 0026 70F8E3FF 		e_lis %r7,0xc3ff
  45 002a 4816     		se_li %r6,1
  46              		.loc 1 64 0
  47 002c 7C63FB96 		divwu %r3,%r3,%r31
  48              		.loc 1 65 0
  49 0030 D067     		se_stw %r6,0(%r7)
  50              		.loc 1 64 0
  51 0032 186384FF 		e_addi %r3,%r3,-1
  52              	.LVL4:
  53              		.loc 1 66 0
  54 0036 54670100 		e_stw %r3,256(%r7)
  55              		.loc 1 67 0
  56 003a 54670104 		e_stw %r3,260(%r7)
  57              		.loc 1 68 0
GAS LISTING C:\Users\marky\AppData\Local\Temp\ccUZFniT.s 			page 2


  58 003e 54C7010C 		e_stw %r6,268(%r7)
  59              		.loc 1 69 0
  60 0042 4836     		se_li %r6,3
  61 0044 54C70108 		e_stw %r6,264(%r7)
  62              		.loc 1 70 0
  63 0048 C501     		se_lwz %r0,20(%r1)
  64 004a 0090     		se_mtlr %r0
  65              		.cfi_restore 65
  66 004c C3F1     		se_lwz %r31,12(%r1)
  67              	.LVL5:
  68 004e 20F1     		se_addi %r1,16
  69              	.LCFI1:
  70              		.cfi_restore 31
  71              		.cfi_def_cfa_offset 0
  72 0050 0004     		se_blr
  73              		.cfi_endproc
  74              	.LFE4:
  75              		.size	sysTimeSetup, .-sysTimeSetup
  76              		.section	.text.sysTimeReset,"axv",@progbits
  77              		.align 1
  78              		.p2align 4,,15
  79              		.globl sysTimeReset
  80              		.type	sysTimeReset, @function
  81              	sysTimeReset:
  82              	.LFB5:
  83              		.loc 1 78 0
  84              		.cfi_startproc
  85              		.loc 1 80 0
  86 0000 70F8E3FF 		e_lis %r7,0xc3ff
  87 0004 50C7010C 		e_lwz %r6,268(%r7)
  88 0008 2206     		se_cmpli %r6,1
  89 000a 7A120006 		e_beq %cr0,.L5
  90 000e 0004     		se_blr
  91              	.L5:
  92              		.loc 1 81 0
  93 0010 54C7010C 		e_stw %r6,268(%r7)
  94 0014 0004     		se_blr
  95              		.cfi_endproc
  96              	.LFE5:
  97              		.size	sysTimeReset, .-sysTimeReset
  98              		.section	".text","axv"
  99              	.Letext0:
 100              		.file 2 "c:\\spc5studio\\eclipse\\plugins\\com.st.tools.spc5.tools.gnu.gcc.ppcvle.win32_4.9.4.2018
 101              		.file 3 "c:\\spc5studio\\eclipse\\plugins\\com.st.tools.spc5.tools.gnu.gcc.ppcvle.win32_4.9.4.2018
 102              		.file 4 "./components/spc560bxx_platform_component_rla/lib/include/typedefs.h"
 103              		.file 5 "./components/spc560bxx_platform_component_rla/lib/include/xpc560b.h"
 104              		.file 6 "./components/spc560bxx_clock_component_rla/lib/include/clock.h"
 105              		.section	.debug_info,"",@progbits
 106              	.Ldebug_info0:
 107 0000 0000036C 		.4byte	0x36c
 108 0004 0002     		.2byte	0x2
 109 0006 00000000 		.4byte	.Ldebug_abbrev0
 110 000a 04       		.byte	0x4
 111 000b 01       		.uleb128 0x1
 112 000c 00000000 		.4byte	.LASF27
 113 0010 01       		.byte	0x1
 114 0011 00000000 		.4byte	.LASF28
GAS LISTING C:\Users\marky\AppData\Local\Temp\ccUZFniT.s 			page 3


 115 0015 00000000 		.4byte	.LASF29
 116 0019 00000000 		.4byte	.Ldebug_ranges0+0
 117 001d 00000000 		.4byte	0
 118 0021 00000000 		.4byte	0
 119 0025 00000000 		.4byte	.Ldebug_line0
 120 0029 02       		.uleb128 0x2
 121 002a 01       		.byte	0x1
 122 002b 06       		.byte	0x6
 123 002c 00000000 		.4byte	.LASF0
 124 0030 03       		.uleb128 0x3
 125 0031 00000000 		.4byte	.LASF3
 126 0035 02       		.byte	0x2
 127 0036 1D       		.byte	0x1d
 128 0037 0000003B 		.4byte	0x3b
 129 003b 02       		.uleb128 0x2
 130 003c 01       		.byte	0x1
 131 003d 08       		.byte	0x8
 132 003e 00000000 		.4byte	.LASF1
 133 0042 02       		.uleb128 0x2
 134 0043 02       		.byte	0x2
 135 0044 05       		.byte	0x5
 136 0045 00000000 		.4byte	.LASF2
 137 0049 03       		.uleb128 0x3
 138 004a 00000000 		.4byte	.LASF4
 139 004e 02       		.byte	0x2
 140 004f 2B       		.byte	0x2b
 141 0050 00000054 		.4byte	0x54
 142 0054 02       		.uleb128 0x2
 143 0055 02       		.byte	0x2
 144 0056 07       		.byte	0x7
 145 0057 00000000 		.4byte	.LASF5
 146 005b 02       		.uleb128 0x2
 147 005c 04       		.byte	0x4
 148 005d 05       		.byte	0x5
 149 005e 00000000 		.4byte	.LASF6
 150 0062 03       		.uleb128 0x3
 151 0063 00000000 		.4byte	.LASF7
 152 0067 02       		.byte	0x2
 153 0068 41       		.byte	0x41
 154 0069 0000006D 		.4byte	0x6d
 155 006d 02       		.uleb128 0x2
 156 006e 04       		.byte	0x4
 157 006f 07       		.byte	0x7
 158 0070 00000000 		.4byte	.LASF8
 159 0074 02       		.uleb128 0x2
 160 0075 08       		.byte	0x8
 161 0076 05       		.byte	0x5
 162 0077 00000000 		.4byte	.LASF9
 163 007b 02       		.uleb128 0x2
 164 007c 08       		.byte	0x8
 165 007d 07       		.byte	0x7
 166 007e 00000000 		.4byte	.LASF10
 167 0082 04       		.uleb128 0x4
 168 0083 04       		.byte	0x4
 169 0084 05       		.byte	0x5
 170 0085 696E7400 		.string	"int"
 171 0089 02       		.uleb128 0x2
GAS LISTING C:\Users\marky\AppData\Local\Temp\ccUZFniT.s 			page 4


 172 008a 04       		.byte	0x4
 173 008b 07       		.byte	0x7
 174 008c 00000000 		.4byte	.LASF11
 175 0090 03       		.uleb128 0x3
 176 0091 00000000 		.4byte	.LASF12
 177 0095 03       		.byte	0x3
 178 0096 15       		.byte	0x15
 179 0097 00000030 		.4byte	0x30
 180 009b 03       		.uleb128 0x3
 181 009c 00000000 		.4byte	.LASF13
 182 00a0 03       		.byte	0x3
 183 00a1 21       		.byte	0x21
 184 00a2 00000049 		.4byte	0x49
 185 00a6 03       		.uleb128 0x3
 186 00a7 00000000 		.4byte	.LASF14
 187 00ab 03       		.byte	0x3
 188 00ac 2D       		.byte	0x2d
 189 00ad 00000062 		.4byte	0x62
 190 00b1 03       		.uleb128 0x3
 191 00b2 00000000 		.4byte	.LASF15
 192 00b6 04       		.byte	0x4
 193 00b7 25       		.byte	0x25
 194 00b8 000000BC 		.4byte	0xbc
 195 00bc 05       		.uleb128 0x5
 196 00bd 000000A6 		.4byte	0xa6
 197 00c1 02       		.uleb128 0x2
 198 00c2 04       		.byte	0x4
 199 00c3 07       		.byte	0x7
 200 00c4 00000000 		.4byte	.LASF16
 201 00c8 06       		.uleb128 0x6
 202 00c9 04       		.byte	0x4
 203 00ca 05       		.byte	0x5
 204 00cb 1561     		.2byte	0x1561
 205 00cd 000000F6 		.4byte	0xf6
 206 00d1 07       		.uleb128 0x7
 207 00d2 00000000 		.4byte	.LASF17
 208 00d6 05       		.byte	0x5
 209 00d7 1563     		.2byte	0x1563
 210 00d9 000000B1 		.4byte	0xb1
 211 00dd 04       		.byte	0x4
 212 00de 01       		.byte	0x1
 213 00df 1E       		.byte	0x1e
 214 00e0 02       		.byte	0x2
 215 00e1 23       		.byte	0x23
 216 00e2 00       		.uleb128 0
 217 00e3 08       		.uleb128 0x8
 218 00e4 46525A00 		.string	"FRZ"
 219 00e8 05       		.byte	0x5
 220 00e9 1564     		.2byte	0x1564
 221 00eb 000000B1 		.4byte	0xb1
 222 00ef 04       		.byte	0x4
 223 00f0 01       		.byte	0x1
 224 00f1 1F       		.byte	0x1f
 225 00f2 02       		.byte	0x2
 226 00f3 23       		.byte	0x23
 227 00f4 00       		.uleb128 0
 228 00f5 00       		.byte	0
GAS LISTING C:\Users\marky\AppData\Local\Temp\ccUZFniT.s 			page 5


 229 00f6 09       		.uleb128 0x9
 230 00f7 04       		.byte	0x4
 231 00f8 05       		.byte	0x5
 232 00f9 155F     		.2byte	0x155f
 233 00fb 00000114 		.4byte	0x114
 234 00ff 0A       		.uleb128 0xa
 235 0100 5200     		.string	"R"
 236 0102 05       		.byte	0x5
 237 0103 1560     		.2byte	0x1560
 238 0105 000000B1 		.4byte	0xb1
 239 0109 0A       		.uleb128 0xa
 240 010a 4200     		.string	"B"
 241 010c 05       		.byte	0x5
 242 010d 1565     		.2byte	0x1565
 243 010f 000000C8 		.4byte	0xc8
 244 0113 00       		.byte	0
 245 0114 06       		.uleb128 0x6
 246 0115 04       		.byte	0x4
 247 0116 05       		.byte	0x5
 248 0117 156D     		.2byte	0x156d
 249 0119 00000130 		.4byte	0x130
 250 011d 08       		.uleb128 0x8
 251 011e 54535600 		.string	"TSV"
 252 0122 05       		.byte	0x5
 253 0123 156E     		.2byte	0x156e
 254 0125 000000B1 		.4byte	0xb1
 255 0129 04       		.byte	0x4
 256 012a 20       		.byte	0x20
 257 012b 00       		.byte	0
 258 012c 02       		.byte	0x2
 259 012d 23       		.byte	0x23
 260 012e 00       		.uleb128 0
 261 012f 00       		.byte	0
 262 0130 09       		.uleb128 0x9
 263 0131 04       		.byte	0x4
 264 0132 05       		.byte	0x5
 265 0133 156B     		.2byte	0x156b
 266 0135 0000014E 		.4byte	0x14e
 267 0139 0A       		.uleb128 0xa
 268 013a 5200     		.string	"R"
 269 013c 05       		.byte	0x5
 270 013d 156C     		.2byte	0x156c
 271 013f 000000B1 		.4byte	0xb1
 272 0143 0A       		.uleb128 0xa
 273 0144 4200     		.string	"B"
 274 0146 05       		.byte	0x5
 275 0147 156F     		.2byte	0x156f
 276 0149 00000114 		.4byte	0x114
 277 014d 00       		.byte	0
 278 014e 06       		.uleb128 0x6
 279 014f 04       		.byte	0x4
 280 0150 05       		.byte	0x5
 281 0151 1574     		.2byte	0x1574
 282 0153 0000016A 		.4byte	0x16a
 283 0157 08       		.uleb128 0x8
 284 0158 54564C00 		.string	"TVL"
 285 015c 05       		.byte	0x5
GAS LISTING C:\Users\marky\AppData\Local\Temp\ccUZFniT.s 			page 6


 286 015d 1575     		.2byte	0x1575
 287 015f 000000B1 		.4byte	0xb1
 288 0163 04       		.byte	0x4
 289 0164 20       		.byte	0x20
 290 0165 00       		.byte	0
 291 0166 02       		.byte	0x2
 292 0167 23       		.byte	0x23
 293 0168 00       		.uleb128 0
 294 0169 00       		.byte	0
 295 016a 09       		.uleb128 0x9
 296 016b 04       		.byte	0x4
 297 016c 05       		.byte	0x5
 298 016d 1572     		.2byte	0x1572
 299 016f 00000188 		.4byte	0x188
 300 0173 0A       		.uleb128 0xa
 301 0174 5200     		.string	"R"
 302 0176 05       		.byte	0x5
 303 0177 1573     		.2byte	0x1573
 304 0179 000000B1 		.4byte	0xb1
 305 017d 0A       		.uleb128 0xa
 306 017e 4200     		.string	"B"
 307 0180 05       		.byte	0x5
 308 0181 1576     		.2byte	0x1576
 309 0183 0000014E 		.4byte	0x14e
 310 0187 00       		.byte	0
 311 0188 06       		.uleb128 0x6
 312 0189 04       		.byte	0x4
 313 018a 05       		.byte	0x5
 314 018b 157B     		.2byte	0x157b
 315 018d 000001B6 		.4byte	0x1b6
 316 0191 08       		.uleb128 0x8
 317 0192 54494500 		.string	"TIE"
 318 0196 05       		.byte	0x5
 319 0197 157D     		.2byte	0x157d
 320 0199 000000B1 		.4byte	0xb1
 321 019d 04       		.byte	0x4
 322 019e 01       		.byte	0x1
 323 019f 1E       		.byte	0x1e
 324 01a0 02       		.byte	0x2
 325 01a1 23       		.byte	0x23
 326 01a2 00       		.uleb128 0
 327 01a3 08       		.uleb128 0x8
 328 01a4 54454E00 		.string	"TEN"
 329 01a8 05       		.byte	0x5
 330 01a9 157E     		.2byte	0x157e
 331 01ab 000000B1 		.4byte	0xb1
 332 01af 04       		.byte	0x4
 333 01b0 01       		.byte	0x1
 334 01b1 1F       		.byte	0x1f
 335 01b2 02       		.byte	0x2
 336 01b3 23       		.byte	0x23
 337 01b4 00       		.uleb128 0
 338 01b5 00       		.byte	0
 339 01b6 09       		.uleb128 0x9
 340 01b7 04       		.byte	0x4
 341 01b8 05       		.byte	0x5
 342 01b9 1579     		.2byte	0x1579
GAS LISTING C:\Users\marky\AppData\Local\Temp\ccUZFniT.s 			page 7


 343 01bb 000001D4 		.4byte	0x1d4
 344 01bf 0A       		.uleb128 0xa
 345 01c0 5200     		.string	"R"
 346 01c2 05       		.byte	0x5
 347 01c3 157A     		.2byte	0x157a
 348 01c5 000000B1 		.4byte	0xb1
 349 01c9 0A       		.uleb128 0xa
 350 01ca 4200     		.string	"B"
 351 01cc 05       		.byte	0x5
 352 01cd 157F     		.2byte	0x157f
 353 01cf 00000188 		.4byte	0x188
 354 01d3 00       		.byte	0
 355 01d4 06       		.uleb128 0x6
 356 01d5 04       		.byte	0x4
 357 01d6 05       		.byte	0x5
 358 01d7 1584     		.2byte	0x1584
 359 01d9 000001F0 		.4byte	0x1f0
 360 01dd 08       		.uleb128 0x8
 361 01de 54494600 		.string	"TIF"
 362 01e2 05       		.byte	0x5
 363 01e3 1586     		.2byte	0x1586
 364 01e5 000000B1 		.4byte	0xb1
 365 01e9 04       		.byte	0x4
 366 01ea 01       		.byte	0x1
 367 01eb 1F       		.byte	0x1f
 368 01ec 02       		.byte	0x2
 369 01ed 23       		.byte	0x23
 370 01ee 00       		.uleb128 0
 371 01ef 00       		.byte	0
 372 01f0 09       		.uleb128 0x9
 373 01f1 04       		.byte	0x4
 374 01f2 05       		.byte	0x5
 375 01f3 1582     		.2byte	0x1582
 376 01f5 0000020E 		.4byte	0x20e
 377 01f9 0A       		.uleb128 0xa
 378 01fa 5200     		.string	"R"
 379 01fc 05       		.byte	0x5
 380 01fd 1583     		.2byte	0x1583
 381 01ff 000000B1 		.4byte	0xb1
 382 0203 0A       		.uleb128 0xa
 383 0204 4200     		.string	"B"
 384 0206 05       		.byte	0x5
 385 0207 1587     		.2byte	0x1587
 386 0209 000001D4 		.4byte	0x1d4
 387 020d 00       		.byte	0
 388 020e 06       		.uleb128 0x6
 389 020f 10       		.byte	0x10
 390 0210 05       		.byte	0x5
 391 0211 156A     		.2byte	0x156a
 392 0213 00000254 		.4byte	0x254
 393 0217 0B       		.uleb128 0xb
 394 0218 00000000 		.4byte	.LASF18
 395 021c 05       		.byte	0x5
 396 021d 1570     		.2byte	0x1570
 397 021f 00000130 		.4byte	0x130
 398 0223 02       		.byte	0x2
 399 0224 23       		.byte	0x23
GAS LISTING C:\Users\marky\AppData\Local\Temp\ccUZFniT.s 			page 8


 400 0225 00       		.uleb128 0
 401 0226 0B       		.uleb128 0xb
 402 0227 00000000 		.4byte	.LASF19
 403 022b 05       		.byte	0x5
 404 022c 1577     		.2byte	0x1577
 405 022e 0000016A 		.4byte	0x16a
 406 0232 02       		.byte	0x2
 407 0233 23       		.byte	0x23
 408 0234 04       		.uleb128 0x4
 409 0235 0B       		.uleb128 0xb
 410 0236 00000000 		.4byte	.LASF20
 411 023a 05       		.byte	0x5
 412 023b 1580     		.2byte	0x1580
 413 023d 000001B6 		.4byte	0x1b6
 414 0241 02       		.byte	0x2
 415 0242 23       		.byte	0x23
 416 0243 08       		.uleb128 0x8
 417 0244 0B       		.uleb128 0xb
 418 0245 00000000 		.4byte	.LASF21
 419 0249 05       		.byte	0x5
 420 024a 1588     		.2byte	0x1588
 421 024c 000001F0 		.4byte	0x1f0
 422 0250 02       		.byte	0x2
 423 0251 23       		.byte	0x23
 424 0252 0C       		.uleb128 0xc
 425 0253 00       		.byte	0
 426 0254 0C       		.uleb128 0xc
 427 0255 00000000 		.4byte	.LASF30
 428 0259 0180     		.2byte	0x180
 429 025b 05       		.byte	0x5
 430 025c 155E     		.2byte	0x155e
 431 025e 00000290 		.4byte	0x290
 432 0262 0B       		.uleb128 0xb
 433 0263 00000000 		.4byte	.LASF22
 434 0267 05       		.byte	0x5
 435 0268 1566     		.2byte	0x1566
 436 026a 000000F6 		.4byte	0xf6
 437 026e 02       		.byte	0x2
 438 026f 23       		.byte	0x23
 439 0270 00       		.uleb128 0
 440 0271 0B       		.uleb128 0xb
 441 0272 00000000 		.4byte	.LASF23
 442 0276 05       		.byte	0x5
 443 0277 1568     		.2byte	0x1568
 444 0279 00000290 		.4byte	0x290
 445 027d 02       		.byte	0x2
 446 027e 23       		.byte	0x23
 447 027f 04       		.uleb128 0x4
 448 0280 0D       		.uleb128 0xd
 449 0281 434800   		.string	"CH"
 450 0284 05       		.byte	0x5
 451 0285 1589     		.2byte	0x1589
 452 0287 000002A0 		.4byte	0x2a0
 453 028b 03       		.byte	0x3
 454 028c 23       		.byte	0x23
 455 028d 8002     		.uleb128 0x100
 456 028f 00       		.byte	0
GAS LISTING C:\Users\marky\AppData\Local\Temp\ccUZFniT.s 			page 9


 457 0290 0E       		.uleb128 0xe
 458 0291 000000A6 		.4byte	0xa6
 459 0295 000002A0 		.4byte	0x2a0
 460 0299 0F       		.uleb128 0xf
 461 029a 000000C1 		.4byte	0xc1
 462 029e 3E       		.byte	0x3e
 463 029f 00       		.byte	0
 464 02a0 0E       		.uleb128 0xe
 465 02a1 0000020E 		.4byte	0x20e
 466 02a5 000002B0 		.4byte	0x2b0
 467 02a9 0F       		.uleb128 0xf
 468 02aa 000000C1 		.4byte	0xc1
 469 02ae 07       		.byte	0x7
 470 02af 00       		.byte	0
 471 02b0 10       		.uleb128 0x10
 472 02b1 04       		.byte	0x4
 473 02b2 06       		.byte	0x6
 474 02b3 039B     		.2byte	0x39b
 475 02b5 000002C0 		.4byte	0x2c0
 476 02b9 11       		.uleb128 0x11
 477 02ba 00000000 		.4byte	.LASF31
 478 02be 00       		.sleb128 0
 479 02bf 00       		.byte	0
 480 02c0 12       		.uleb128 0x12
 481 02c1 00000000 		.4byte	.LASF24
 482 02c5 06       		.byte	0x6
 483 02c6 039D     		.2byte	0x39d
 484 02c8 000002B0 		.4byte	0x2b0
 485 02cc 13       		.uleb128 0x13
 486 02cd 01       		.byte	0x1
 487 02ce 00000000 		.4byte	.LASF32
 488 02d2 01       		.byte	0x1
 489 02d3 37       		.byte	0x37
 490 02d4 01       		.byte	0x1
 491 02d5 00000000 		.4byte	.LFB4
 492 02d9 00000000 		.4byte	.LFE4
 493 02dd 00000000 		.4byte	.LLST0
 494 02e1 01       		.byte	0x1
 495 02e2 0000032B 		.4byte	0x32b
 496 02e6 14       		.uleb128 0x14
 497 02e7 00000000 		.4byte	.LASF33
 498 02eb 01       		.byte	0x1
 499 02ec 37       		.byte	0x37
 500 02ed 000000A6 		.4byte	0xa6
 501 02f1 00000000 		.4byte	.LLST1
 502 02f5 15       		.uleb128 0x15
 503 02f6 72656700 		.string	"reg"
 504 02fa 01       		.byte	0x1
 505 02fb 39       		.byte	0x39
 506 02fc 000000A6 		.4byte	0xa6
 507 0300 01       		.byte	0x1
 508 0301 53       		.byte	0x53
 509 0302 16       		.uleb128 0x16
 510 0303 00000000 		.4byte	.LVL2
 511 0307 00000340 		.4byte	0x340
 512 030b 0000031B 		.4byte	0x31b
 513 030f 17       		.uleb128 0x17
GAS LISTING C:\Users\marky\AppData\Local\Temp\ccUZFniT.s 			page 10


 514 0310 01       		.byte	0x1
 515 0311 54       		.byte	0x54
 516 0312 01       		.byte	0x1
 517 0313 42       		.byte	0x42
 518 0314 17       		.uleb128 0x17
 519 0315 01       		.byte	0x1
 520 0316 53       		.byte	0x53
 521 0317 02       		.byte	0x2
 522 0318 08       		.byte	0x8
 523 0319 5C       		.byte	0x5c
 524 031a 00       		.byte	0
 525 031b 18       		.uleb128 0x18
 526 031c 00000000 		.4byte	.LVL3
 527 0320 0000035A 		.4byte	0x35a
 528 0324 17       		.uleb128 0x17
 529 0325 01       		.byte	0x1
 530 0326 53       		.byte	0x53
 531 0327 01       		.byte	0x1
 532 0328 30       		.byte	0x30
 533 0329 00       		.byte	0
 534 032a 00       		.byte	0
 535 032b 19       		.uleb128 0x19
 536 032c 01       		.byte	0x1
 537 032d 00000000 		.4byte	.LASF34
 538 0331 01       		.byte	0x1
 539 0332 4D       		.byte	0x4d
 540 0333 01       		.byte	0x1
 541 0334 00000000 		.4byte	.LFB5
 542 0338 00000000 		.4byte	.LFE5
 543 033c 02       		.byte	0x2
 544 033d 71       		.byte	0x71
 545 033e 00       		.sleb128 0
 546 033f 01       		.byte	0x1
 547 0340 1A       		.uleb128 0x1a
 548 0341 01       		.byte	0x1
 549 0342 00000000 		.4byte	.LASF25
 550 0346 06       		.byte	0x6
 551 0347 03C7     		.2byte	0x3c7
 552 0349 01       		.byte	0x1
 553 034a 01       		.byte	0x1
 554 034b 0000035A 		.4byte	0x35a
 555 034f 1B       		.uleb128 0x1b
 556 0350 000000A6 		.4byte	0xa6
 557 0354 1B       		.uleb128 0x1b
 558 0355 000000A6 		.4byte	0xa6
 559 0359 00       		.byte	0
 560 035a 1C       		.uleb128 0x1c
 561 035b 01       		.byte	0x1
 562 035c 00000000 		.4byte	.LASF26
 563 0360 06       		.byte	0x6
 564 0361 03CA     		.2byte	0x3ca
 565 0363 01       		.byte	0x1
 566 0364 000000A6 		.4byte	0xa6
 567 0368 01       		.byte	0x1
 568 0369 1B       		.uleb128 0x1b
 569 036a 000002C0 		.4byte	0x2c0
 570 036e 00       		.byte	0
GAS LISTING C:\Users\marky\AppData\Local\Temp\ccUZFniT.s 			page 11


 571 036f 00       		.byte	0
 572              		.section	.debug_abbrev,"",@progbits
 573              	.Ldebug_abbrev0:
 574 0000 01       		.uleb128 0x1
 575 0001 11       		.uleb128 0x11
 576 0002 01       		.byte	0x1
 577 0003 25       		.uleb128 0x25
 578 0004 0E       		.uleb128 0xe
 579 0005 13       		.uleb128 0x13
 580 0006 0B       		.uleb128 0xb
 581 0007 03       		.uleb128 0x3
 582 0008 0E       		.uleb128 0xe
 583 0009 1B       		.uleb128 0x1b
 584 000a 0E       		.uleb128 0xe
 585 000b 55       		.uleb128 0x55
 586 000c 06       		.uleb128 0x6
 587 000d 11       		.uleb128 0x11
 588 000e 01       		.uleb128 0x1
 589 000f 52       		.uleb128 0x52
 590 0010 01       		.uleb128 0x1
 591 0011 10       		.uleb128 0x10
 592 0012 06       		.uleb128 0x6
 593 0013 00       		.byte	0
 594 0014 00       		.byte	0
 595 0015 02       		.uleb128 0x2
 596 0016 24       		.uleb128 0x24
 597 0017 00       		.byte	0
 598 0018 0B       		.uleb128 0xb
 599 0019 0B       		.uleb128 0xb
 600 001a 3E       		.uleb128 0x3e
 601 001b 0B       		.uleb128 0xb
 602 001c 03       		.uleb128 0x3
 603 001d 0E       		.uleb128 0xe
 604 001e 00       		.byte	0
 605 001f 00       		.byte	0
 606 0020 03       		.uleb128 0x3
 607 0021 16       		.uleb128 0x16
 608 0022 00       		.byte	0
 609 0023 03       		.uleb128 0x3
 610 0024 0E       		.uleb128 0xe
 611 0025 3A       		.uleb128 0x3a
 612 0026 0B       		.uleb128 0xb
 613 0027 3B       		.uleb128 0x3b
 614 0028 0B       		.uleb128 0xb
 615 0029 49       		.uleb128 0x49
 616 002a 13       		.uleb128 0x13
 617 002b 00       		.byte	0
 618 002c 00       		.byte	0
 619 002d 04       		.uleb128 0x4
 620 002e 24       		.uleb128 0x24
 621 002f 00       		.byte	0
 622 0030 0B       		.uleb128 0xb
 623 0031 0B       		.uleb128 0xb
 624 0032 3E       		.uleb128 0x3e
 625 0033 0B       		.uleb128 0xb
 626 0034 03       		.uleb128 0x3
 627 0035 08       		.uleb128 0x8
GAS LISTING C:\Users\marky\AppData\Local\Temp\ccUZFniT.s 			page 12


 628 0036 00       		.byte	0
 629 0037 00       		.byte	0
 630 0038 05       		.uleb128 0x5
 631 0039 35       		.uleb128 0x35
 632 003a 00       		.byte	0
 633 003b 49       		.uleb128 0x49
 634 003c 13       		.uleb128 0x13
 635 003d 00       		.byte	0
 636 003e 00       		.byte	0
 637 003f 06       		.uleb128 0x6
 638 0040 13       		.uleb128 0x13
 639 0041 01       		.byte	0x1
 640 0042 0B       		.uleb128 0xb
 641 0043 0B       		.uleb128 0xb
 642 0044 3A       		.uleb128 0x3a
 643 0045 0B       		.uleb128 0xb
 644 0046 3B       		.uleb128 0x3b
 645 0047 05       		.uleb128 0x5
 646 0048 01       		.uleb128 0x1
 647 0049 13       		.uleb128 0x13
 648 004a 00       		.byte	0
 649 004b 00       		.byte	0
 650 004c 07       		.uleb128 0x7
 651 004d 0D       		.uleb128 0xd
 652 004e 00       		.byte	0
 653 004f 03       		.uleb128 0x3
 654 0050 0E       		.uleb128 0xe
 655 0051 3A       		.uleb128 0x3a
 656 0052 0B       		.uleb128 0xb
 657 0053 3B       		.uleb128 0x3b
 658 0054 05       		.uleb128 0x5
 659 0055 49       		.uleb128 0x49
 660 0056 13       		.uleb128 0x13
 661 0057 0B       		.uleb128 0xb
 662 0058 0B       		.uleb128 0xb
 663 0059 0D       		.uleb128 0xd
 664 005a 0B       		.uleb128 0xb
 665 005b 0C       		.uleb128 0xc
 666 005c 0B       		.uleb128 0xb
 667 005d 38       		.uleb128 0x38
 668 005e 0A       		.uleb128 0xa
 669 005f 00       		.byte	0
 670 0060 00       		.byte	0
 671 0061 08       		.uleb128 0x8
 672 0062 0D       		.uleb128 0xd
 673 0063 00       		.byte	0
 674 0064 03       		.uleb128 0x3
 675 0065 08       		.uleb128 0x8
 676 0066 3A       		.uleb128 0x3a
 677 0067 0B       		.uleb128 0xb
 678 0068 3B       		.uleb128 0x3b
 679 0069 05       		.uleb128 0x5
 680 006a 49       		.uleb128 0x49
 681 006b 13       		.uleb128 0x13
 682 006c 0B       		.uleb128 0xb
 683 006d 0B       		.uleb128 0xb
 684 006e 0D       		.uleb128 0xd
GAS LISTING C:\Users\marky\AppData\Local\Temp\ccUZFniT.s 			page 13


 685 006f 0B       		.uleb128 0xb
 686 0070 0C       		.uleb128 0xc
 687 0071 0B       		.uleb128 0xb
 688 0072 38       		.uleb128 0x38
 689 0073 0A       		.uleb128 0xa
 690 0074 00       		.byte	0
 691 0075 00       		.byte	0
 692 0076 09       		.uleb128 0x9
 693 0077 17       		.uleb128 0x17
 694 0078 01       		.byte	0x1
 695 0079 0B       		.uleb128 0xb
 696 007a 0B       		.uleb128 0xb
 697 007b 3A       		.uleb128 0x3a
 698 007c 0B       		.uleb128 0xb
 699 007d 3B       		.uleb128 0x3b
 700 007e 05       		.uleb128 0x5
 701 007f 01       		.uleb128 0x1
 702 0080 13       		.uleb128 0x13
 703 0081 00       		.byte	0
 704 0082 00       		.byte	0
 705 0083 0A       		.uleb128 0xa
 706 0084 0D       		.uleb128 0xd
 707 0085 00       		.byte	0
 708 0086 03       		.uleb128 0x3
 709 0087 08       		.uleb128 0x8
 710 0088 3A       		.uleb128 0x3a
 711 0089 0B       		.uleb128 0xb
 712 008a 3B       		.uleb128 0x3b
 713 008b 05       		.uleb128 0x5
 714 008c 49       		.uleb128 0x49
 715 008d 13       		.uleb128 0x13
 716 008e 00       		.byte	0
 717 008f 00       		.byte	0
 718 0090 0B       		.uleb128 0xb
 719 0091 0D       		.uleb128 0xd
 720 0092 00       		.byte	0
 721 0093 03       		.uleb128 0x3
 722 0094 0E       		.uleb128 0xe
 723 0095 3A       		.uleb128 0x3a
 724 0096 0B       		.uleb128 0xb
 725 0097 3B       		.uleb128 0x3b
 726 0098 05       		.uleb128 0x5
 727 0099 49       		.uleb128 0x49
 728 009a 13       		.uleb128 0x13
 729 009b 38       		.uleb128 0x38
 730 009c 0A       		.uleb128 0xa
 731 009d 00       		.byte	0
 732 009e 00       		.byte	0
 733 009f 0C       		.uleb128 0xc
 734 00a0 13       		.uleb128 0x13
 735 00a1 01       		.byte	0x1
 736 00a2 03       		.uleb128 0x3
 737 00a3 0E       		.uleb128 0xe
 738 00a4 0B       		.uleb128 0xb
 739 00a5 05       		.uleb128 0x5
 740 00a6 3A       		.uleb128 0x3a
 741 00a7 0B       		.uleb128 0xb
GAS LISTING C:\Users\marky\AppData\Local\Temp\ccUZFniT.s 			page 14


 742 00a8 3B       		.uleb128 0x3b
 743 00a9 05       		.uleb128 0x5
 744 00aa 01       		.uleb128 0x1
 745 00ab 13       		.uleb128 0x13
 746 00ac 00       		.byte	0
 747 00ad 00       		.byte	0
 748 00ae 0D       		.uleb128 0xd
 749 00af 0D       		.uleb128 0xd
 750 00b0 00       		.byte	0
 751 00b1 03       		.uleb128 0x3
 752 00b2 08       		.uleb128 0x8
 753 00b3 3A       		.uleb128 0x3a
 754 00b4 0B       		.uleb128 0xb
 755 00b5 3B       		.uleb128 0x3b
 756 00b6 05       		.uleb128 0x5
 757 00b7 49       		.uleb128 0x49
 758 00b8 13       		.uleb128 0x13
 759 00b9 38       		.uleb128 0x38
 760 00ba 0A       		.uleb128 0xa
 761 00bb 00       		.byte	0
 762 00bc 00       		.byte	0
 763 00bd 0E       		.uleb128 0xe
 764 00be 01       		.uleb128 0x1
 765 00bf 01       		.byte	0x1
 766 00c0 49       		.uleb128 0x49
 767 00c1 13       		.uleb128 0x13
 768 00c2 01       		.uleb128 0x1
 769 00c3 13       		.uleb128 0x13
 770 00c4 00       		.byte	0
 771 00c5 00       		.byte	0
 772 00c6 0F       		.uleb128 0xf
 773 00c7 21       		.uleb128 0x21
 774 00c8 00       		.byte	0
 775 00c9 49       		.uleb128 0x49
 776 00ca 13       		.uleb128 0x13
 777 00cb 2F       		.uleb128 0x2f
 778 00cc 0B       		.uleb128 0xb
 779 00cd 00       		.byte	0
 780 00ce 00       		.byte	0
 781 00cf 10       		.uleb128 0x10
 782 00d0 04       		.uleb128 0x4
 783 00d1 01       		.byte	0x1
 784 00d2 0B       		.uleb128 0xb
 785 00d3 0B       		.uleb128 0xb
 786 00d4 3A       		.uleb128 0x3a
 787 00d5 0B       		.uleb128 0xb
 788 00d6 3B       		.uleb128 0x3b
 789 00d7 05       		.uleb128 0x5
 790 00d8 01       		.uleb128 0x1
 791 00d9 13       		.uleb128 0x13
 792 00da 00       		.byte	0
 793 00db 00       		.byte	0
 794 00dc 11       		.uleb128 0x11
 795 00dd 28       		.uleb128 0x28
 796 00de 00       		.byte	0
 797 00df 03       		.uleb128 0x3
 798 00e0 0E       		.uleb128 0xe
GAS LISTING C:\Users\marky\AppData\Local\Temp\ccUZFniT.s 			page 15


 799 00e1 1C       		.uleb128 0x1c
 800 00e2 0D       		.uleb128 0xd
 801 00e3 00       		.byte	0
 802 00e4 00       		.byte	0
 803 00e5 12       		.uleb128 0x12
 804 00e6 16       		.uleb128 0x16
 805 00e7 00       		.byte	0
 806 00e8 03       		.uleb128 0x3
 807 00e9 0E       		.uleb128 0xe
 808 00ea 3A       		.uleb128 0x3a
 809 00eb 0B       		.uleb128 0xb
 810 00ec 3B       		.uleb128 0x3b
 811 00ed 05       		.uleb128 0x5
 812 00ee 49       		.uleb128 0x49
 813 00ef 13       		.uleb128 0x13
 814 00f0 00       		.byte	0
 815 00f1 00       		.byte	0
 816 00f2 13       		.uleb128 0x13
 817 00f3 2E       		.uleb128 0x2e
 818 00f4 01       		.byte	0x1
 819 00f5 3F       		.uleb128 0x3f
 820 00f6 0C       		.uleb128 0xc
 821 00f7 03       		.uleb128 0x3
 822 00f8 0E       		.uleb128 0xe
 823 00f9 3A       		.uleb128 0x3a
 824 00fa 0B       		.uleb128 0xb
 825 00fb 3B       		.uleb128 0x3b
 826 00fc 0B       		.uleb128 0xb
 827 00fd 27       		.uleb128 0x27
 828 00fe 0C       		.uleb128 0xc
 829 00ff 11       		.uleb128 0x11
 830 0100 01       		.uleb128 0x1
 831 0101 12       		.uleb128 0x12
 832 0102 01       		.uleb128 0x1
 833 0103 40       		.uleb128 0x40
 834 0104 06       		.uleb128 0x6
 835 0105 9742     		.uleb128 0x2117
 836 0107 0C       		.uleb128 0xc
 837 0108 01       		.uleb128 0x1
 838 0109 13       		.uleb128 0x13
 839 010a 00       		.byte	0
 840 010b 00       		.byte	0
 841 010c 14       		.uleb128 0x14
 842 010d 05       		.uleb128 0x5
 843 010e 00       		.byte	0
 844 010f 03       		.uleb128 0x3
 845 0110 0E       		.uleb128 0xe
 846 0111 3A       		.uleb128 0x3a
 847 0112 0B       		.uleb128 0xb
 848 0113 3B       		.uleb128 0x3b
 849 0114 0B       		.uleb128 0xb
 850 0115 49       		.uleb128 0x49
 851 0116 13       		.uleb128 0x13
 852 0117 02       		.uleb128 0x2
 853 0118 06       		.uleb128 0x6
 854 0119 00       		.byte	0
 855 011a 00       		.byte	0
GAS LISTING C:\Users\marky\AppData\Local\Temp\ccUZFniT.s 			page 16


 856 011b 15       		.uleb128 0x15
 857 011c 34       		.uleb128 0x34
 858 011d 00       		.byte	0
 859 011e 03       		.uleb128 0x3
 860 011f 08       		.uleb128 0x8
 861 0120 3A       		.uleb128 0x3a
 862 0121 0B       		.uleb128 0xb
 863 0122 3B       		.uleb128 0x3b
 864 0123 0B       		.uleb128 0xb
 865 0124 49       		.uleb128 0x49
 866 0125 13       		.uleb128 0x13
 867 0126 02       		.uleb128 0x2
 868 0127 0A       		.uleb128 0xa
 869 0128 00       		.byte	0
 870 0129 00       		.byte	0
 871 012a 16       		.uleb128 0x16
 872 012b 898201   		.uleb128 0x4109
 873 012e 01       		.byte	0x1
 874 012f 11       		.uleb128 0x11
 875 0130 01       		.uleb128 0x1
 876 0131 31       		.uleb128 0x31
 877 0132 13       		.uleb128 0x13
 878 0133 01       		.uleb128 0x1
 879 0134 13       		.uleb128 0x13
 880 0135 00       		.byte	0
 881 0136 00       		.byte	0
 882 0137 17       		.uleb128 0x17
 883 0138 8A8201   		.uleb128 0x410a
 884 013b 00       		.byte	0
 885 013c 02       		.uleb128 0x2
 886 013d 0A       		.uleb128 0xa
 887 013e 9142     		.uleb128 0x2111
 888 0140 0A       		.uleb128 0xa
 889 0141 00       		.byte	0
 890 0142 00       		.byte	0
 891 0143 18       		.uleb128 0x18
 892 0144 898201   		.uleb128 0x4109
 893 0147 01       		.byte	0x1
 894 0148 11       		.uleb128 0x11
 895 0149 01       		.uleb128 0x1
 896 014a 31       		.uleb128 0x31
 897 014b 13       		.uleb128 0x13
 898 014c 00       		.byte	0
 899 014d 00       		.byte	0
 900 014e 19       		.uleb128 0x19
 901 014f 2E       		.uleb128 0x2e
 902 0150 00       		.byte	0
 903 0151 3F       		.uleb128 0x3f
 904 0152 0C       		.uleb128 0xc
 905 0153 03       		.uleb128 0x3
 906 0154 0E       		.uleb128 0xe
 907 0155 3A       		.uleb128 0x3a
 908 0156 0B       		.uleb128 0xb
 909 0157 3B       		.uleb128 0x3b
 910 0158 0B       		.uleb128 0xb
 911 0159 27       		.uleb128 0x27
 912 015a 0C       		.uleb128 0xc
GAS LISTING C:\Users\marky\AppData\Local\Temp\ccUZFniT.s 			page 17


 913 015b 11       		.uleb128 0x11
 914 015c 01       		.uleb128 0x1
 915 015d 12       		.uleb128 0x12
 916 015e 01       		.uleb128 0x1
 917 015f 40       		.uleb128 0x40
 918 0160 0A       		.uleb128 0xa
 919 0161 9742     		.uleb128 0x2117
 920 0163 0C       		.uleb128 0xc
 921 0164 00       		.byte	0
 922 0165 00       		.byte	0
 923 0166 1A       		.uleb128 0x1a
 924 0167 2E       		.uleb128 0x2e
 925 0168 01       		.byte	0x1
 926 0169 3F       		.uleb128 0x3f
 927 016a 0C       		.uleb128 0xc
 928 016b 03       		.uleb128 0x3
 929 016c 0E       		.uleb128 0xe
 930 016d 3A       		.uleb128 0x3a
 931 016e 0B       		.uleb128 0xb
 932 016f 3B       		.uleb128 0x3b
 933 0170 05       		.uleb128 0x5
 934 0171 27       		.uleb128 0x27
 935 0172 0C       		.uleb128 0xc
 936 0173 3C       		.uleb128 0x3c
 937 0174 0C       		.uleb128 0xc
 938 0175 01       		.uleb128 0x1
 939 0176 13       		.uleb128 0x13
 940 0177 00       		.byte	0
 941 0178 00       		.byte	0
 942 0179 1B       		.uleb128 0x1b
 943 017a 05       		.uleb128 0x5
 944 017b 00       		.byte	0
 945 017c 49       		.uleb128 0x49
 946 017d 13       		.uleb128 0x13
 947 017e 00       		.byte	0
 948 017f 00       		.byte	0
 949 0180 1C       		.uleb128 0x1c
 950 0181 2E       		.uleb128 0x2e
 951 0182 01       		.byte	0x1
 952 0183 3F       		.uleb128 0x3f
 953 0184 0C       		.uleb128 0xc
 954 0185 03       		.uleb128 0x3
 955 0186 0E       		.uleb128 0xe
 956 0187 3A       		.uleb128 0x3a
 957 0188 0B       		.uleb128 0xb
 958 0189 3B       		.uleb128 0x3b
 959 018a 05       		.uleb128 0x5
 960 018b 27       		.uleb128 0x27
 961 018c 0C       		.uleb128 0xc
 962 018d 49       		.uleb128 0x49
 963 018e 13       		.uleb128 0x13
 964 018f 3C       		.uleb128 0x3c
 965 0190 0C       		.uleb128 0xc
 966 0191 00       		.byte	0
 967 0192 00       		.byte	0
 968 0193 00       		.byte	0
 969              		.section	.debug_loc,"",@progbits
GAS LISTING C:\Users\marky\AppData\Local\Temp\ccUZFniT.s 			page 18


 970              	.Ldebug_loc0:
 971              	.LLST0:
 972 0000 00000000 		.4byte	.LFB4
 973 0004 00000000 		.4byte	.LCFI0
 974 0008 0002     		.2byte	0x2
 975 000a 71       		.byte	0x71
 976 000b 00       		.sleb128 0
 977 000c 00000000 		.4byte	.LCFI0
 978 0010 00000000 		.4byte	.LCFI1
 979 0014 0002     		.2byte	0x2
 980 0016 71       		.byte	0x71
 981 0017 10       		.sleb128 16
 982 0018 00000000 		.4byte	.LCFI1
 983 001c 00000000 		.4byte	.LFE4
 984 0020 0002     		.2byte	0x2
 985 0022 71       		.byte	0x71
 986 0023 00       		.sleb128 0
 987 0024 00000000 		.4byte	0
 988 0028 00000000 		.4byte	0
 989              	.LLST1:
 990 002c 00000000 		.4byte	.LVL0
 991 0030 00000000 		.4byte	.LVL1
 992 0034 0001     		.2byte	0x1
 993 0036 53       		.byte	0x53
 994 0037 00000000 		.4byte	.LVL1
 995 003b 00000000 		.4byte	.LVL5
 996 003f 0001     		.2byte	0x1
 997 0041 6F       		.byte	0x6f
 998 0042 00000000 		.4byte	.LVL5
 999 0046 00000000 		.4byte	.LFE4
 1000 004a 0004     		.2byte	0x4
 1001 004c F3       		.byte	0xf3
 1002 004d 01       		.uleb128 0x1
 1003 004e 53       		.byte	0x53
 1004 004f 9F       		.byte	0x9f
 1005 0050 00000000 		.4byte	0
 1006 0054 00000000 		.4byte	0
 1007              		.section	.debug_aranges,"",@progbits
 1008 0000 00000024 		.4byte	0x24
 1009 0004 0002     		.2byte	0x2
 1010 0006 00000000 		.4byte	.Ldebug_info0
 1011 000a 04       		.byte	0x4
 1012 000b 00       		.byte	0
 1013 000c 0000     		.2byte	0
 1014 000e 0000     		.2byte	0
 1015 0010 00000000 		.4byte	.LFB4
 1016 0014 00000052 		.4byte	.LFE4-.LFB4
 1017 0018 00000000 		.4byte	.LFB5
 1018 001c 00000016 		.4byte	.LFE5-.LFB5
 1019 0020 00000000 		.4byte	0
 1020 0024 00000000 		.4byte	0
 1021              		.section	.debug_ranges,"",@progbits
 1022              	.Ldebug_ranges0:
 1023 0000 00000000 		.4byte	.LFB4
 1024 0004 00000000 		.4byte	.LFE4
 1025 0008 00000000 		.4byte	.LFB5
 1026 000c 00000000 		.4byte	.LFE5
GAS LISTING C:\Users\marky\AppData\Local\Temp\ccUZFniT.s 			page 19


 1027 0010 00000000 		.4byte	0
 1028 0014 00000000 		.4byte	0
 1029              		.section	.debug_line,"",@progbits
 1030              	.Ldebug_line0:
 1031 0000 0000024A 		.section	.debug_str,"MS",@progbits,1
 1031      00020000 
 1031      02120201 
 1031      FB0E0D00 
 1031      01010101 
 1032              	.LASF3:
 1033 0000 5F5F7569 		.string	"__uint8_t"
 1033      6E74385F 
 1033      7400
 1034              	.LASF28:
 1035 000a 2E2F636F 		.string	"./components/spc560bxx_osal_component_rla/lib/src/systimer.c"
 1035      6D706F6E 
 1035      656E7473 
 1035      2F737063 
 1035      35363062 
 1036              	.LASF33:
 1037 0047 7469636B 		.string	"ticks_per_sec"
 1037      735F7065 
 1037      725F7365 
 1037      6300
 1038              	.LASF21:
 1039 0055 54464C47 		.string	"TFLG"
 1039      00
 1040              	.LASF30:
 1041 005a 5049545F 		.string	"PIT_tag"
 1041      74616700 
 1042              	.LASF23:
 1043 0062 7069745F 		.string	"pit_reserved1"
 1043      72657365 
 1043      72766564 
 1043      3100
 1044              	.LASF1:
 1045 0070 756E7369 		.string	"unsigned char"
 1045      676E6564 
 1045      20636861 
 1045      7200
 1046              	.LASF8:
 1047 007e 6C6F6E67 		.string	"long unsigned int"
 1047      20756E73 
 1047      69676E65 
 1047      6420696E 
 1047      7400
 1048              	.LASF5:
 1049 0090 73686F72 		.string	"short unsigned int"
 1049      7420756E 
 1049      7369676E 
 1049      65642069 
 1049      6E7400
 1050              	.LASF19:
 1051 00a3 4356414C 		.string	"CVAL"
 1051      00
 1052              	.LASF24:
 1053 00a8 70657269 		.string	"peripheral_t"
GAS LISTING C:\Users\marky\AppData\Local\Temp\ccUZFniT.s 			page 20


 1053      70686572 
 1053      616C5F74 
 1053      00
 1054              	.LASF4:
 1055 00b5 5F5F7569 		.string	"__uint16_t"
 1055      6E743136 
 1055      5F7400
 1056              	.LASF27:
 1057 00c0 474E5520 		.ascii	"GNU C 4.9.4 20160726 (Sat May 27 11:09:55 CDT 2017         b"
 1057      4320342E 
 1057      392E3420 
 1057      32303136 
 1057      30373236 
 1058 00fc 75696C64 		.ascii	"uild.sh rev=gd8b6c"
 1058      2E736820 
 1058      7265763D 
 1058      67643862 
 1058      3663
 1059 010e 32302073 		.string	"20 s=F494 ELe200 -V release_gd8b6c20_build_Fed_ELe200_ML0) -mcall-sysv -mcpu=e200z0 -mvle
 1059      3D463439 
 1059      3420454C 
 1059      65323030 
 1059      202D5620 
 1060              	.LASF7:
 1061 020f 5F5F7569 		.string	"__uint32_t"
 1061      6E743332 
 1061      5F7400
 1062              	.LASF17:
 1063 021a 4D444953 		.string	"MDIS"
 1063      00
 1064              	.LASF18:
 1065 021f 4C445641 		.string	"LDVAL"
 1065      4C00
 1066              	.LASF11:
 1067 0225 756E7369 		.string	"unsigned int"
 1067      676E6564 
 1067      20696E74 
 1067      00
 1068              	.LASF20:
 1069 0232 54435452 		.string	"TCTRL"
 1069      4C00
 1070              	.LASF10:
 1071 0238 6C6F6E67 		.string	"long long unsigned int"
 1071      206C6F6E 
 1071      6720756E 
 1071      7369676E 
 1071      65642069 
 1072              	.LASF12:
 1073 024f 75696E74 		.string	"uint8_t"
 1073      385F7400 
 1074              	.LASF25:
 1075 0257 53504353 		.string	"SPCSetPeripheralClockMode"
 1075      65745065 
 1075      72697068 
 1075      6572616C 
 1075      436C6F63 
 1076              	.LASF16:
GAS LISTING C:\Users\marky\AppData\Local\Temp\ccUZFniT.s 			page 21


 1077 0271 73697A65 		.string	"sizetype"
 1077      74797065 
 1077      00
 1078              	.LASF26:
 1079 027a 53504347 		.string	"SPCGetPeripheralClock"
 1079      65745065 
 1079      72697068 
 1079      6572616C 
 1079      436C6F63 
 1080              	.LASF9:
 1081 0290 6C6F6E67 		.string	"long long int"
 1081      206C6F6E 
 1081      6720696E 
 1081      7400
 1082              	.LASF34:
 1083 029e 73797354 		.string	"sysTimeReset"
 1083      696D6552 
 1083      65736574 
 1083      00
 1084              	.LASF29:
 1085 02ab 433A5C53 		.string	"C:\\SPC5Studio\\workspace\\SPC560Bxx_RLA FreeRTOS SERIAL Test Application for Discovery"
 1085      50433553 
 1085      74756469 
 1085      6F5C776F 
 1085      726B7370 
 1086              	.LASF22:
 1087 0300 5049544D 		.string	"PITMCR"
 1087      435200
 1088              	.LASF15:
 1089 0307 7675696E 		.string	"vuint32_t"
 1089      7433325F 
 1089      7400
 1090              	.LASF2:
 1091 0311 73686F72 		.string	"short int"
 1091      7420696E 
 1091      7400
 1092              	.LASF13:
 1093 031b 75696E74 		.string	"uint16_t"
 1093      31365F74 
 1093      00
 1094              	.LASF32:
 1095 0324 73797354 		.string	"sysTimeSetup"
 1095      696D6553 
 1095      65747570 
 1095      00
 1096              	.LASF14:
 1097 0331 75696E74 		.string	"uint32_t"
 1097      33325F74 
 1097      00
 1098              	.LASF6:
 1099 033a 6C6F6E67 		.string	"long int"
 1099      20696E74 
 1099      00
 1100              	.LASF31:
 1101 0343 53504335 		.string	"SPC5_PERIPHERAL_PIT0"
 1101      5F504552 
 1101      49504845 
GAS LISTING C:\Users\marky\AppData\Local\Temp\ccUZFniT.s 			page 22


 1101      52414C5F 
 1101      50495430 
 1102              	.LASF0:
 1103 0358 7369676E 		.string	"signed char"
 1103      65642063 
 1103      68617200 
 1104              		.ident	"GCC: (GNU) 4.9.4 20160726 (Sat May 27 11:09:55 CDT 2017         build.sh rev=gd8b6c20 s=F4
GAS LISTING C:\Users\marky\AppData\Local\Temp\ccUZFniT.s 			page 23


DEFINED SYMBOLS
                            *ABS*:00000000 systimer.c
C:\Users\marky\AppData\Local\Temp\ccUZFniT.s:10     .text.sysTimeSetup:00000000 sysTimeSetup
C:\Users\marky\AppData\Local\Temp\ccUZFniT.s:81     .text.sysTimeReset:00000000 sysTimeReset

UNDEFINED SYMBOLS
SPCSetPeripheralClockMode
SPCGetPeripheralClock
